{"/Users/changsailong/.openclaw/workspace/projects/chinese-chess/src/frontend-admin/src/App.tsx": {"path":"/Users/changsailong/.openclaw/workspace/projects/chinese-chess/src/frontend-admin/src/App.tsx","statementMap":{"0":{"start":{"line":20,"column":20},"end":{"line":27,"column":null}},"1":{"start":{"line":30,"column":64},"end":{"line":38,"column":null}},"2":{"start":{"line":31,"column":26},"end":{"line":31,"column":null}},"3":{"start":{"line":33,"column":2},"end":{"line":35,"column":null}},"4":{"start":{"line":34,"column":4},"end":{"line":34,"column":null}},"5":{"start":{"line":37,"column":2},"end":{"line":37,"column":null}},"6":{"start":{"line":41,"column":2},"end":{"line":78,"column":null}}},"fnMap":{"0":{"name":"(anonymous_0)","decl":{"start":{"line":30,"column":64},"end":{"line":30,"column":65}},"loc":{"start":{"line":30,"column":82},"end":{"line":38,"column":null}},"line":30},"1":{"name":"App","decl":{"start":{"line":40,"column":9},"end":{"line":40,"column":15}},"loc":{"start":{"line":40,"column":15},"end":{"line":80,"column":null}},"line":40}},"branchMap":{"0":{"loc":{"start":{"line":33,"column":2},"end":{"line":35,"column":null}},"type":"if","locations":[{"start":{"line":33,"column":2},"end":{"line":35,"column":null}},{"start":{},"end":{}}],"line":33}},"s":{"0":0,"1":0,"2":0,"3":0,"4":0,"5":0,"6":0},"f":{"0":0,"1":0},"b":{"0":[0,0]},"meta":{"lastBranch":1,"lastFunction":2,"lastStatement":7,"seen":{"s:20:20:27:Infinity":0,"s:30:64:38:Infinity":1,"f:30:64:30:65":0,"s:31:26:31:Infinity":2,"b:33:2:35:Infinity:undefined:undefined:undefined:undefined":0,"s:33:2:35:Infinity":3,"s:34:4:34:Infinity":4,"s:37:2:37:Infinity":5,"f:40:9:40:15":1,"s:41:2:78:Infinity":6}}}
,"/Users/changsailong/.openclaw/workspace/projects/chinese-chess/src/frontend-admin/src/api/ai.ts": {"path":"/Users/changsailong/.openclaw/workspace/projects/chinese-chess/src/frontend-admin/src/api/ai.ts","statementMap":{"0":{"start":{"line":4,"column":17},"end":{"line":4,"column":null}},"1":{"start":{"line":14,"column":21},"end":{"line":57,"column":null}},"2":{"start":{"line":20,"column":21},"end":{"line":20,"column":null}},"3":{"start":{"line":21,"column":4},"end":{"line":21,"column":null}},"4":{"start":{"line":26,"column":21},"end":{"line":26,"column":null}},"5":{"start":{"line":27,"column":4},"end":{"line":27,"column":null}},"6":{"start":{"line":32,"column":21},"end":{"line":32,"column":null}},"7":{"start":{"line":33,"column":4},"end":{"line":33,"column":null}},"8":{"start":{"line":38,"column":21},"end":{"line":38,"column":null}},"9":{"start":{"line":39,"column":4},"end":{"line":39,"column":null}},"10":{"start":{"line":44,"column":21},"end":{"line":44,"column":null}},"11":{"start":{"line":45,"column":4},"end":{"line":45,"column":null}},"12":{"start":{"line":54,"column":21},"end":{"line":54,"column":null}},"13":{"start":{"line":55,"column":4},"end":{"line":55,"column":null}}},"fnMap":{"0":{"name":"(anonymous_0)","decl":{"start":{"line":16,"column":18},"end":{"line":16,"column":25}},"loc":{"start":{"line":19,"column":8},"end":{"line":22,"column":null}},"line":19},"1":{"name":"(anonymous_1)","decl":{"start":{"line":25,"column":13},"end":{"line":25,"column":44}},"loc":{"start":{"line":25,"column":44},"end":{"line":28,"column":null}},"line":25},"2":{"name":"(anonymous_2)","decl":{"start":{"line":31,"column":16},"end":{"line":31,"column":23}},"loc":{"start":{"line":31,"column":70},"end":{"line":34,"column":null}},"line":31},"3":{"name":"(anonymous_3)","decl":{"start":{"line":37,"column":19},"end":{"line":37,"column":57}},"loc":{"start":{"line":37,"column":57},"end":{"line":40,"column":null}},"line":37},"4":{"name":"(anonymous_4)","decl":{"start":{"line":43,"column":22},"end":{"line":43,"column":29}},"loc":{"start":{"line":43,"column":92},"end":{"line":46,"column":null}},"line":43},"5":{"name":"(anonymous_5)","decl":{"start":{"line":49,"column":17},"end":{"line":49,"column":null}},"loc":{"start":{"line":53,"column":8},"end":{"line":56,"column":null}},"line":53}},"branchMap":{},"s":{"0":1,"1":1,"2":1,"3":1,"4":1,"5":1,"6":1,"7":1,"8":1,"9":1,"10":1,"11":1,"12":1,"13":1},"f":{"0":1,"1":1,"2":1,"3":1,"4":1,"5":1},"b":{},"meta":{"lastBranch":0,"lastFunction":6,"lastStatement":14,"seen":{"s:4:17:4:Infinity":0,"s:14:21:57:Infinity":1,"f:16:18:16:25":0,"s:20:21:20:Infinity":2,"s:21:4:21:Infinity":3,"f:25:13:25:44":1,"s:26:21:26:Infinity":4,"s:27:4:27:Infinity":5,"f:31:16:31:23":2,"s:32:21:32:Infinity":6,"s:33:4:33:Infinity":7,"f:37:19:37:57":3,"s:38:21:38:Infinity":8,"s:39:4:39:Infinity":9,"f:43:22:43:29":4,"s:44:21:44:Infinity":10,"s:45:4:45:Infinity":11,"f:49:17:49:Infinity":5,"s:54:21:54:Infinity":12,"s:55:4:55:Infinity":13}}}
,"/Users/changsailong/.openclaw/workspace/projects/chinese-chess/src/frontend-admin/src/api/auth.ts": {"path":"/Users/changsailong/.openclaw/workspace/projects/chinese-chess/src/frontend-admin/src/api/auth.ts","statementMap":{"0":{"start":{"line":4,"column":17},"end":{"line":4,"column":null}},"1":{"start":{"line":6,"column":23},"end":{"line":28,"column":null}},"2":{"start":{"line":9,"column":21},"end":{"line":9,"column":null}},"3":{"start":{"line":10,"column":4},"end":{"line":10,"column":null}},"4":{"start":{"line":15,"column":4},"end":{"line":15,"column":null}},"5":{"start":{"line":25,"column":21},"end":{"line":25,"column":null}},"6":{"start":{"line":26,"column":4},"end":{"line":26,"column":null}}},"fnMap":{"0":{"name":"(anonymous_0)","decl":{"start":{"line":8,"column":9},"end":{"line":8,"column":16}},"loc":{"start":{"line":8,"column":70},"end":{"line":11,"column":null}},"line":8},"1":{"name":"(anonymous_1)","decl":{"start":{"line":14,"column":10},"end":{"line":14,"column":37}},"loc":{"start":{"line":14,"column":37},"end":{"line":16,"column":null}},"line":14},"2":{"name":"(anonymous_2)","decl":{"start":{"line":19,"column":18},"end":{"line":19,"column":null}},"loc":{"start":{"line":24,"column":8},"end":{"line":27,"column":null}},"line":24}},"branchMap":{},"s":{"0":3,"1":3,"2":1,"3":1,"4":1,"5":1,"6":1},"f":{"0":1,"1":1,"2":1},"b":{},"meta":{"lastBranch":0,"lastFunction":3,"lastStatement":7,"seen":{"s:4:17:4:Infinity":0,"s:6:23:28:Infinity":1,"f:8:9:8:16":0,"s:9:21:9:Infinity":2,"s:10:4:10:Infinity":3,"f:14:10:14:37":1,"s:15:4:15:Infinity":4,"f:19:18:19:Infinity":2,"s:25:21:25:Infinity":5,"s:26:4:26:Infinity":6}}}
,"/Users/changsailong/.openclaw/workspace/projects/chinese-chess/src/frontend-admin/src/api/games.ts": {"path":"/Users/changsailong/.openclaw/workspace/projects/chinese-chess/src/frontend-admin/src/api/games.ts","statementMap":{"0":{"start":{"line":12,"column":17},"end":{"line":12,"column":null}},"1":{"start":{"line":13,"column":28},"end":{"line":13,"column":null}},"2":{"start":{"line":15,"column":24},"end":{"line":106,"column":null}},"3":{"start":{"line":20,"column":21},"end":{"line":20,"column":null}},"4":{"start":{"line":21,"column":4},"end":{"line":21,"column":null}},"5":{"start":{"line":26,"column":21},"end":{"line":26,"column":null}},"6":{"start":{"line":27,"column":4},"end":{"line":27,"column":null}},"7":{"start":{"line":37,"column":21},"end":{"line":37,"column":null}},"8":{"start":{"line":38,"column":4},"end":{"line":38,"column":null}},"9":{"start":{"line":43,"column":4},"end":{"line":43,"column":null}},"10":{"start":{"line":48,"column":21},"end":{"line":48,"column":null}},"11":{"start":{"line":49,"column":4},"end":{"line":49,"column":null}},"12":{"start":{"line":56,"column":21},"end":{"line":56,"column":null}},"13":{"start":{"line":57,"column":4},"end":{"line":57,"column":null}},"14":{"start":{"line":62,"column":21},"end":{"line":62,"column":null}},"15":{"start":{"line":63,"column":4},"end":{"line":63,"column":null}},"16":{"start":{"line":68,"column":4},"end":{"line":68,"column":null}},"17":{"start":{"line":73,"column":21},"end":{"line":75,"column":null}},"18":{"start":{"line":76,"column":4},"end":{"line":76,"column":null}},"19":{"start":{"line":81,"column":4},"end":{"line":81,"column":null}},"20":{"start":{"line":91,"column":21},"end":{"line":94,"column":null}},"21":{"start":{"line":95,"column":4},"end":{"line":95,"column":null}},"22":{"start":{"line":100,"column":21},"end":{"line":103,"column":null}},"23":{"start":{"line":104,"column":4},"end":{"line":104,"column":null}}},"fnMap":{"0":{"name":"(anonymous_0)","decl":{"start":{"line":19,"column":11},"end":{"line":19,"column":18}},"loc":{"start":{"line":19,"column":72},"end":{"line":22,"column":null}},"line":19},"1":{"name":"(anonymous_1)","decl":{"start":{"line":25,"column":13},"end":{"line":25,"column":20}},"loc":{"start":{"line":25,"column":50},"end":{"line":28,"column":null}},"line":25},"2":{"name":"(anonymous_2)","decl":{"start":{"line":31,"column":17},"end":{"line":31,"column":24}},"loc":{"start":{"line":36,"column":8},"end":{"line":39,"column":null}},"line":36},"3":{"name":"(anonymous_3)","decl":{"start":{"line":42,"column":13},"end":{"line":42,"column":20}},"loc":{"start":{"line":42,"column":50},"end":{"line":44,"column":null}},"line":42},"4":{"name":"(anonymous_4)","decl":{"start":{"line":47,"column":23},"end":{"line":47,"column":63}},"loc":{"start":{"line":47,"column":63},"end":{"line":50,"column":null}},"line":47},"5":{"name":"(anonymous_5)","decl":{"start":{"line":55,"column":21},"end":{"line":55,"column":28}},"loc":{"start":{"line":55,"column":82},"end":{"line":58,"column":null}},"line":55},"6":{"name":"(anonymous_6)","decl":{"start":{"line":61,"column":23},"end":{"line":61,"column":30}},"loc":{"start":{"line":61,"column":60},"end":{"line":64,"column":null}},"line":61},"7":{"name":"(anonymous_7)","decl":{"start":{"line":67,"column":18},"end":{"line":67,"column":25}},"loc":{"start":{"line":67,"column":71},"end":{"line":69,"column":null}},"line":67},"8":{"name":"(anonymous_8)","decl":{"start":{"line":72,"column":16},"end":{"line":72,"column":77}},"loc":{"start":{"line":72,"column":77},"end":{"line":77,"column":null}},"line":72},"9":{"name":"(anonymous_9)","decl":{"start":{"line":80,"column":18},"end":{"line":80,"column":25}},"loc":{"start":{"line":80,"column":71},"end":{"line":82,"column":null}},"line":80},"10":{"name":"(anonymous_10)","decl":{"start":{"line":85,"column":15},"end":{"line":85,"column":22}},"loc":{"start":{"line":90,"column":8},"end":{"line":96,"column":null}},"line":90},"11":{"name":"(anonymous_11)","decl":{"start":{"line":99,"column":18},"end":{"line":99,"column":25}},"loc":{"start":{"line":99,"column":59},"end":{"line":105,"column":null}},"line":99}},"branchMap":{},"s":{"0":1,"1":1,"2":1,"3":1,"4":1,"5":1,"6":1,"7":1,"8":1,"9":1,"10":1,"11":1,"12":1,"13":1,"14":1,"15":1,"16":1,"17":1,"18":1,"19":1,"20":1,"21":1,"22":1,"23":1},"f":{"0":1,"1":1,"2":1,"3":1,"4":1,"5":1,"6":1,"7":1,"8":1,"9":1,"10":1,"11":1},"b":{},"meta":{"lastBranch":0,"lastFunction":12,"lastStatement":24,"seen":{"s:12:17:12:Infinity":0,"s:13:28:13:Infinity":1,"s:15:24:106:Infinity":2,"f:19:11:19:18":0,"s:20:21:20:Infinity":3,"s:21:4:21:Infinity":4,"f:25:13:25:20":1,"s:26:21:26:Infinity":5,"s:27:4:27:Infinity":6,"f:31:17:31:24":2,"s:37:21:37:Infinity":7,"s:38:4:38:Infinity":8,"f:42:13:42:20":3,"s:43:4:43:Infinity":9,"f:47:23:47:63":4,"s:48:21:48:Infinity":10,"s:49:4:49:Infinity":11,"f:55:21:55:28":5,"s:56:21:56:Infinity":12,"s:57:4:57:Infinity":13,"f:61:23:61:30":6,"s:62:21:62:Infinity":14,"s:63:4:63:Infinity":15,"f:67:18:67:25":7,"s:68:4:68:Infinity":16,"f:72:16:72:77":8,"s:73:21:75:Infinity":17,"s:76:4:76:Infinity":18,"f:80:18:80:25":9,"s:81:4:81:Infinity":19,"f:85:15:85:22":10,"s:91:21:94:Infinity":20,"s:95:4:95:Infinity":21,"f:99:18:99:25":11,"s:100:21:103:Infinity":22,"s:104:4:104:Infinity":23}}}
,"/Users/changsailong/.openclaw/workspace/projects/chinese-chess/src/frontend-admin/src/api/index.ts": {"path":"/Users/changsailong/.openclaw/workspace/projects/chinese-chess/src/frontend-admin/src/api/index.ts","statementMap":{"0":{"start":{"line":6,"column":21},"end":{"line":6,"column":null}},"1":{"start":{"line":9,"column":33},"end":{"line":15,"column":null}},"2":{"start":{"line":18,"column":0},"end":{"line":29,"column":null}},"3":{"start":{"line":20,"column":18},"end":{"line":20,"column":null}},"4":{"start":{"line":21,"column":4},"end":{"line":23,"column":null}},"5":{"start":{"line":22,"column":6},"end":{"line":22,"column":null}},"6":{"start":{"line":24,"column":4},"end":{"line":24,"column":null}},"7":{"start":{"line":27,"column":4},"end":{"line":27,"column":null}},"8":{"start":{"line":32,"column":0},"end":{"line":59,"column":null}},"9":{"start":{"line":34,"column":4},"end":{"line":34,"column":null}},"10":{"start":{"line":37,"column":4},"end":{"line":55,"column":null}},"11":{"start":{"line":38,"column":25},"end":{"line":38,"column":null}},"12":{"start":{"line":41,"column":6},"end":{"line":44,"column":null}},"13":{"start":{"line":42,"column":8},"end":{"line":42,"column":null}},"14":{"start":{"line":43,"column":8},"end":{"line":43,"column":null}},"15":{"start":{"line":47,"column":6},"end":{"line":49,"column":null}},"16":{"start":{"line":48,"column":8},"end":{"line":48,"column":null}},"17":{"start":{"line":52,"column":6},"end":{"line":54,"column":null}},"18":{"start":{"line":53,"column":8},"end":{"line":53,"column":null}},"19":{"start":{"line":57,"column":4},"end":{"line":57,"column":null}},"20":{"start":{"line":64,"column":19},"end":{"line":76,"column":null}},"21":{"start":{"line":66,"column":4},"end":{"line":66,"column":null}},"22":{"start":{"line":66,"column":59},"end":{"line":66,"column":67}},"23":{"start":{"line":69,"column":4},"end":{"line":69,"column":null}},"24":{"start":{"line":69,"column":66},"end":{"line":69,"column":74}},"25":{"start":{"line":72,"column":4},"end":{"line":72,"column":null}},"26":{"start":{"line":72,"column":65},"end":{"line":72,"column":73}},"27":{"start":{"line":75,"column":4},"end":{"line":75,"column":null}},"28":{"start":{"line":75,"column":62},"end":{"line":75,"column":70}}},"fnMap":{"0":{"name":"(anonymous_0)","decl":{"start":{"line":19,"column":2},"end":{"line":19,"column":3}},"loc":{"start":{"line":19,"column":42},"end":{"line":25,"column":null}},"line":19},"1":{"name":"(anonymous_1)","decl":{"start":{"line":26,"column":2},"end":{"line":26,"column":3}},"loc":{"start":{"line":26,"column":25},"end":{"line":28,"column":null}},"line":26},"2":{"name":"(anonymous_2)","decl":{"start":{"line":33,"column":2},"end":{"line":33,"column":3}},"loc":{"start":{"line":33,"column":16},"end":{"line":35,"column":null}},"line":33},"3":{"name":"(anonymous_3)","decl":{"start":{"line":36,"column":2},"end":{"line":36,"column":3}},"loc":{"start":{"line":36,"column":47},"end":{"line":58,"column":null}},"line":36},"4":{"name":"(anonymous_4)","decl":{"start":{"line":65,"column":7},"end":{"line":65,"column":11}},"loc":{"start":{"line":66,"column":4},"end":{"line":66,"column":null}},"line":66},"5":{"name":"(anonymous_5)","decl":{"start":{"line":66,"column":52},"end":{"line":66,"column":59}},"loc":{"start":{"line":66,"column":59},"end":{"line":66,"column":67}},"line":66},"6":{"name":"(anonymous_6)","decl":{"start":{"line":68,"column":8},"end":{"line":68,"column":12}},"loc":{"start":{"line":69,"column":4},"end":{"line":69,"column":null}},"line":69},"7":{"name":"(anonymous_7)","decl":{"start":{"line":69,"column":59},"end":{"line":69,"column":66}},"loc":{"start":{"line":69,"column":66},"end":{"line":69,"column":74}},"line":69},"8":{"name":"(anonymous_8)","decl":{"start":{"line":71,"column":7},"end":{"line":71,"column":11}},"loc":{"start":{"line":72,"column":4},"end":{"line":72,"column":null}},"line":72},"9":{"name":"(anonymous_9)","decl":{"start":{"line":72,"column":58},"end":{"line":72,"column":65}},"loc":{"start":{"line":72,"column":65},"end":{"line":72,"column":73}},"line":72},"10":{"name":"(anonymous_10)","decl":{"start":{"line":74,"column":10},"end":{"line":74,"column":14}},"loc":{"start":{"line":75,"column":4},"end":{"line":75,"column":null}},"line":75},"11":{"name":"(anonymous_11)","decl":{"start":{"line":75,"column":55},"end":{"line":75,"column":62}},"loc":{"start":{"line":75,"column":62},"end":{"line":75,"column":70}},"line":75}},"branchMap":{"0":{"loc":{"start":{"line":21,"column":4},"end":{"line":23,"column":null}},"type":"if","locations":[{"start":{"line":21,"column":4},"end":{"line":23,"column":null}},{"start":{},"end":{}}],"line":21},"1":{"loc":{"start":{"line":21,"column":8},"end":{"line":21,"column":33}},"type":"binary-expr","locations":[{"start":{"line":21,"column":8},"end":{"line":21,"column":17}},{"start":{"line":21,"column":17},"end":{"line":21,"column":33}}],"line":21},"2":{"loc":{"start":{"line":37,"column":4},"end":{"line":55,"column":null}},"type":"if","locations":[{"start":{"line":37,"column":4},"end":{"line":55,"column":null}},{"start":{},"end":{}}],"line":37},"3":{"loc":{"start":{"line":41,"column":6},"end":{"line":44,"column":null}},"type":"if","locations":[{"start":{"line":41,"column":6},"end":{"line":44,"column":null}},{"start":{},"end":{}}],"line":41},"4":{"loc":{"start":{"line":47,"column":6},"end":{"line":49,"column":null}},"type":"if","locations":[{"start":{"line":47,"column":6},"end":{"line":49,"column":null}},{"start":{},"end":{}}],"line":47},"5":{"loc":{"start":{"line":52,"column":6},"end":{"line":54,"column":null}},"type":"if","locations":[{"start":{"line":52,"column":6},"end":{"line":54,"column":null}},{"start":{},"end":{}}],"line":52}},"s":{"0":2,"1":2,"2":2,"3":0,"4":0,"5":0,"6":0,"7":0,"8":2,"9":0,"10":0,"11":0,"12":0,"13":0,"14":0,"15":0,"16":0,"17":0,"18":0,"19":0,"20":2,"21":0,"22":0,"23":0,"24":0,"25":0,"26":0,"27":0,"28":0},"f":{"0":0,"1":0,"2":0,"3":0,"4":0,"5":0,"6":0,"7":0,"8":0,"9":0,"10":0,"11":0},"b":{"0":[0,0],"1":[0,0],"2":[0,0],"3":[0,0],"4":[0,0],"5":[0,0]},"meta":{"lastBranch":6,"lastFunction":12,"lastStatement":29,"seen":{"s:6:21:6:Infinity":0,"s:9:33:15:Infinity":1,"s:18:0:29:Infinity":2,"f:19:2:19:3":0,"s:20:18:20:Infinity":3,"b:21:4:23:Infinity:undefined:undefined:undefined:undefined":0,"s:21:4:23:Infinity":4,"b:21:8:21:17:21:17:21:33":1,"s:22:6:22:Infinity":5,"s:24:4:24:Infinity":6,"f:26:2:26:3":1,"s:27:4:27:Infinity":7,"s:32:0:59:Infinity":8,"f:33:2:33:3":2,"s:34:4:34:Infinity":9,"f:36:2:36:3":3,"b:37:4:55:Infinity:undefined:undefined:undefined:undefined":2,"s:37:4:55:Infinity":10,"s:38:25:38:Infinity":11,"b:41:6:44:Infinity:undefined:undefined:undefined:undefined":3,"s:41:6:44:Infinity":12,"s:42:8:42:Infinity":13,"s:43:8:43:Infinity":14,"b:47:6:49:Infinity:undefined:undefined:undefined:undefined":4,"s:47:6:49:Infinity":15,"s:48:8:48:Infinity":16,"b:52:6:54:Infinity:undefined:undefined:undefined:undefined":5,"s:52:6:54:Infinity":17,"s:53:8:53:Infinity":18,"s:57:4:57:Infinity":19,"s:64:19:76:Infinity":20,"f:65:7:65:11":4,"s:66:4:66:Infinity":21,"f:66:52:66:59":5,"s:66:59:66:67":22,"f:68:8:68:12":6,"s:69:4:69:Infinity":23,"f:69:59:69:66":7,"s:69:66:69:74":24,"f:71:7:71:11":8,"s:72:4:72:Infinity":25,"f:72:58:72:65":9,"s:72:65:72:73":26,"f:74:10:74:14":10,"s:75:4:75:Infinity":27,"f:75:55:75:62":11,"s:75:62:75:70":28}}}
,"/Users/changsailong/.openclaw/workspace/projects/chinese-chess/src/frontend-admin/src/api/matchmaking.ts": {"path":"/Users/changsailong/.openclaw/workspace/projects/chinese-chess/src/frontend-admin/src/api/matchmaking.ts","statementMap":{"0":{"start":{"line":4,"column":17},"end":{"line":4,"column":null}},"1":{"start":{"line":6,"column":30},"end":{"line":45,"column":null}},"2":{"start":{"line":12,"column":21},"end":{"line":12,"column":null}},"3":{"start":{"line":13,"column":4},"end":{"line":13,"column":null}},"4":{"start":{"line":21,"column":21},"end":{"line":21,"column":null}},"5":{"start":{"line":22,"column":4},"end":{"line":22,"column":null}},"6":{"start":{"line":32,"column":21},"end":{"line":32,"column":null}},"7":{"start":{"line":33,"column":4},"end":{"line":33,"column":null}},"8":{"start":{"line":38,"column":4},"end":{"line":38,"column":null}},"9":{"start":{"line":43,"column":4},"end":{"line":43,"column":null}}},"fnMap":{"0":{"name":"(anonymous_0)","decl":{"start":{"line":8,"column":11},"end":{"line":8,"column":18}},"loc":{"start":{"line":11,"column":8},"end":{"line":14,"column":null}},"line":11},"1":{"name":"(anonymous_1)","decl":{"start":{"line":17,"column":14},"end":{"line":17,"column":21}},"loc":{"start":{"line":20,"column":8},"end":{"line":23,"column":null}},"line":20},"2":{"name":"(anonymous_2)","decl":{"start":{"line":26,"column":17},"end":{"line":26,"column":null}},"loc":{"start":{"line":31,"column":8},"end":{"line":34,"column":null}},"line":31},"3":{"name":"(anonymous_3)","decl":{"start":{"line":37,"column":15},"end":{"line":37,"column":22}},"loc":{"start":{"line":37,"column":61},"end":{"line":39,"column":null}},"line":37},"4":{"name":"(anonymous_4)","decl":{"start":{"line":42,"column":15},"end":{"line":42,"column":22}},"loc":{"start":{"line":42,"column":52},"end":{"line":44,"column":null}},"line":42}},"branchMap":{},"s":{"0":1,"1":1,"2":1,"3":1,"4":1,"5":1,"6":1,"7":1,"8":1,"9":1},"f":{"0":1,"1":1,"2":1,"3":1,"4":1},"b":{},"meta":{"lastBranch":0,"lastFunction":5,"lastStatement":10,"seen":{"s:4:17:4:Infinity":0,"s:6:30:45:Infinity":1,"f:8:11:8:18":0,"s:12:21:12:Infinity":2,"s:13:4:13:Infinity":3,"f:17:14:17:21":1,"s:21:21:21:Infinity":4,"s:22:4:22:Infinity":5,"f:26:17:26:Infinity":2,"s:32:21:32:Infinity":6,"s:33:4:33:Infinity":7,"f:37:15:37:22":3,"s:38:4:38:Infinity":8,"f:42:15:42:22":4,"s:43:4:43:Infinity":9}}}
,"/Users/changsailong/.openclaw/workspace/projects/chinese-chess/src/frontend-admin/src/api/statistics.ts": {"path":"/Users/changsailong/.openclaw/workspace/projects/chinese-chess/src/frontend-admin/src/api/statistics.ts","statementMap":{"0":{"start":{"line":4,"column":17},"end":{"line":4,"column":null}},"1":{"start":{"line":6,"column":29},"end":{"line":53,"column":null}},"2":{"start":{"line":17,"column":21},"end":{"line":17,"column":null}},"3":{"start":{"line":18,"column":4},"end":{"line":18,"column":null}},"4":{"start":{"line":26,"column":21},"end":{"line":26,"column":null}},"5":{"start":{"line":27,"column":4},"end":{"line":27,"column":null}},"6":{"start":{"line":36,"column":21},"end":{"line":36,"column":null}},"7":{"start":{"line":37,"column":4},"end":{"line":37,"column":null}},"8":{"start":{"line":50,"column":21},"end":{"line":50,"column":null}},"9":{"start":{"line":51,"column":4},"end":{"line":51,"column":null}}},"fnMap":{"0":{"name":"(anonymous_0)","decl":{"start":{"line":8,"column":17},"end":{"line":8,"column":24}},"loc":{"start":{"line":16,"column":8},"end":{"line":19,"column":null}},"line":16},"1":{"name":"(anonymous_1)","decl":{"start":{"line":22,"column":17},"end":{"line":22,"column":24}},"loc":{"start":{"line":25,"column":8},"end":{"line":28,"column":null}},"line":25},"2":{"name":"(anonymous_2)","decl":{"start":{"line":31,"column":20},"end":{"line":31,"column":27}},"loc":{"start":{"line":35,"column":8},"end":{"line":38,"column":null}},"line":35},"3":{"name":"(anonymous_3)","decl":{"start":{"line":41,"column":16},"end":{"line":41,"column":null}},"loc":{"start":{"line":49,"column":8},"end":{"line":52,"column":null}},"line":49}},"branchMap":{},"s":{"0":1,"1":1,"2":1,"3":1,"4":1,"5":1,"6":1,"7":1,"8":1,"9":1},"f":{"0":1,"1":1,"2":1,"3":1},"b":{},"meta":{"lastBranch":0,"lastFunction":4,"lastStatement":10,"seen":{"s:4:17:4:Infinity":0,"s:6:29:53:Infinity":1,"f:8:17:8:24":0,"s:17:21:17:Infinity":2,"s:18:4:18:Infinity":3,"f:22:17:22:24":1,"s:26:21:26:Infinity":4,"s:27:4:27:Infinity":5,"f:31:20:31:27":2,"s:36:21:36:Infinity":6,"s:37:4:37:Infinity":7,"f:41:16:41:Infinity":3,"s:50:21:50:Infinity":8,"s:51:4:51:Infinity":9}}}
,"/Users/changsailong/.openclaw/workspace/projects/chinese-chess/src/frontend-admin/src/api/users.ts": {"path":"/Users/changsailong/.openclaw/workspace/projects/chinese-chess/src/frontend-admin/src/api/users.ts","statementMap":{"0":{"start":{"line":4,"column":17},"end":{"line":4,"column":null}},"1":{"start":{"line":6,"column":24},"end":{"line":35,"column":null}},"2":{"start":{"line":9,"column":21},"end":{"line":9,"column":null}},"3":{"start":{"line":10,"column":4},"end":{"line":10,"column":null}},"4":{"start":{"line":15,"column":21},"end":{"line":15,"column":null}},"5":{"start":{"line":16,"column":4},"end":{"line":16,"column":null}},"6":{"start":{"line":21,"column":21},"end":{"line":21,"column":null}},"7":{"start":{"line":22,"column":4},"end":{"line":22,"column":null}},"8":{"start":{"line":27,"column":21},"end":{"line":27,"column":null}},"9":{"start":{"line":28,"column":4},"end":{"line":28,"column":null}},"10":{"start":{"line":33,"column":4},"end":{"line":33,"column":null}}},"fnMap":{"0":{"name":"(anonymous_0)","decl":{"start":{"line":8,"column":11},"end":{"line":8,"column":18}},"loc":{"start":{"line":8,"column":72},"end":{"line":11,"column":null}},"line":8},"1":{"name":"(anonymous_1)","decl":{"start":{"line":14,"column":13},"end":{"line":14,"column":20}},"loc":{"start":{"line":14,"column":50},"end":{"line":17,"column":null}},"line":14},"2":{"name":"(anonymous_2)","decl":{"start":{"line":20,"column":16},"end":{"line":20,"column":23}},"loc":{"start":{"line":20,"column":95},"end":{"line":23,"column":null}},"line":20},"3":{"name":"(anonymous_3)","decl":{"start":{"line":26,"column":10},"end":{"line":26,"column":17}},"loc":{"start":{"line":26,"column":68},"end":{"line":29,"column":null}},"line":26},"4":{"name":"(anonymous_4)","decl":{"start":{"line":32,"column":10},"end":{"line":32,"column":17}},"loc":{"start":{"line":32,"column":47},"end":{"line":34,"column":null}},"line":32}},"branchMap":{},"s":{"0":1,"1":1,"2":1,"3":1,"4":1,"5":1,"6":1,"7":1,"8":1,"9":1,"10":1},"f":{"0":1,"1":1,"2":1,"3":1,"4":1},"b":{},"meta":{"lastBranch":0,"lastFunction":5,"lastStatement":11,"seen":{"s:4:17:4:Infinity":0,"s:6:24:35:Infinity":1,"f:8:11:8:18":0,"s:9:21:9:Infinity":2,"s:10:4:10:Infinity":3,"f:14:13:14:20":1,"s:15:21:15:Infinity":4,"s:16:4:16:Infinity":5,"f:20:16:20:23":2,"s:21:21:21:Infinity":6,"s:22:4:22:Infinity":7,"f:26:10:26:17":3,"s:27:21:27:Infinity":8,"s:28:4:28:Infinity":9,"f:32:10:32:17":4,"s:33:4:33:Infinity":10}}}
,"/Users/changsailong/.openclaw/workspace/projects/chinese-chess/src/frontend-admin/src/components/Charts/DistributionChart.tsx": {"path":"/Users/changsailong/.openclaw/workspace/projects/chinese-chess/src/frontend-admin/src/components/Charts/DistributionChart.tsx","statementMap":{"0":{"start":{"line":16,"column":23},"end":{"line":16,"column":null}},"1":{"start":{"line":18,"column":58},"end":{"line":40,"column":null}},"2":{"start":{"line":19,"column":2},"end":{"line":38,"column":null}},"3":{"start":{"line":31,"column":14},"end":{"line":31,"column":null}}},"fnMap":{"0":{"name":"(anonymous_0)","decl":{"start":{"line":18,"column":58},"end":{"line":18,"column":59}},"loc":{"start":{"line":18,"column":97},"end":{"line":40,"column":null}},"line":18},"1":{"name":"(anonymous_1)","decl":{"start":{"line":30,"column":22},"end":{"line":30,"column":23}},"loc":{"start":{"line":31,"column":14},"end":{"line":31,"column":null}},"line":31}},"branchMap":{"0":{"loc":{"start":{"line":18,"column":67},"end":{"line":18,"column":91}},"type":"default-arg","locations":[{"start":{"line":18,"column":76},"end":{"line":18,"column":91}}],"line":18}},"s":{"0":1,"1":1,"2":5,"3":15},"f":{"0":5,"1":15},"b":{"0":[5]},"meta":{"lastBranch":1,"lastFunction":2,"lastStatement":4,"seen":{"s:16:23:16:Infinity":0,"s:18:58:40:Infinity":1,"f:18:58:18:59":0,"b:18:76:18:91":0,"s:19:2:38:Infinity":2,"f:30:22:30:23":1,"s:31:14:31:Infinity":3}}}
,"/Users/changsailong/.openclaw/workspace/projects/chinese-chess/src/frontend-admin/src/components/Charts/TrendChart.tsx": {"path":"/Users/changsailong/.openclaw/workspace/projects/chinese-chess/src/frontend-admin/src/components/Charts/TrendChart.tsx","statementMap":{"0":{"start":{"line":20,"column":48},"end":{"line":46,"column":null}},"1":{"start":{"line":21,"column":2},"end":{"line":44,"column":null}}},"fnMap":{"0":{"name":"(anonymous_0)","decl":{"start":{"line":20,"column":48},"end":{"line":20,"column":49}},"loc":{"start":{"line":20,"column":93},"end":{"line":46,"column":null}},"line":20}},"branchMap":{"0":{"loc":{"start":{"line":20,"column":69},"end":{"line":20,"column":87}},"type":"default-arg","locations":[{"start":{"line":20,"column":77},"end":{"line":20,"column":87}}],"line":20}},"s":{"0":1,"1":5},"f":{"0":5},"b":{"0":[5]},"meta":{"lastBranch":1,"lastFunction":1,"lastStatement":2,"seen":{"s:20:48:46:Infinity":0,"f:20:48:20:49":0,"b:20:77:20:87":0,"s:21:2:44:Infinity":1}}}
,"/Users/changsailong/.openclaw/workspace/projects/chinese-chess/src/frontend-admin/src/components/Layout/index.tsx": {"path":"/Users/changsailong/.openclaw/workspace/projects/chinese-chess/src/frontend-admin/src/components/Layout/index.tsx","statementMap":{"0":{"start":{"line":25,"column":35},"end":{"line":25,"column":null}},"1":{"start":{"line":27,"column":50},"end":{"line":35,"column":null}},"2":{"start":{"line":37,"column":59},"end":{"line":44,"column":null}},"3":{"start":{"line":46,"column":30},"end":{"line":488,"column":null}},"4":{"start":{"line":47,"column":32},"end":{"line":47,"column":null}},"5":{"start":{"line":48,"column":28},"end":{"line":48,"column":null}},"6":{"start":{"line":49,"column":8},"end":{"line":49,"column":null}},"7":{"start":{"line":50,"column":8},"end":{"line":50,"column":null}},"8":{"start":{"line":51,"column":23},"end":{"line":51,"column":null}},"9":{"start":{"line":52,"column":23},"end":{"line":52,"column":null}},"10":{"start":{"line":55,"column":6},"end":{"line":55,"column":null}},"11":{"start":{"line":57,"column":20},"end":{"line":90,"column":null}},"12":{"start":{"line":93,"column":2},"end":{"line":95,"column":null}},"13":{"start":{"line":94,"column":4},"end":{"line":94,"column":null}},"14":{"start":{"line":97,"column":26},"end":{"line":101,"column":null}},"15":{"start":{"line":98,"column":4},"end":{"line":98,"column":null}},"16":{"start":{"line":99,"column":4},"end":{"line":99,"column":null}},"17":{"start":{"line":100,"column":4},"end":{"line":100,"column":null}},"18":{"start":{"line":100,"column":21},"end":{"line":100,"column":40}},"19":{"start":{"line":103,"column":23},"end":{"line":106,"column":null}},"20":{"start":{"line":104,"column":4},"end":{"line":104,"column":null}},"21":{"start":{"line":105,"column":4},"end":{"line":105,"column":null}},"22":{"start":{"line":108,"column":24},"end":{"line":125,"column":null}},"23":{"start":{"line":113,"column":21},"end":{"line":113,"column":null}},"24":{"start":{"line":127,"column":23},"end":{"line":127,"column":null}},"25":{"start":{"line":127,"column":66},"end":{"line":127,"column":67}},"26":{"start":{"line":128,"column":26},"end":{"line":143,"column":null}},"27":{"start":{"line":129,"column":16},"end":{"line":129,"column":null}},"28":{"start":{"line":130,"column":17},"end":{"line":130,"column":null}},"29":{"start":{"line":131,"column":17},"end":{"line":131,"column":null}},"30":{"start":{"line":132,"column":4},"end":{"line":142,"column":null}},"31":{"start":{"line":145,"column":2},"end":{"line":486,"column":null}},"32":{"start":{"line":157,"column":10},"end":{"line":157,"column":null}},"33":{"start":{"line":157,"column":22},"end":{"line":157,"column":null}},"34":{"start":{"line":241,"column":33},"end":{"line":241,"column":null}},"35":{"start":{"line":283,"column":31},"end":{"line":283,"column":null}},"36":{"start":{"line":308,"column":31},"end":{"line":308,"column":null}}},"fnMap":{"0":{"name":"(anonymous_0)","decl":{"start":{"line":46,"column":30},"end":{"line":46,"column":36}},"loc":{"start":{"line":46,"column":36},"end":{"line":488,"column":null}},"line":46},"1":{"name":"(anonymous_1)","decl":{"start":{"line":97,"column":26},"end":{"line":97,"column":27}},"loc":{"start":{"line":97,"column":56},"end":{"line":101,"column":null}},"line":97},"2":{"name":"(anonymous_2)","decl":{"start":{"line":100,"column":15},"end":{"line":100,"column":21}},"loc":{"start":{"line":100,"column":21},"end":{"line":100,"column":40}},"line":100},"3":{"name":"(anonymous_3)","decl":{"start":{"line":103,"column":23},"end":{"line":103,"column":29}},"loc":{"start":{"line":103,"column":29},"end":{"line":106,"column":null}},"line":103},"4":{"name":"(anonymous_4)","decl":{"start":{"line":113,"column":15},"end":{"line":113,"column":21}},"loc":{"start":{"line":113,"column":21},"end":{"line":113,"column":null}},"line":113},"5":{"name":"(anonymous_5)","decl":{"start":{"line":127,"column":59},"end":{"line":127,"column":60}},"loc":{"start":{"line":127,"column":66},"end":{"line":127,"column":67}},"line":127},"6":{"name":"(anonymous_6)","decl":{"start":{"line":128,"column":43},"end":{"line":128,"column":44}},"loc":{"start":{"line":128,"column":57},"end":{"line":143,"column":3}},"line":128},"7":{"name":"(anonymous_7)","decl":{"start":{"line":156,"column":22},"end":{"line":156,"column":23}},"loc":{"start":{"line":156,"column":34},"end":{"line":158,"column":null}},"line":156},"8":{"name":"(anonymous_8)","decl":{"start":{"line":241,"column":27},"end":{"line":241,"column":33}},"loc":{"start":{"line":241,"column":33},"end":{"line":241,"column":null}},"line":241},"9":{"name":"(anonymous_9)","decl":{"start":{"line":283,"column":25},"end":{"line":283,"column":31}},"loc":{"start":{"line":283,"column":31},"end":{"line":283,"column":null}},"line":283},"10":{"name":"(anonymous_10)","decl":{"start":{"line":308,"column":25},"end":{"line":308,"column":31}},"loc":{"start":{"line":308,"column":31},"end":{"line":308,"column":null}},"line":308}},"branchMap":{"0":{"loc":{"start":{"line":83,"column":8},"end":{"line":89,"column":null}},"type":"cond-expr","locations":[{"start":{"line":83,"column":23},"end":{"line":89,"column":8}},{"start":{"line":89,"column":8},"end":{"line":89,"column":null}}],"line":83},"1":{"loc":{"start":{"line":93,"column":2},"end":{"line":95,"column":null}},"type":"if","locations":[{"start":{"line":93,"column":2},"end":{"line":95,"column":null}},{"start":{},"end":{}}],"line":93},"2":{"loc":{"start":{"line":93,"column":6},"end":{"line":93,"column":64}},"type":"binary-expr","locations":[{"start":{"line":93,"column":6},"end":{"line":93,"column":49}},{"start":{"line":93,"column":49},"end":{"line":93,"column":64}}],"line":93},"3":{"loc":{"start":{"line":130,"column":17},"end":{"line":130,"column":null}},"type":"binary-expr","locations":[{"start":{"line":130,"column":17},"end":{"line":130,"column":43}},{"start":{"line":130,"column":43},"end":{"line":130,"column":null}}],"line":130},"4":{"loc":{"start":{"line":134,"column":13},"end":{"line":140,"column":null}},"type":"cond-expr","locations":[{"start":{"line":135,"column":8},"end":{"line":135,"column":null}},{"start":{"line":137,"column":8},"end":{"line":140,"column":null}}],"line":134},"5":{"loc":{"start":{"line":138,"column":11},"end":{"line":138,"column":null}},"type":"binary-expr","locations":[{"start":{"line":138,"column":11},"end":{"line":138,"column":19}},{"start":{"line":138,"column":19},"end":{"line":138,"column":null}}],"line":138},"6":{"loc":{"start":{"line":157,"column":10},"end":{"line":157,"column":null}},"type":"if","locations":[{"start":{"line":157,"column":10},"end":{"line":157,"column":null}},{"start":{},"end":{}}],"line":157},"7":{"loc":{"start":{"line":168,"column":21},"end":{"line":168,"column":null}},"type":"cond-expr","locations":[{"start":{"line":168,"column":33},"end":{"line":168,"column":42}},{"start":{"line":168,"column":42},"end":{"line":168,"column":null}}],"line":168},"8":{"loc":{"start":{"line":185,"column":11},"end":{"line":200,"column":null}},"type":"cond-expr","locations":[{"start":{"line":186,"column":12},"end":{"line":186,"column":null}},{"start":{"line":188,"column":12},"end":{"line":200,"column":null}}],"line":185},"9":{"loc":{"start":{"line":218,"column":9},"end":{"line":247,"column":null}},"type":"binary-expr","locations":[{"start":{"line":218,"column":9},"end":{"line":218,"column":null}},{"start":{"line":219,"column":10},"end":{"line":247,"column":null}}],"line":218},"10":{"loc":{"start":{"line":255,"column":22},"end":{"line":255,"column":null}},"type":"cond-expr","locations":[{"start":{"line":255,"column":34},"end":{"line":255,"column":39}},{"start":{"line":255,"column":39},"end":{"line":255,"column":null}}],"line":255},"11":{"loc":{"start":{"line":281,"column":28},"end":{"line":281,"column":null}},"type":"cond-expr","locations":[{"start":{"line":281,"column":40},"end":{"line":281,"column":49}},{"start":{"line":281,"column":49},"end":{"line":281,"column":null}}],"line":281},"12":{"loc":{"start":{"line":295,"column":17},"end":{"line":295,"column":null}},"type":"cond-expr","locations":[{"start":{"line":295,"column":29},"end":{"line":295,"column":54}},{"start":{"line":295,"column":54},"end":{"line":295,"column":null}}],"line":295},"13":{"loc":{"start":{"line":355,"column":21},"end":{"line":355,"column":null}},"type":"binary-expr","locations":[{"start":{"line":355,"column":21},"end":{"line":355,"column":39}},{"start":{"line":355,"column":39},"end":{"line":355,"column":null}}],"line":355},"14":{"loc":{"start":{"line":357,"column":19},"end":{"line":360,"column":null}},"type":"cond-expr","locations":[{"start":{"line":358,"column":20},"end":{"line":358,"column":null}},{"start":{"line":360,"column":20},"end":{"line":360,"column":null}}],"line":357},"15":{"loc":{"start":{"line":399,"column":13},"end":{"line":402,"column":null}},"type":"cond-expr","locations":[{"start":{"line":400,"column":14},"end":{"line":400,"column":null}},{"start":{"line":402,"column":14},"end":{"line":402,"column":null}}],"line":399}},"s":{"0":0,"1":0,"2":0,"3":0,"4":0,"5":0,"6":0,"7":0,"8":0,"9":0,"10":0,"11":0,"12":0,"13":0,"14":0,"15":0,"16":0,"17":0,"18":0,"19":0,"20":0,"21":0,"22":0,"23":0,"24":0,"25":0,"26":0,"27":0,"28":0,"29":0,"30":0,"31":0,"32":0,"33":0,"34":0,"35":0,"36":0},"f":{"0":0,"1":0,"2":0,"3":0,"4":0,"5":0,"6":0,"7":0,"8":0,"9":0,"10":0},"b":{"0":[0,0],"1":[0,0],"2":[0,0],"3":[0,0],"4":[0,0],"5":[0,0],"6":[0,0],"7":[0,0],"8":[0,0],"9":[0,0],"10":[0,0],"11":[0,0],"12":[0,0],"13":[0,0],"14":[0,0],"15":[0,0]},"meta":{"lastBranch":16,"lastFunction":11,"lastStatement":37,"seen":{"s:25:35:25:Infinity":0,"s:27:50:35:Infinity":1,"s:37:59:44:Infinity":2,"s:46:30:488:Infinity":3,"f:46:30:46:36":0,"s:47:32:47:Infinity":4,"s:48:28:48:Infinity":5,"s:49:8:49:Infinity":6,"s:50:8:50:Infinity":7,"s:51:23:51:Infinity":8,"s:52:23:52:Infinity":9,"s:55:6:55:Infinity":10,"s:57:20:90:Infinity":11,"b:83:23:89:8:89:8:89:Infinity":0,"b:93:2:95:Infinity:undefined:undefined:undefined:undefined":1,"s:93:2:95:Infinity":12,"b:93:6:93:49:93:49:93:64":2,"s:94:4:94:Infinity":13,"s:97:26:101:Infinity":14,"f:97:26:97:27":1,"s:98:4:98:Infinity":15,"s:99:4:99:Infinity":16,"s:100:4:100:Infinity":17,"f:100:15:100:21":2,"s:100:21:100:40":18,"s:103:23:106:Infinity":19,"f:103:23:103:29":3,"s:104:4:104:Infinity":20,"s:105:4:105:Infinity":21,"s:108:24:125:Infinity":22,"f:113:15:113:21":4,"s:113:21:113:Infinity":23,"s:127:23:127:Infinity":24,"f:127:59:127:60":5,"s:127:66:127:67":25,"s:128:26:143:Infinity":26,"f:128:43:128:44":6,"s:129:16:129:Infinity":27,"s:130:17:130:Infinity":28,"b:130:17:130:43:130:43:130:Infinity":3,"s:131:17:131:Infinity":29,"s:132:4:142:Infinity":30,"b:135:8:135:Infinity:137:8:140:Infinity":4,"b:138:11:138:19:138:19:138:Infinity":5,"s:145:2:486:Infinity":31,"f:156:22:156:23":7,"b:157:10:157:Infinity:undefined:undefined:undefined:undefined":6,"s:157:10:157:Infinity":32,"s:157:22:157:Infinity":33,"b:168:33:168:42:168:42:168:Infinity":7,"b:186:12:186:Infinity:188:12:200:Infinity":8,"b:218:9:218:Infinity:219:10:247:Infinity":9,"f:241:27:241:33":8,"s:241:33:241:Infinity":34,"b:255:34:255:39:255:39:255:Infinity":10,"b:281:40:281:49:281:49:281:Infinity":11,"f:283:25:283:31":9,"s:283:31:283:Infinity":35,"b:295:29:295:54:295:54:295:Infinity":12,"f:308:25:308:31":10,"s:308:31:308:Infinity":36,"b:355:21:355:39:355:39:355:Infinity":13,"b:358:20:358:Infinity:360:20:360:Infinity":14,"b:400:14:400:Infinity:402:14:402:Infinity":15}}}
,"/Users/changsailong/.openclaw/workspace/projects/chinese-chess/src/frontend-admin/src/hooks/useHasPermission.ts": {"path":"/Users/changsailong/.openclaw/workspace/projects/chinese-chess/src/frontend-admin/src/hooks/useHasPermission.ts","statementMap":{"0":{"start":{"line":4,"column":32},"end":{"line":26,"column":null}},"1":{"start":{"line":5,"column":15},"end":{"line":5,"column":null}},"2":{"start":{"line":7,"column":26},"end":{"line":15,"column":null}},"3":{"start":{"line":8,"column":4},"end":{"line":8,"column":null}},"4":{"start":{"line":8,"column":15},"end":{"line":8,"column":null}},"5":{"start":{"line":10,"column":4},"end":{"line":12,"column":null}},"6":{"start":{"line":11,"column":6},"end":{"line":11,"column":null}},"7":{"start":{"line":14,"column":4},"end":{"line":14,"column":null}},"8":{"start":{"line":17,"column":23},"end":{"line":17,"column":null}},"9":{"start":{"line":18,"column":16},"end":{"line":18,"column":null}},"10":{"start":{"line":20,"column":2},"end":{"line":25,"column":null}}},"fnMap":{"0":{"name":"(anonymous_0)","decl":{"start":{"line":4,"column":32},"end":{"line":4,"column":38}},"loc":{"start":{"line":4,"column":38},"end":{"line":26,"column":null}},"line":4},"1":{"name":"(anonymous_1)","decl":{"start":{"line":7,"column":26},"end":{"line":7,"column":27}},"loc":{"start":{"line":7,"column":67},"end":{"line":15,"column":null}},"line":7}},"branchMap":{"0":{"loc":{"start":{"line":8,"column":4},"end":{"line":8,"column":null}},"type":"if","locations":[{"start":{"line":8,"column":4},"end":{"line":8,"column":null}},{"start":{},"end":{}}],"line":8},"1":{"loc":{"start":{"line":10,"column":4},"end":{"line":12,"column":null}},"type":"if","locations":[{"start":{"line":10,"column":4},"end":{"line":12,"column":null}},{"start":{},"end":{}}],"line":10}},"s":{"0":1,"1":11,"2":11,"3":15,"4":2,"5":13,"6":9,"7":4,"8":11,"9":11,"10":11},"f":{"0":11,"1":15},"b":{"0":[2,13],"1":[9,4]},"meta":{"lastBranch":2,"lastFunction":2,"lastStatement":11,"seen":{"s:4:32:26:Infinity":0,"f:4:32:4:38":0,"s:5:15:5:Infinity":1,"s:7:26:15:Infinity":2,"f:7:26:7:27":1,"b:8:4:8:Infinity:undefined:undefined:undefined:undefined":0,"s:8:4:8:Infinity":3,"s:8:15:8:Infinity":4,"b:10:4:12:Infinity:undefined:undefined:undefined:undefined":1,"s:10:4:12:Infinity":5,"s:11:6:11:Infinity":6,"s:14:4:14:Infinity":7,"s:17:23:17:Infinity":8,"s:18:16:18:Infinity":9,"s:20:2:25:Infinity":10}}}
,"/Users/changsailong/.openclaw/workspace/projects/chinese-chess/src/frontend-admin/src/pages/AI/index.tsx": {"path":"/Users/changsailong/.openclaw/workspace/projects/chinese-chess/src/frontend-admin/src/pages/AI/index.tsx","statementMap":{"0":{"start":{"line":34,"column":29},"end":{"line":34,"column":null}},"1":{"start":{"line":36,"column":25},"end":{"line":272,"column":null}},"2":{"start":{"line":37,"column":8},"end":{"line":37,"column":null}},"3":{"start":{"line":38,"column":23},"end":{"line":38,"column":null}},"4":{"start":{"line":39,"column":23},"end":{"line":39,"column":null}},"5":{"start":{"line":40,"column":23},"end":{"line":40,"column":null}},"6":{"start":{"line":43,"column":51},"end":{"line":46,"column":null}},"7":{"start":{"line":45,"column":19},"end":{"line":45,"column":null}},"8":{"start":{"line":49,"column":57},"end":{"line":52,"column":null}},"9":{"start":{"line":51,"column":19},"end":{"line":51,"column":null}},"10":{"start":{"line":55,"column":2},"end":{"line":59,"column":null}},"11":{"start":{"line":56,"column":4},"end":{"line":58,"column":null}},"12":{"start":{"line":57,"column":6},"end":{"line":57,"column":null}},"13":{"start":{"line":61,"column":2},"end":{"line":65,"column":null}},"14":{"start":{"line":62,"column":4},"end":{"line":64,"column":null}},"15":{"start":{"line":63,"column":6},"end":{"line":63,"column":null}},"16":{"start":{"line":68,"column":55},"end":{"line":71,"column":null}},"17":{"start":{"line":70,"column":19},"end":{"line":70,"column":null}},"18":{"start":{"line":74,"column":8},"end":{"line":81,"column":null}},"19":{"start":{"line":75,"column":45},"end":{"line":75,"column":null}},"20":{"start":{"line":77,"column":6},"end":{"line":77,"column":null}},"21":{"start":{"line":78,"column":6},"end":{"line":78,"column":null}},"22":{"start":{"line":80,"column":19},"end":{"line":80,"column":null}},"23":{"start":{"line":84,"column":8},"end":{"line":91,"column":null}},"24":{"start":{"line":85,"column":52},"end":{"line":85,"column":null}},"25":{"start":{"line":87,"column":6},"end":{"line":87,"column":null}},"26":{"start":{"line":88,"column":6},"end":{"line":88,"column":null}},"27":{"start":{"line":90,"column":19},"end":{"line":90,"column":null}},"28":{"start":{"line":93,"column":18},"end":{"line":137,"column":null}},"29":{"start":{"line":98,"column":30},"end":{"line":98,"column":null}},"30":{"start":{"line":104,"column":30},"end":{"line":104,"column":null}},"31":{"start":{"line":111,"column":72},"end":{"line":115,"column":null}},"32":{"start":{"line":116,"column":21},"end":{"line":116,"column":null}},"33":{"start":{"line":117,"column":8},"end":{"line":117,"column":null}},"34":{"start":{"line":129,"column":29},"end":{"line":129,"column":null}},"35":{"start":{"line":135,"column":32},"end":{"line":135,"column":null}},"36":{"start":{"line":139,"column":2},"end":{"line":270,"column":null}},"37":{"start":{"line":152,"column":16},"end":{"line":152,"column":null}},"38":{"start":{"line":153,"column":16},"end":{"line":153,"column":null}},"39":{"start":{"line":174,"column":36},"end":{"line":174,"column":null}},"40":{"start":{"line":205,"column":36},"end":{"line":205,"column":null}},"41":{"start":{"line":241,"column":35},"end":{"line":241,"column":null}}},"fnMap":{"0":{"name":"(anonymous_0)","decl":{"start":{"line":36,"column":25},"end":{"line":36,"column":31}},"loc":{"start":{"line":36,"column":31},"end":{"line":272,"column":null}},"line":36},"1":{"name":"(anonymous_1)","decl":{"start":{"line":45,"column":13},"end":{"line":45,"column":19}},"loc":{"start":{"line":45,"column":19},"end":{"line":45,"column":null}},"line":45},"2":{"name":"(anonymous_2)","decl":{"start":{"line":51,"column":13},"end":{"line":51,"column":19}},"loc":{"start":{"line":51,"column":19},"end":{"line":51,"column":null}},"line":51},"3":{"name":"(anonymous_3)","decl":{"start":{"line":55,"column":18},"end":{"line":55,"column":24}},"loc":{"start":{"line":55,"column":24},"end":{"line":59,"column":5}},"line":55},"4":{"name":"(anonymous_4)","decl":{"start":{"line":61,"column":18},"end":{"line":61,"column":24}},"loc":{"start":{"line":61,"column":24},"end":{"line":65,"column":5}},"line":61},"5":{"name":"(anonymous_5)","decl":{"start":{"line":70,"column":13},"end":{"line":70,"column":19}},"loc":{"start":{"line":70,"column":19},"end":{"line":70,"column":null}},"line":70},"6":{"name":"(anonymous_6)","decl":{"start":{"line":75,"column":16},"end":{"line":75,"column":17}},"loc":{"start":{"line":75,"column":45},"end":{"line":75,"column":null}},"line":75},"7":{"name":"(anonymous_7)","decl":{"start":{"line":76,"column":15},"end":{"line":76,"column":21}},"loc":{"start":{"line":76,"column":21},"end":{"line":79,"column":null}},"line":76},"8":{"name":"(anonymous_8)","decl":{"start":{"line":80,"column":13},"end":{"line":80,"column":19}},"loc":{"start":{"line":80,"column":19},"end":{"line":80,"column":null}},"line":80},"9":{"name":"(anonymous_9)","decl":{"start":{"line":85,"column":16},"end":{"line":85,"column":17}},"loc":{"start":{"line":85,"column":52},"end":{"line":85,"column":null}},"line":85},"10":{"name":"(anonymous_10)","decl":{"start":{"line":86,"column":15},"end":{"line":86,"column":21}},"loc":{"start":{"line":86,"column":21},"end":{"line":89,"column":null}},"line":86},"11":{"name":"(anonymous_11)","decl":{"start":{"line":90,"column":13},"end":{"line":90,"column":19}},"loc":{"start":{"line":90,"column":19},"end":{"line":90,"column":null}},"line":90},"12":{"name":"(anonymous_12)","decl":{"start":{"line":98,"column":14},"end":{"line":98,"column":15}},"loc":{"start":{"line":98,"column":30},"end":{"line":98,"column":null}},"line":98},"13":{"name":"(anonymous_13)","decl":{"start":{"line":104,"column":14},"end":{"line":104,"column":15}},"loc":{"start":{"line":104,"column":30},"end":{"line":104,"column":null}},"line":104},"14":{"name":"(anonymous_14)","decl":{"start":{"line":110,"column":14},"end":{"line":110,"column":15}},"loc":{"start":{"line":110,"column":34},"end":{"line":118,"column":null}},"line":110},"15":{"name":"(anonymous_15)","decl":{"start":{"line":129,"column":14},"end":{"line":129,"column":15}},"loc":{"start":{"line":129,"column":29},"end":{"line":129,"column":null}},"line":129},"16":{"name":"(anonymous_16)","decl":{"start":{"line":135,"column":14},"end":{"line":135,"column":15}},"loc":{"start":{"line":135,"column":32},"end":{"line":135,"column":null}},"line":135},"17":{"name":"(anonymous_17)","decl":{"start":{"line":151,"column":23},"end":{"line":151,"column":29}},"loc":{"start":{"line":151,"column":29},"end":{"line":154,"column":null}},"line":151},"18":{"name":"(anonymous_18)","decl":{"start":{"line":174,"column":24},"end":{"line":174,"column":25}},"loc":{"start":{"line":174,"column":36},"end":{"line":174,"column":null}},"line":174},"19":{"name":"(anonymous_19)","decl":{"start":{"line":205,"column":24},"end":{"line":205,"column":25}},"loc":{"start":{"line":205,"column":36},"end":{"line":205,"column":null}},"line":205},"20":{"name":"(anonymous_20)","decl":{"start":{"line":241,"column":29},"end":{"line":241,"column":35}},"loc":{"start":{"line":241,"column":35},"end":{"line":241,"column":null}},"line":241}},"branchMap":{"0":{"loc":{"start":{"line":56,"column":4},"end":{"line":58,"column":null}},"type":"if","locations":[{"start":{"line":56,"column":4},"end":{"line":58,"column":null}},{"start":{},"end":{}}],"line":56},"1":{"loc":{"start":{"line":62,"column":4},"end":{"line":64,"column":null}},"type":"if","locations":[{"start":{"line":62,"column":4},"end":{"line":64,"column":null}},{"start":{},"end":{}}],"line":62},"2":{"loc":{"start":{"line":116,"column":21},"end":{"line":116,"column":null}},"type":"binary-expr","locations":[{"start":{"line":116,"column":21},"end":{"line":116,"column":39}},{"start":{"line":116,"column":39},"end":{"line":116,"column":null}}],"line":116},"3":{"loc":{"start":{"line":144,"column":26},"end":{"line":144,"column":null}},"type":"cond-expr","locations":[{"start":{"line":144,"column":42},"end":{"line":144,"column":51}},{"start":{"line":144,"column":51},"end":{"line":144,"column":null}}],"line":144},"4":{"loc":{"start":{"line":147,"column":26},"end":{"line":147,"column":null}},"type":"cond-expr","locations":[{"start":{"line":147,"column":42},"end":{"line":147,"column":51}},{"start":{"line":147,"column":51},"end":{"line":147,"column":null}}],"line":147},"5":{"loc":{"start":{"line":237,"column":32},"end":{"line":237,"column":null}},"type":"cond-expr","locations":[{"start":{"line":237,"column":48},"end":{"line":237,"column":57}},{"start":{"line":237,"column":57},"end":{"line":237,"column":null}}],"line":237}},"s":{"0":0,"1":0,"2":0,"3":0,"4":0,"5":0,"6":0,"7":0,"8":0,"9":0,"10":0,"11":0,"12":0,"13":0,"14":0,"15":0,"16":0,"17":0,"18":0,"19":0,"20":0,"21":0,"22":0,"23":0,"24":0,"25":0,"26":0,"27":0,"28":0,"29":0,"30":0,"31":0,"32":0,"33":0,"34":0,"35":0,"36":0,"37":0,"38":0,"39":0,"40":0,"41":0},"f":{"0":0,"1":0,"2":0,"3":0,"4":0,"5":0,"6":0,"7":0,"8":0,"9":0,"10":0,"11":0,"12":0,"13":0,"14":0,"15":0,"16":0,"17":0,"18":0,"19":0,"20":0},"b":{"0":[0,0],"1":[0,0],"2":[0,0],"3":[0,0],"4":[0,0],"5":[0,0]},"meta":{"lastBranch":6,"lastFunction":21,"lastStatement":42,"seen":{"s:34:29:34:Infinity":0,"s:36:25:272:Infinity":1,"f:36:25:36:31":0,"s:37:8:37:Infinity":2,"s:38:23:38:Infinity":3,"s:39:23:39:Infinity":4,"s:40:23:40:Infinity":5,"s:43:51:46:Infinity":6,"f:45:13:45:19":1,"s:45:19:45:Infinity":7,"s:49:57:52:Infinity":8,"f:51:13:51:19":2,"s:51:19:51:Infinity":9,"s:55:2:59:Infinity":10,"f:55:18:55:24":3,"b:56:4:58:Infinity:undefined:undefined:undefined:undefined":0,"s:56:4:58:Infinity":11,"s:57:6:57:Infinity":12,"s:61:2:65:Infinity":13,"f:61:18:61:24":4,"b:62:4:64:Infinity:undefined:undefined:undefined:undefined":1,"s:62:4:64:Infinity":14,"s:63:6:63:Infinity":15,"s:68:55:71:Infinity":16,"f:70:13:70:19":5,"s:70:19:70:Infinity":17,"s:74:8:81:Infinity":18,"f:75:16:75:17":6,"s:75:45:75:Infinity":19,"f:76:15:76:21":7,"s:77:6:77:Infinity":20,"s:78:6:78:Infinity":21,"f:80:13:80:19":8,"s:80:19:80:Infinity":22,"s:84:8:91:Infinity":23,"f:85:16:85:17":9,"s:85:52:85:Infinity":24,"f:86:15:86:21":10,"s:87:6:87:Infinity":25,"s:88:6:88:Infinity":26,"f:90:13:90:19":11,"s:90:19:90:Infinity":27,"s:93:18:137:Infinity":28,"f:98:14:98:15":12,"s:98:30:98:Infinity":29,"f:104:14:104:15":13,"s:104:30:104:Infinity":30,"f:110:14:110:15":14,"s:111:72:115:Infinity":31,"s:116:21:116:Infinity":32,"b:116:21:116:39:116:39:116:Infinity":2,"s:117:8:117:Infinity":33,"f:129:14:129:15":15,"s:129:29:129:Infinity":34,"f:135:14:135:15":16,"s:135:32:135:Infinity":35,"s:139:2:270:Infinity":36,"b:144:42:144:51:144:51:144:Infinity":3,"b:147:42:147:51:147:51:147:Infinity":4,"f:151:23:151:29":17,"s:152:16:152:Infinity":37,"s:153:16:153:Infinity":38,"f:174:24:174:25":18,"s:174:36:174:Infinity":39,"f:205:24:205:25":19,"s:205:36:205:Infinity":40,"b:237:48:237:57:237:57:237:Infinity":5,"f:241:29:241:35":20,"s:241:35:241:Infinity":41}}}
,"/Users/changsailong/.openclaw/workspace/projects/chinese-chess/src/frontend-admin/src/pages/Dashboard/index.tsx": {"path":"/Users/changsailong/.openclaw/workspace/projects/chinese-chess/src/frontend-admin/src/pages/Dashboard/index.tsx","statementMap":{"0":{"start":{"line":15,"column":24},"end":{"line":15,"column":null}},"1":{"start":{"line":17,"column":28},"end":{"line":183,"column":null}},"2":{"start":{"line":18,"column":41},"end":{"line":22,"column":null}},"3":{"start":{"line":20,"column":19},"end":{"line":20,"column":null}},"4":{"start":{"line":24,"column":31},"end":{"line":30,"column":null}},"5":{"start":{"line":26,"column":19},"end":{"line":29,"column":null}},"6":{"start":{"line":32,"column":2},"end":{"line":38,"column":null}},"7":{"start":{"line":33,"column":4},"end":{"line":36,"column":null}},"8":{"start":{"line":40,"column":23},"end":{"line":69,"column":null}},"9":{"start":{"line":71,"column":23},"end":{"line":74,"column":null}},"10":{"start":{"line":76,"column":2},"end":{"line":181,"column":null}},"11":{"start":{"line":90,"column":10},"end":{"line":108,"column":null}}},"fnMap":{"0":{"name":"(anonymous_0)","decl":{"start":{"line":17,"column":28},"end":{"line":17,"column":34}},"loc":{"start":{"line":17,"column":34},"end":{"line":183,"column":null}},"line":17},"1":{"name":"(anonymous_1)","decl":{"start":{"line":20,"column":13},"end":{"line":20,"column":19}},"loc":{"start":{"line":20,"column":19},"end":{"line":20,"column":null}},"line":20},"2":{"name":"(anonymous_2)","decl":{"start":{"line":26,"column":13},"end":{"line":26,"column":19}},"loc":{"start":{"line":26,"column":19},"end":{"line":29,"column":null}},"line":26},"3":{"name":"(anonymous_3)","decl":{"start":{"line":89,"column":26},"end":{"line":89,"column":27}},"loc":{"start":{"line":90,"column":10},"end":{"line":108,"column":null}},"line":90}},"branchMap":{"0":{"loc":{"start":{"line":32,"column":2},"end":{"line":38,"column":null}},"type":"if","locations":[{"start":{"line":32,"column":2},"end":{"line":38,"column":null}},{"start":{},"end":{}}],"line":32},"1":{"loc":{"start":{"line":43,"column":13},"end":{"line":43,"column":null}},"type":"binary-expr","locations":[{"start":{"line":43,"column":13},"end":{"line":43,"column":42}},{"start":{"line":43,"column":42},"end":{"line":43,"column":null}}],"line":43},"2":{"loc":{"start":{"line":50,"column":13},"end":{"line":50,"column":null}},"type":"binary-expr","locations":[{"start":{"line":50,"column":13},"end":{"line":50,"column":43}},{"start":{"line":50,"column":43},"end":{"line":50,"column":null}}],"line":50},"3":{"loc":{"start":{"line":57,"column":13},"end":{"line":57,"column":null}},"type":"binary-expr","locations":[{"start":{"line":57,"column":13},"end":{"line":57,"column":42}},{"start":{"line":57,"column":42},"end":{"line":57,"column":null}}],"line":57},"4":{"loc":{"start":{"line":64,"column":13},"end":{"line":64,"column":null}},"type":"binary-expr","locations":[{"start":{"line":64,"column":13},"end":{"line":64,"column":45}},{"start":{"line":64,"column":45},"end":{"line":64,"column":null}}],"line":64},"5":{"loc":{"start":{"line":72,"column":29},"end":{"line":72,"column":104}},"type":"cond-expr","locations":[{"start":{"line":72,"column":57},"end":{"line":72,"column":102}},{"start":{"line":72,"column":102},"end":{"line":72,"column":104}}],"line":72},"6":{"loc":{"start":{"line":73,"column":27},"end":{"line":73,"column":102}},"type":"cond-expr","locations":[{"start":{"line":73,"column":55},"end":{"line":73,"column":100}},{"start":{"line":73,"column":100},"end":{"line":73,"column":102}}],"line":73},"7":{"loc":{"start":{"line":122,"column":20},"end":{"line":122,"column":null}},"type":"binary-expr","locations":[{"start":{"line":122,"column":20},"end":{"line":122,"column":44}},{"start":{"line":122,"column":44},"end":{"line":122,"column":null}}],"line":122},"8":{"loc":{"start":{"line":148,"column":23},"end":{"line":148,"column":null}},"type":"binary-expr","locations":[{"start":{"line":148,"column":23},"end":{"line":148,"column":45}},{"start":{"line":148,"column":45},"end":{"line":148,"column":null}}],"line":148},"9":{"loc":{"start":{"line":160,"column":23},"end":{"line":160,"column":null}},"type":"binary-expr","locations":[{"start":{"line":160,"column":23},"end":{"line":160,"column":45}},{"start":{"line":160,"column":45},"end":{"line":160,"column":null}}],"line":160},"10":{"loc":{"start":{"line":172,"column":23},"end":{"line":172,"column":null}},"type":"binary-expr","locations":[{"start":{"line":172,"column":23},"end":{"line":172,"column":53}},{"start":{"line":172,"column":53},"end":{"line":172,"column":null}}],"line":172}},"s":{"0":0,"1":0,"2":0,"3":0,"4":0,"5":0,"6":0,"7":0,"8":0,"9":0,"10":0,"11":0},"f":{"0":0,"1":0,"2":0,"3":0},"b":{"0":[0,0],"1":[0,0],"2":[0,0],"3":[0,0],"4":[0,0],"5":[0,0],"6":[0,0],"7":[0,0],"8":[0,0],"9":[0,0],"10":[0,0]},"meta":{"lastBranch":11,"lastFunction":4,"lastStatement":12,"seen":{"s:15:24:15:Infinity":0,"s:17:28:183:Infinity":1,"f:17:28:17:34":0,"s:18:41:22:Infinity":2,"f:20:13:20:19":1,"s:20:19:20:Infinity":3,"s:24:31:30:Infinity":4,"f:26:13:26:19":2,"s:26:19:29:Infinity":5,"b:32:2:38:Infinity:undefined:undefined:undefined:undefined":0,"s:32:2:38:Infinity":6,"s:33:4:36:Infinity":7,"s:40:23:69:Infinity":8,"b:43:13:43:42:43:42:43:Infinity":1,"b:50:13:50:43:50:43:50:Infinity":2,"b:57:13:57:42:57:42:57:Infinity":3,"b:64:13:64:45:64:45:64:Infinity":4,"s:71:23:74:Infinity":9,"b:72:57:72:102:72:102:72:104":5,"b:73:55:73:100:73:100:73:102":6,"s:76:2:181:Infinity":10,"f:89:26:89:27":3,"s:90:10:108:Infinity":11,"b:122:20:122:44:122:44:122:Infinity":7,"b:148:23:148:45:148:45:148:Infinity":8,"b:160:23:160:45:160:45:160:Infinity":9,"b:172:23:172:53:172:53:172:Infinity":10}}}
,"/Users/changsailong/.openclaw/workspace/projects/chinese-chess/src/frontend-admin/src/pages/Games/index.tsx": {"path":"/Users/changsailong/.openclaw/workspace/projects/chinese-chess/src/frontend-admin/src/pages/Games/index.tsx","statementMap":{"0":{"start":{"line":38,"column":24},"end":{"line":38,"column":null}},"1":{"start":{"line":39,"column":20},"end":{"line":39,"column":null}},"2":{"start":{"line":41,"column":28},"end":{"line":589,"column":null}},"3":{"start":{"line":42,"column":8},"end":{"line":42,"column":null}},"4":{"start":{"line":43,"column":22},"end":{"line":43,"column":null}},"5":{"start":{"line":44,"column":30},"end":{"line":44,"column":null}},"6":{"start":{"line":45,"column":26},"end":{"line":45,"column":null}},"7":{"start":{"line":46,"column":38},"end":{"line":46,"column":null}},"8":{"start":{"line":47,"column":42},"end":{"line":47,"column":null}},"9":{"start":{"line":48,"column":38},"end":{"line":48,"column":null}},"10":{"start":{"line":49,"column":48},"end":{"line":49,"column":null}},"11":{"start":{"line":50,"column":42},"end":{"line":50,"column":null}},"12":{"start":{"line":51,"column":36},"end":{"line":51,"column":null}},"13":{"start":{"line":52,"column":46},"end":{"line":52,"column":null}},"14":{"start":{"line":53,"column":42},"end":{"line":53,"column":null}},"15":{"start":{"line":54,"column":23},"end":{"line":54,"column":null}},"16":{"start":{"line":57,"column":35},"end":{"line":68,"column":null}},"17":{"start":{"line":60,"column":6},"end":{"line":66,"column":null}},"18":{"start":{"line":71,"column":30},"end":{"line":76,"column":null}},"19":{"start":{"line":73,"column":19},"end":{"line":73,"column":null}},"20":{"start":{"line":79,"column":8},"end":{"line":91,"column":null}},"21":{"start":{"line":81,"column":6},"end":{"line":81,"column":null}},"22":{"start":{"line":83,"column":6},"end":{"line":83,"column":null}},"23":{"start":{"line":84,"column":6},"end":{"line":84,"column":null}},"24":{"start":{"line":85,"column":6},"end":{"line":85,"column":null}},"25":{"start":{"line":86,"column":6},"end":{"line":86,"column":null}},"26":{"start":{"line":89,"column":6},"end":{"line":89,"column":null}},"27":{"start":{"line":94,"column":8},"end":{"line":103,"column":null}},"28":{"start":{"line":95,"column":22},"end":{"line":95,"column":null}},"29":{"start":{"line":97,"column":6},"end":{"line":97,"column":null}},"30":{"start":{"line":98,"column":6},"end":{"line":98,"column":null}},"31":{"start":{"line":101,"column":6},"end":{"line":101,"column":null}},"32":{"start":{"line":106,"column":8},"end":{"line":116,"column":null}},"33":{"start":{"line":108,"column":6},"end":{"line":108,"column":null}},"34":{"start":{"line":110,"column":6},"end":{"line":110,"column":null}},"35":{"start":{"line":111,"column":6},"end":{"line":111,"column":null}},"36":{"start":{"line":114,"column":6},"end":{"line":114,"column":null}},"37":{"start":{"line":118,"column":22},"end":{"line":121,"column":null}},"38":{"start":{"line":119,"column":4},"end":{"line":119,"column":null}},"39":{"start":{"line":120,"column":4},"end":{"line":120,"column":null}},"40":{"start":{"line":123,"column":23},"end":{"line":130,"column":null}},"41":{"start":{"line":124,"column":4},"end":{"line":124,"column":null}},"42":{"start":{"line":124,"column":25},"end":{"line":124,"column":null}},"43":{"start":{"line":125,"column":4},"end":{"line":128,"column":null}},"44":{"start":{"line":126,"column":6},"end":{"line":126,"column":null}},"45":{"start":{"line":127,"column":6},"end":{"line":127,"column":null}},"46":{"start":{"line":129,"column":4},"end":{"line":129,"column":null}},"47":{"start":{"line":132,"column":29},"end":{"line":143,"column":null}},"48":{"start":{"line":133,"column":4},"end":{"line":142,"column":null}},"49":{"start":{"line":140,"column":8},"end":{"line":140,"column":null}},"50":{"start":{"line":145,"column":27},"end":{"line":148,"column":null}},"51":{"start":{"line":146,"column":4},"end":{"line":146,"column":null}},"52":{"start":{"line":147,"column":4},"end":{"line":147,"column":null}},"53":{"start":{"line":150,"column":25},"end":{"line":153,"column":null}},"54":{"start":{"line":151,"column":4},"end":{"line":151,"column":null}},"55":{"start":{"line":152,"column":4},"end":{"line":152,"column":null}},"56":{"start":{"line":155,"column":29},"end":{"line":177,"column":null}},"57":{"start":{"line":156,"column":4},"end":{"line":176,"column":null}},"58":{"start":{"line":162,"column":27},"end":{"line":162,"column":null}},"59":{"start":{"line":169,"column":8},"end":{"line":172,"column":null}},"60":{"start":{"line":170,"column":10},"end":{"line":170,"column":null}},"61":{"start":{"line":171,"column":10},"end":{"line":171,"column":null}},"62":{"start":{"line":173,"column":8},"end":{"line":173,"column":null}},"63":{"start":{"line":175,"column":24},"end":{"line":175,"column":null}},"64":{"start":{"line":180,"column":16},"end":{"line":185,"column":null}},"65":{"start":{"line":183,"column":39},"end":{"line":183,"column":61}},"66":{"start":{"line":184,"column":39},"end":{"line":184,"column":61}},"67":{"start":{"line":187,"column":18},"end":{"line":324,"column":null}},"68":{"start":{"line":194,"column":32},"end":{"line":194,"column":null}},"69":{"start":{"line":200,"column":44},"end":{"line":200,"column":null}},"70":{"start":{"line":206,"column":44},"end":{"line":206,"column":null}},"71":{"start":{"line":213,"column":78},"end":{"line":220,"column":null}},"72":{"start":{"line":221,"column":23},"end":{"line":221,"column":null}},"73":{"start":{"line":225,"column":10},"end":{"line":227,"column":null}},"74":{"start":{"line":229,"column":8},"end":{"line":242,"column":null}},"75":{"start":{"line":251,"column":8},"end":{"line":251,"column":null}},"76":{"start":{"line":251,"column":21},"end":{"line":251,"column":null}},"77":{"start":{"line":252,"column":78},"end":{"line":257,"column":null}},"78":{"start":{"line":258,"column":23},"end":{"line":258,"column":null}},"79":{"start":{"line":259,"column":8},"end":{"line":259,"column":null}},"80":{"start":{"line":266,"column":33},"end":{"line":266,"column":null}},"81":{"start":{"line":272,"column":33},"end":{"line":272,"column":null}},"82":{"start":{"line":280,"column":8},"end":{"line":321,"column":null}},"83":{"start":{"line":286,"column":27},"end":{"line":286,"column":null}},"84":{"start":{"line":293,"column":27},"end":{"line":293,"column":null}},"85":{"start":{"line":303,"column":31},"end":{"line":303,"column":null}},"86":{"start":{"line":316,"column":31},"end":{"line":316,"column":null}},"87":{"start":{"line":326,"column":2},"end":{"line":335,"column":null}},"88":{"start":{"line":327,"column":4},"end":{"line":333,"column":null}},"89":{"start":{"line":337,"column":2},"end":{"line":587,"column":null}},"90":{"start":{"line":392,"column":48},"end":{"line":392,"column":73}},"91":{"start":{"line":406,"column":27},"end":{"line":406,"column":null}},"92":{"start":{"line":407,"column":30},"end":{"line":407,"column":null}},"93":{"start":{"line":427,"column":31},"end":{"line":427,"column":null}},"94":{"start":{"line":438,"column":57},"end":{"line":438,"column":82}},"95":{"start":{"line":455,"column":32},"end":{"line":455,"column":null}},"96":{"start":{"line":457,"column":12},"end":{"line":457,"column":null}},"97":{"start":{"line":458,"column":12},"end":{"line":458,"column":null}},"98":{"start":{"line":467,"column":24},"end":{"line":467,"column":null}},"99":{"start":{"line":469,"column":45},"end":{"line":469,"column":74}},"100":{"start":{"line":521,"column":16},"end":{"line":527,"column":null}},"101":{"start":{"line":541,"column":10},"end":{"line":541,"column":null}},"102":{"start":{"line":542,"column":10},"end":{"line":542,"column":null}},"103":{"start":{"line":559,"column":27},"end":{"line":559,"column":null}},"104":{"start":{"line":568,"column":24},"end":{"line":568,"column":null}},"105":{"start":{"line":570,"column":45},"end":{"line":570,"column":71}},"106":{"start":{"line":576,"column":27},"end":{"line":576,"column":null}},"107":{"start":{"line":592,"column":53},"end":{"line":654,"column":null}},"108":{"start":{"line":593,"column":28},"end":{"line":593,"column":null}},"109":{"start":{"line":594,"column":20},"end":{"line":594,"column":null}},"110":{"start":{"line":596,"column":36},"end":{"line":600,"column":null}},"111":{"start":{"line":599,"column":6},"end":{"line":599,"column":null}},"112":{"start":{"line":602,"column":2},"end":{"line":652,"column":null}},"113":{"start":{"line":610,"column":12},"end":{"line":642,"column":null}}},"fnMap":{"0":{"name":"(anonymous_0)","decl":{"start":{"line":41,"column":28},"end":{"line":41,"column":34}},"loc":{"start":{"line":41,"column":34},"end":{"line":589,"column":null}},"line":41},"1":{"name":"(anonymous_1)","decl":{"start":{"line":59,"column":13},"end":{"line":59,"column":null}},"loc":{"start":{"line":60,"column":6},"end":{"line":66,"column":null}},"line":60},"2":{"name":"(anonymous_2)","decl":{"start":{"line":73,"column":13},"end":{"line":73,"column":19}},"loc":{"start":{"line":73,"column":19},"end":{"line":73,"column":null}},"line":73},"3":{"name":"(anonymous_3)","decl":{"start":{"line":80,"column":16},"end":{"line":80,"column":17}},"loc":{"start":{"line":81,"column":6},"end":{"line":81,"column":null}},"line":81},"4":{"name":"(anonymous_4)","decl":{"start":{"line":82,"column":15},"end":{"line":82,"column":21}},"loc":{"start":{"line":82,"column":21},"end":{"line":87,"column":null}},"line":82},"5":{"name":"(anonymous_5)","decl":{"start":{"line":88,"column":13},"end":{"line":88,"column":14}},"loc":{"start":{"line":88,"column":29},"end":{"line":90,"column":null}},"line":88},"6":{"name":"(anonymous_6)","decl":{"start":{"line":95,"column":16},"end":{"line":95,"column":22}},"loc":{"start":{"line":95,"column":22},"end":{"line":95,"column":null}},"line":95},"7":{"name":"(anonymous_7)","decl":{"start":{"line":96,"column":15},"end":{"line":96,"column":16}},"loc":{"start":{"line":96,"column":24},"end":{"line":99,"column":null}},"line":96},"8":{"name":"(anonymous_8)","decl":{"start":{"line":100,"column":13},"end":{"line":100,"column":19}},"loc":{"start":{"line":100,"column":19},"end":{"line":102,"column":null}},"line":100},"9":{"name":"(anonymous_9)","decl":{"start":{"line":107,"column":16},"end":{"line":107,"column":17}},"loc":{"start":{"line":108,"column":6},"end":{"line":108,"column":null}},"line":108},"10":{"name":"(anonymous_10)","decl":{"start":{"line":109,"column":15},"end":{"line":109,"column":21}},"loc":{"start":{"line":109,"column":21},"end":{"line":112,"column":null}},"line":109},"11":{"name":"(anonymous_11)","decl":{"start":{"line":113,"column":13},"end":{"line":113,"column":19}},"loc":{"start":{"line":113,"column":19},"end":{"line":115,"column":null}},"line":113},"12":{"name":"(anonymous_12)","decl":{"start":{"line":118,"column":22},"end":{"line":118,"column":23}},"loc":{"start":{"line":118,"column":38},"end":{"line":121,"column":null}},"line":118},"13":{"name":"(anonymous_13)","decl":{"start":{"line":123,"column":23},"end":{"line":123,"column":29}},"loc":{"start":{"line":123,"column":29},"end":{"line":130,"column":null}},"line":123},"14":{"name":"(anonymous_14)","decl":{"start":{"line":132,"column":29},"end":{"line":132,"column":35}},"loc":{"start":{"line":132,"column":35},"end":{"line":143,"column":null}},"line":132},"15":{"name":"(anonymous_15)","decl":{"start":{"line":139,"column":6},"end":{"line":139,"column":13}},"loc":{"start":{"line":139,"column":13},"end":{"line":141,"column":null}},"line":139},"16":{"name":"(anonymous_16)","decl":{"start":{"line":145,"column":27},"end":{"line":145,"column":28}},"loc":{"start":{"line":145,"column":43},"end":{"line":148,"column":null}},"line":145},"17":{"name":"(anonymous_17)","decl":{"start":{"line":150,"column":25},"end":{"line":150,"column":26}},"loc":{"start":{"line":150,"column":41},"end":{"line":153,"column":null}},"line":150},"18":{"name":"(anonymous_18)","decl":{"start":{"line":155,"column":29},"end":{"line":155,"column":30}},"loc":{"start":{"line":155,"column":45},"end":{"line":177,"column":null}},"line":155},"19":{"name":"(anonymous_19)","decl":{"start":{"line":162,"column":20},"end":{"line":162,"column":21}},"loc":{"start":{"line":162,"column":27},"end":{"line":162,"column":null}},"line":162},"20":{"name":"(anonymous_20)","decl":{"start":{"line":168,"column":6},"end":{"line":168,"column":13}},"loc":{"start":{"line":168,"column":13},"end":{"line":174,"column":null}},"line":168},"21":{"name":"(anonymous_21)","decl":{"start":{"line":175,"column":18},"end":{"line":175,"column":24}},"loc":{"start":{"line":175,"column":24},"end":{"line":175,"column":null}},"line":175},"22":{"name":"(anonymous_22)","decl":{"start":{"line":183,"column":32},"end":{"line":183,"column":33}},"loc":{"start":{"line":183,"column":39},"end":{"line":183,"column":61}},"line":183},"23":{"name":"(anonymous_23)","decl":{"start":{"line":184,"column":32},"end":{"line":184,"column":33}},"loc":{"start":{"line":184,"column":39},"end":{"line":184,"column":61}},"line":184},"24":{"name":"(anonymous_24)","decl":{"start":{"line":194,"column":14},"end":{"line":194,"column":15}},"loc":{"start":{"line":194,"column":32},"end":{"line":194,"column":null}},"line":194},"25":{"name":"(anonymous_25)","decl":{"start":{"line":200,"column":14},"end":{"line":200,"column":15}},"loc":{"start":{"line":200,"column":44},"end":{"line":200,"column":null}},"line":200},"26":{"name":"(anonymous_26)","decl":{"start":{"line":206,"column":14},"end":{"line":206,"column":15}},"loc":{"start":{"line":206,"column":44},"end":{"line":206,"column":null}},"line":206},"27":{"name":"(anonymous_27)","decl":{"start":{"line":212,"column":14},"end":{"line":212,"column":15}},"loc":{"start":{"line":212,"column":48},"end":{"line":244,"column":null}},"line":212},"28":{"name":"(anonymous_28)","decl":{"start":{"line":250,"column":14},"end":{"line":250,"column":15}},"loc":{"start":{"line":250,"column":34},"end":{"line":260,"column":null}},"line":250},"29":{"name":"(anonymous_29)","decl":{"start":{"line":266,"column":14},"end":{"line":266,"column":15}},"loc":{"start":{"line":266,"column":33},"end":{"line":266,"column":null}},"line":266},"30":{"name":"(anonymous_30)","decl":{"start":{"line":272,"column":14},"end":{"line":272,"column":15}},"loc":{"start":{"line":272,"column":33},"end":{"line":272,"column":null}},"line":272},"31":{"name":"(anonymous_31)","decl":{"start":{"line":279,"column":14},"end":{"line":279,"column":15}},"loc":{"start":{"line":280,"column":8},"end":{"line":321,"column":null}},"line":280},"32":{"name":"(anonymous_32)","decl":{"start":{"line":286,"column":21},"end":{"line":286,"column":27}},"loc":{"start":{"line":286,"column":27},"end":{"line":286,"column":null}},"line":286},"33":{"name":"(anonymous_33)","decl":{"start":{"line":293,"column":21},"end":{"line":293,"column":27}},"loc":{"start":{"line":293,"column":27},"end":{"line":293,"column":null}},"line":293},"34":{"name":"(anonymous_34)","decl":{"start":{"line":303,"column":25},"end":{"line":303,"column":31}},"loc":{"start":{"line":303,"column":31},"end":{"line":303,"column":null}},"line":303},"35":{"name":"(anonymous_35)","decl":{"start":{"line":316,"column":25},"end":{"line":316,"column":31}},"loc":{"start":{"line":316,"column":31},"end":{"line":316,"column":null}},"line":316},"36":{"name":"(anonymous_36)","decl":{"start":{"line":392,"column":42},"end":{"line":392,"column":48}},"loc":{"start":{"line":392,"column":48},"end":{"line":392,"column":73}},"line":392},"37":{"name":"(anonymous_37)","decl":{"start":{"line":406,"column":20},"end":{"line":406,"column":21}},"loc":{"start":{"line":406,"column":27},"end":{"line":406,"column":null}},"line":406},"38":{"name":"(anonymous_38)","decl":{"start":{"line":407,"column":24},"end":{"line":407,"column":30}},"loc":{"start":{"line":407,"column":30},"end":{"line":407,"column":null}},"line":407},"39":{"name":"(anonymous_39)","decl":{"start":{"line":427,"column":20},"end":{"line":427,"column":21}},"loc":{"start":{"line":427,"column":31},"end":{"line":427,"column":null}},"line":427},"40":{"name":"(anonymous_40)","decl":{"start":{"line":438,"column":51},"end":{"line":438,"column":57}},"loc":{"start":{"line":438,"column":57},"end":{"line":438,"column":82}},"line":438},"41":{"name":"(anonymous_41)","decl":{"start":{"line":455,"column":21},"end":{"line":455,"column":22}},"loc":{"start":{"line":455,"column":32},"end":{"line":455,"column":null}},"line":455},"42":{"name":"(anonymous_42)","decl":{"start":{"line":456,"column":20},"end":{"line":456,"column":21}},"loc":{"start":{"line":456,"column":46},"end":{"line":459,"column":null}},"line":456},"43":{"name":"(anonymous_43)","decl":{"start":{"line":467,"column":18},"end":{"line":467,"column":24}},"loc":{"start":{"line":467,"column":24},"end":{"line":467,"column":null}},"line":467},"44":{"name":"(anonymous_44)","decl":{"start":{"line":469,"column":39},"end":{"line":469,"column":45}},"loc":{"start":{"line":469,"column":45},"end":{"line":469,"column":74}},"line":469},"45":{"name":"(anonymous_45)","decl":{"start":{"line":520,"column":26},"end":{"line":520,"column":27}},"loc":{"start":{"line":521,"column":16},"end":{"line":527,"column":null}},"line":521},"46":{"name":"(anonymous_46)","decl":{"start":{"line":540,"column":18},"end":{"line":540,"column":24}},"loc":{"start":{"line":540,"column":24},"end":{"line":543,"column":null}},"line":540},"47":{"name":"(anonymous_47)","decl":{"start":{"line":559,"column":20},"end":{"line":559,"column":21}},"loc":{"start":{"line":559,"column":27},"end":{"line":559,"column":null}},"line":559},"48":{"name":"(anonymous_48)","decl":{"start":{"line":568,"column":18},"end":{"line":568,"column":24}},"loc":{"start":{"line":568,"column":24},"end":{"line":568,"column":null}},"line":568},"49":{"name":"(anonymous_49)","decl":{"start":{"line":570,"column":39},"end":{"line":570,"column":45}},"loc":{"start":{"line":570,"column":45},"end":{"line":570,"column":71}},"line":570},"50":{"name":"(anonymous_50)","decl":{"start":{"line":576,"column":21},"end":{"line":576,"column":27}},"loc":{"start":{"line":576,"column":27},"end":{"line":576,"column":null}},"line":576},"51":{"name":"(anonymous_51)","decl":{"start":{"line":592,"column":53},"end":{"line":592,"column":54}},"loc":{"start":{"line":592,"column":69},"end":{"line":654,"column":null}},"line":592},"52":{"name":"(anonymous_52)","decl":{"start":{"line":598,"column":13},"end":{"line":598,"column":null}},"loc":{"start":{"line":599,"column":6},"end":{"line":599,"column":null}},"line":599},"53":{"name":"(anonymous_53)","decl":{"start":{"line":609,"column":22},"end":{"line":609,"column":23}},"loc":{"start":{"line":610,"column":12},"end":{"line":642,"column":null}},"line":610}},"branchMap":{"0":{"loc":{"start":{"line":63,"column":16},"end":{"line":63,"column":null}},"type":"binary-expr","locations":[{"start":{"line":63,"column":16},"end":{"line":63,"column":26}},{"start":{"line":63,"column":26},"end":{"line":63,"column":null}}],"line":63},"1":{"loc":{"start":{"line":65,"column":18},"end":{"line":65,"column":null}},"type":"cond-expr","locations":[{"start":{"line":65,"column":35},"end":{"line":65,"column":44}},{"start":{"line":65,"column":44},"end":{"line":65,"column":null}}],"line":65},"2":{"loc":{"start":{"line":97,"column":30},"end":{"line":97,"column":45}},"type":"binary-expr","locations":[{"start":{"line":97,"column":30},"end":{"line":97,"column":44}},{"start":{"line":97,"column":44},"end":{"line":97,"column":45}}],"line":97},"3":{"loc":{"start":{"line":124,"column":4},"end":{"line":124,"column":null}},"type":"if","locations":[{"start":{"line":124,"column":4},"end":{"line":124,"column":null}},{"start":{},"end":{}}],"line":124},"4":{"loc":{"start":{"line":125,"column":4},"end":{"line":128,"column":null}},"type":"if","locations":[{"start":{"line":125,"column":4},"end":{"line":128,"column":null}},{"start":{},"end":{}}],"line":125},"5":{"loc":{"start":{"line":169,"column":8},"end":{"line":172,"column":null}},"type":"if","locations":[{"start":{"line":169,"column":8},"end":{"line":172,"column":null}},{"start":{},"end":{}}],"line":169},"6":{"loc":{"start":{"line":181,"column":11},"end":{"line":181,"column":null}},"type":"binary-expr","locations":[{"start":{"line":181,"column":11},"end":{"line":181,"column":26}},{"start":{"line":181,"column":26},"end":{"line":181,"column":null}}],"line":181},"7":{"loc":{"start":{"line":182,"column":15},"end":{"line":182,"column":null}},"type":"binary-expr","locations":[{"start":{"line":182,"column":15},"end":{"line":182,"column":39}},{"start":{"line":182,"column":39},"end":{"line":182,"column":null}}],"line":182},"8":{"loc":{"start":{"line":183,"column":13},"end":{"line":183,"column":null}},"type":"binary-expr","locations":[{"start":{"line":183,"column":13},"end":{"line":183,"column":73}},{"start":{"line":183,"column":73},"end":{"line":183,"column":null}}],"line":183},"9":{"loc":{"start":{"line":184,"column":13},"end":{"line":184,"column":null}},"type":"binary-expr","locations":[{"start":{"line":184,"column":13},"end":{"line":184,"column":73}},{"start":{"line":184,"column":73},"end":{"line":184,"column":null}}],"line":184},"10":{"loc":{"start":{"line":200,"column":44},"end":{"line":200,"column":null}},"type":"binary-expr","locations":[{"start":{"line":200,"column":44},"end":{"line":200,"column":68}},{"start":{"line":200,"column":68},"end":{"line":200,"column":100}},{"start":{"line":200,"column":100},"end":{"line":200,"column":null}}],"line"
[...]
,"/Users/changsailong/.openclaw/workspace/projects/chinese-chess/src/frontend-admin/src/pages/Settings/index.tsx": {"path":"/Users/changsailong/.openclaw/workspace/projects/chinese-chess/src/frontend-admin/src/pages/Settings/index.tsx","statementMap":{"0":{"start":{"line":5,"column":18},"end":{"line":5,"column":null}},"1":{"start":{"line":7,"column":31},"end":{"line":194,"column":null}},"2":{"start":{"line":8,"column":17},"end":{"line":8,"column":null}},"3":{"start":{"line":10,"column":21},"end":{"line":13,"column":null}},"4":{"start":{"line":11,"column":4},"end":{"line":11,"column":null}},"5":{"start":{"line":12,"column":4},"end":{"line":12,"column":null}},"6":{"start":{"line":15,"column":2},"end":{"line":192,"column":null}}},"fnMap":{"0":{"name":"(anonymous_0)","decl":{"start":{"line":7,"column":31},"end":{"line":7,"column":37}},"loc":{"start":{"line":7,"column":37},"end":{"line":194,"column":null}},"line":7},"1":{"name":"(anonymous_1)","decl":{"start":{"line":10,"column":21},"end":{"line":10,"column":22}},"loc":{"start":{"line":10,"column":38},"end":{"line":13,"column":null}},"line":10}},"branchMap":{},"s":{"0":0,"1":0,"2":0,"3":0,"4":0,"5":0,"6":0},"f":{"0":0,"1":0},"b":{},"meta":{"lastBranch":0,"lastFunction":2,"lastStatement":7,"seen":{"s:5:18:5:Infinity":0,"s:7:31:194:Infinity":1,"f:7:31:7:37":0,"s:8:17:8:Infinity":2,"s:10:21:13:Infinity":3,"f:10:21:10:22":1,"s:11:4:11:Infinity":4,"s:12:4:12:Infinity":5,"s:15:2:192:Infinity":6}}}
,"/Users/changsailong/.openclaw/workspace/projects/chinese-chess/src/frontend-admin/src/pages/Users/index.tsx": {"path":"/Users/changsailong/.openclaw/workspace/projects/chinese-chess/src/frontend-admin/src/pages/Users/index.tsx","statementMap":{"0":{"start":{"line":26,"column":24},"end":{"line":26,"column":null}},"1":{"start":{"line":28,"column":28},"end":{"line":284,"column":null}},"2":{"start":{"line":29,"column":22},"end":{"line":29,"column":null}},"3":{"start":{"line":30,"column":30},"end":{"line":30,"column":null}},"4":{"start":{"line":31,"column":26},"end":{"line":31,"column":null}},"5":{"start":{"line":32,"column":38},"end":{"line":32,"column":null}},"6":{"start":{"line":33,"column":38},"end":{"line":33,"column":null}},"7":{"start":{"line":34,"column":48},"end":{"line":34,"column":null}},"8":{"start":{"line":35,"column":8},"end":{"line":35,"column":null}},"9":{"start":{"line":36,"column":23},"end":{"line":36,"column":null}},"10":{"start":{"line":39,"column":26},"end":{"line":48,"column":null}},"11":{"start":{"line":42,"column":6},"end":{"line":47,"column":null}},"12":{"start":{"line":51,"column":8},"end":{"line":61,"column":null}},"13":{"start":{"line":53,"column":6},"end":{"line":53,"column":null}},"14":{"start":{"line":55,"column":6},"end":{"line":55,"column":null}},"15":{"start":{"line":56,"column":6},"end":{"line":56,"column":null}},"16":{"start":{"line":59,"column":6},"end":{"line":59,"column":null}},"17":{"start":{"line":64,"column":8},"end":{"line":73,"column":null}},"18":{"start":{"line":65,"column":32},"end":{"line":65,"column":null}},"19":{"start":{"line":67,"column":6},"end":{"line":67,"column":null}},"20":{"start":{"line":68,"column":6},"end":{"line":68,"column":null}},"21":{"start":{"line":71,"column":6},"end":{"line":71,"column":null}},"22":{"start":{"line":75,"column":27},"end":{"line":78,"column":null}},"23":{"start":{"line":76,"column":4},"end":{"line":76,"column":null}},"24":{"start":{"line":77,"column":4},"end":{"line":77,"column":null}},"25":{"start":{"line":80,"column":29},"end":{"line":82,"column":null}},"26":{"start":{"line":81,"column":4},"end":{"line":81,"column":null}},"27":{"start":{"line":84,"column":23},"end":{"line":86,"column":null}},"28":{"start":{"line":85,"column":4},"end":{"line":85,"column":null}},"29":{"start":{"line":88,"column":18},"end":{"line":193,"column":null}},"30":{"start":{"line":94,"column":8},"end":{"line":97,"column":null}},"31":{"start":{"line":104,"column":36},"end":{"line":104,"column":null}},"32":{"start":{"line":106,"column":8},"end":{"line":106,"column":null}},"33":{"start":{"line":115,"column":48},"end":{"line":119,"column":null}},"34":{"start":{"line":120,"column":28},"end":{"line":120,"column":null}},"35":{"start":{"line":121,"column":8},"end":{"line":121,"column":null}},"36":{"start":{"line":128,"column":24},"end":{"line":130,"column":null}},"37":{"start":{"line":131,"column":8},"end":{"line":137,"column":null}},"38":{"start":{"line":145,"column":32},"end":{"line":145,"column":null}},"39":{"start":{"line":153,"column":8},"end":{"line":190,"column":null}},"40":{"start":{"line":157,"column":27},"end":{"line":157,"column":null}},"41":{"start":{"line":166,"column":35},"end":{"line":166,"column":null}},"42":{"start":{"line":179,"column":31},"end":{"line":179,"column":null}},"43":{"start":{"line":195,"column":2},"end":{"line":282,"column":null}},"44":{"start":{"line":210,"column":27},"end":{"line":210,"column":null}},"45":{"start":{"line":211,"column":30},"end":{"line":211,"column":null}},"46":{"start":{"line":239,"column":32},"end":{"line":239,"column":null}},"47":{"start":{"line":241,"column":12},"end":{"line":241,"column":null}},"48":{"start":{"line":242,"column":12},"end":{"line":242,"column":null}},"49":{"start":{"line":250,"column":24},"end":{"line":250,"column":null}},"50":{"start":{"line":252,"column":45},"end":{"line":252,"column":74}}},"fnMap":{"0":{"name":"(anonymous_0)","decl":{"start":{"line":28,"column":28},"end":{"line":28,"column":34}},"loc":{"start":{"line":28,"column":34},"end":{"line":284,"column":null}},"line":28},"1":{"name":"(anonymous_1)","decl":{"start":{"line":41,"column":13},"end":{"line":41,"column":null}},"loc":{"start":{"line":42,"column":6},"end":{"line":47,"column":null}},"line":42},"2":{"name":"(anonymous_2)","decl":{"start":{"line":52,"column":16},"end":{"line":52,"column":17}},"loc":{"start":{"line":53,"column":6},"end":{"line":53,"column":null}},"line":53},"3":{"name":"(anonymous_3)","decl":{"start":{"line":54,"column":15},"end":{"line":54,"column":21}},"loc":{"start":{"line":54,"column":21},"end":{"line":57,"column":null}},"line":54},"4":{"name":"(anonymous_4)","decl":{"start":{"line":58,"column":13},"end":{"line":58,"column":19}},"loc":{"start":{"line":58,"column":19},"end":{"line":60,"column":null}},"line":58},"5":{"name":"(anonymous_5)","decl":{"start":{"line":65,"column":16},"end":{"line":65,"column":17}},"loc":{"start":{"line":65,"column":32},"end":{"line":65,"column":null}},"line":65},"6":{"name":"(anonymous_6)","decl":{"start":{"line":66,"column":15},"end":{"line":66,"column":21}},"loc":{"start":{"line":66,"column":21},"end":{"line":69,"column":null}},"line":66},"7":{"name":"(anonymous_7)","decl":{"start":{"line":70,"column":13},"end":{"line":70,"column":19}},"loc":{"start":{"line":70,"column":19},"end":{"line":72,"column":null}},"line":70},"8":{"name":"(anonymous_8)","decl":{"start":{"line":75,"column":27},"end":{"line":75,"column":28}},"loc":{"start":{"line":75,"column":43},"end":{"line":78,"column":null}},"line":75},"9":{"name":"(anonymous_9)","decl":{"start":{"line":80,"column":29},"end":{"line":80,"column":30}},"loc":{"start":{"line":80,"column":94},"end":{"line":82,"column":null}},"line":80},"10":{"name":"(anonymous_10)","decl":{"start":{"line":84,"column":23},"end":{"line":84,"column":24}},"loc":{"start":{"line":84,"column":43},"end":{"line":86,"column":null}},"line":84},"11":{"name":"(anonymous_11)","decl":{"start":{"line":93,"column":14},"end":{"line":93,"column":15}},"loc":{"start":{"line":94,"column":8},"end":{"line":97,"column":null}},"line":94},"12":{"name":"(anonymous_12)","decl":{"start":{"line":104,"column":14},"end":{"line":104,"column":15}},"loc":{"start":{"line":104,"column":36},"end":{"line":104,"column":null}},"line":104},"13":{"name":"(anonymous_13)","decl":{"start":{"line":105,"column":14},"end":{"line":105,"column":15}},"loc":{"start":{"line":106,"column":8},"end":{"line":106,"column":null}},"line":106},"14":{"name":"(anonymous_14)","decl":{"start":{"line":114,"column":14},"end":{"line":114,"column":15}},"loc":{"start":{"line":114,"column":34},"end":{"line":122,"column":null}},"line":114},"15":{"name":"(anonymous_15)","decl":{"start":{"line":127,"column":14},"end":{"line":127,"column":15}},"loc":{"start":{"line":127,"column":44},"end":{"line":139,"column":null}},"line":127},"16":{"name":"(anonymous_16)","decl":{"start":{"line":145,"column":14},"end":{"line":145,"column":15}},"loc":{"start":{"line":145,"column":32},"end":{"line":145,"column":null}},"line":145},"17":{"name":"(anonymous_17)","decl":{"start":{"line":152,"column":14},"end":{"line":152,"column":15}},"loc":{"start":{"line":153,"column":8},"end":{"line":190,"column":null}},"line":153},"18":{"name":"(anonymous_18)","decl":{"start":{"line":157,"column":21},"end":{"line":157,"column":27}},"loc":{"start":{"line":157,"column":27},"end":{"line":157,"column":null}},"line":157},"19":{"name":"(anonymous_19)","decl":{"start":{"line":166,"column":24},"end":{"line":166,"column":25}},"loc":{"start":{"line":166,"column":35},"end":{"line":166,"column":null}},"line":166},"20":{"name":"(anonymous_20)","decl":{"start":{"line":179,"column":25},"end":{"line":179,"column":31}},"loc":{"start":{"line":179,"column":31},"end":{"line":179,"column":null}},"line":179},"21":{"name":"(anonymous_21)","decl":{"start":{"line":210,"column":20},"end":{"line":210,"column":21}},"loc":{"start":{"line":210,"column":27},"end":{"line":210,"column":null}},"line":210},"22":{"name":"(anonymous_22)","decl":{"start":{"line":211,"column":24},"end":{"line":211,"column":30}},"loc":{"start":{"line":211,"column":30},"end":{"line":211,"column":null}},"line":211},"23":{"name":"(anonymous_23)","decl":{"start":{"line":239,"column":21},"end":{"line":239,"column":22}},"loc":{"start":{"line":239,"column":32},"end":{"line":239,"column":null}},"line":239},"24":{"name":"(anonymous_24)","decl":{"start":{"line":240,"column":20},"end":{"line":240,"column":21}},"loc":{"start":{"line":240,"column":46},"end":{"line":243,"column":null}},"line":240},"25":{"name":"(anonymous_25)","decl":{"start":{"line":250,"column":18},"end":{"line":250,"column":24}},"loc":{"start":{"line":250,"column":24},"end":{"line":250,"column":null}},"line":250},"26":{"name":"(anonymous_26)","decl":{"start":{"line":252,"column":39},"end":{"line":252,"column":45}},"loc":{"start":{"line":252,"column":45},"end":{"line":252,"column":74}},"line":252}},"branchMap":{"0":{"loc":{"start":{"line":45,"column":16},"end":{"line":45,"column":null}},"type":"binary-expr","locations":[{"start":{"line":45,"column":16},"end":{"line":45,"column":26}},{"start":{"line":45,"column":26},"end":{"line":45,"column":null}}],"line":45},"1":{"loc":{"start":{"line":106,"column":20},"end":{"line":106,"column":51}},"type":"cond-expr","locations":[{"start":{"line":106,"column":33},"end":{"line":106,"column":42}},{"start":{"line":106,"column":42},"end":{"line":106,"column":51}}],"line":106},"2":{"loc":{"start":{"line":120,"column":28},"end":{"line":120,"column":null}},"type":"cond-expr","locations":[{"start":{"line":120,"column":50},"end":{"line":120,"column":62}},{"start":{"line":120,"column":62},"end":{"line":120,"column":null}}],"line":120},"3":{"loc":{"start":{"line":120,"column":62},"end":{"line":120,"column":null}},"type":"cond-expr","locations":[{"start":{"line":120,"column":84},"end":{"line":120,"column":94}},{"start":{"line":120,"column":94},"end":{"line":120,"column":null}}],"line":120},"4":{"loc":{"start":{"line":128,"column":24},"end":{"line":130,"column":null}},"type":"cond-expr","locations":[{"start":{"line":128,"column":44},"end":{"line":129,"column":null}},{"start":{"line":130,"column":12},"end":{"line":130,"column":null}}],"line":128},"5":{"loc":{"start":{"line":135,"column":36},"end":{"line":135,"column":81}},"type":"cond-expr","locations":[{"start":{"line":135,"column":59},"end":{"line":135,"column":71}},{"start":{"line":135,"column":71},"end":{"line":135,"column":81}}],"line":135},"6":{"loc":{"start":{"line":145,"column":32},"end":{"line":145,"column":null}},"type":"cond-expr","locations":[{"start":{"line":145,"column":39},"end":{"line":145,"column":84}},{"start":{"line":145,"column":84},"end":{"line":145,"column":null}}],"line":145},"7":{"loc":{"start":{"line":161,"column":26},"end":{"line":161,"column":null}},"type":"cond-expr","locations":[{"start":{"line":161,"column":42},"end":{"line":161,"column":51}},{"start":{"line":161,"column":51},"end":{"line":161,"column":null}}],"line":161},"8":{"loc":{"start":{"line":175,"column":26},"end":{"line":175,"column":null}},"type":"cond-expr","locations":[{"start":{"line":175,"column":42},"end":{"line":175,"column":51}},{"start":{"line":175,"column":51},"end":{"line":175,"column":null}}],"line":175},"9":{"loc":{"start":{"line":258,"column":9},"end":{"line":279,"column":null}},"type":"binary-expr","locations":[{"start":{"line":258,"column":9},"end":{"line":258,"column":null}},{"start":{"line":259,"column":10},"end":{"line":279,"column":null}}],"line":258},"10":{"loc":{"start":{"line":263,"column":65},"end":{"line":263,"column":94}},"type":"binary-expr","locations":[{"start":{"line":263,"column":65},"end":{"line":263,"column":90}},{"start":{"line":263,"column":90},"end":{"line":263,"column":94}}],"line":263},"11":{"loc":{"start":{"line":277,"column":65},"end":{"line":277,"column":157}},"type":"cond-expr","locations":[{"start":{"line":277,"column":92},"end":{"line":277,"column":153}},{"start":{"line":277,"column":153},"end":{"line":277,"column":157}}],"line":277}},"s":{"0":0,"1":0,"2":0,"3":0,"4":0,"5":0,"6":0,"7":0,"8":0,"9":0,"10":0,"11":0,"12":0,"13":0,"14":0,"15":0,"16":0,"17":0,"18":0,"19":0,"20":0,"21":0,"22":0,"23":0,"24":0,"25":0,"26":0,"27":0,"28":0,"29":0,"30":0,"31":0,"32":0,"33":0,"34":0,"35":0,"36":0,"37":0,"38":0,"39":0,"40":0,"41":0,"42":0,"43":0,"44":0,"45":0,"46":0,"47":0,"48":0,"49":0,"50":0},"f":{"0":0,"1":0,"2":0,"3":0,"4":0,"5":0,"6":0,"7":0,"8":0,"9":0,"10":0,"11":0,"12":0,"13":0,"14":0,"15":0,"16":0,"17":0,"18":0,"19":0,"20":0,"21":0,"22":0,"23":0,"24":0,"25":0,"26":0},"b":{"0":[0,0],"1":[0,0],"2":[0,0],"3":[0,0],"4":[0,0],"5":[0,0],"6":[0,0],"7":[0,0],"8":[0,0],"9":[0,0],"10":[0,0],"11":[0,0]},"meta":{"lastBranch":12,"lastFunction":27,"lastStatement":51,"seen":{"s:26:24:26:Infinity":0,"s:28:28:284:Infinity":1,"f:28:28:28:34":0,"s:29:22:29:Infinity":2,"s:30:30:30:Infinity":3,"s:31:26:31:Infinity":4,"s:32:38:32:Infinity":5,"s:33:38:33:Infinity":6,"s:34:48:34:Infinity":7,"s:35:8:35:Infinity":8,"s:36:23:36:Infinity":9,"s:39:26:48:Infinity":10,"f:41:13:41:Infinity":1,"s:42:6:47:Infinity":11,"b:45:16:45:26:45:26:45:Infinity":0,"s:51:8:61:Infinity":12,"f:52:16:52:17":2,"s:53:6:53:Infinity":13,"f:54:15:54:21":3,"s:55:6:55:Infinity":14,"s:56:6:56:Infinity":15,"f:58:13:58:19":4,"s:59:6:59:Infinity":16,"s:64:8:73:Infinity":17,"f:65:16:65:17":5,"s:65:32:65:Infinity":18,"f:66:15:66:21":6,"s:67:6:67:Infinity":19,"s:68:6:68:Infinity":20,"f:70:13:70:19":7,"s:71:6:71:Infinity":21,"s:75:27:78:Infinity":22,"f:75:27:75:28":8,"s:76:4:76:Infinity":23,"s:77:4:77:Infinity":24,"s:80:29:82:Infinity":25,"f:80:29:80:30":9,"s:81:4:81:Infinity":26,"s:84:23:86:Infinity":27,"f:84:23:84:24":10,"s:85:4:85:Infinity":28,"s:88:18:193:Infinity":29,"f:93:14:93:15":11,"s:94:8:97:Infinity":30,"f:104:14:104:15":12,"s:104:36:104:Infinity":31,"f:105:14:105:15":13,"s:106:8:106:Infinity":32,"b:106:33:106:42:106:42:106:51":1,"f:114:14:114:15":14,"s:115:48:119:Infinity":33,"s:120:28:120:Infinity":34,"b:120:50:120:62:120:62:120:Infinity":2,"b:120:84:120:94:120:94:120:Infinity":3,"s:121:8:121:Infinity":35,"f:127:14:127:15":15,"s:128:24:130:Infinity":36,"b:128:44:129:Infinity:130:12:130:Infinity":4,"s:131:8:137:Infinity":37,"b:135:59:135:71:135:71:135:81":5,"f:145:14:145:15":16,"s:145:32:145:Infinity":38,"b:145:39:145:84:145:84:145:Infinity":6,"f:152:14:152:15":17,"s:153:8:190:Infinity":39,"f:157:21:157:27":18,"s:157:27:157:Infinity":40,"b:161:42:161:51:161:51:161:Infinity":7,"f:166:24:166:25":19,"s:166:35:166:Infinity":41,"b:175:42:175:51:175:51:175:Infinity":8,"f:179:25:179:31":20,"s:179:31:179:Infinity":42,"s:195:2:282:Infinity":43,"f:210:20:210:21":21,"s:210:27:210:Infinity":44,"f:211:24:211:30":22,"s:211:30:211:Infinity":45,"f:239:21:239:22":23,"s:239:32:239:Infinity":46,"f:240:20:240:21":24,"s:241:12:241:Infinity":47,"s:242:12:242:Infinity":48,"f:250:18:250:24":25,"s:250:24:250:Infinity":49,"f:252:39:252:45":26,"s:252:45:252:74":50,"b:258:9:258:Infinity:259:10:279:Infinity":9,"b:263:65:263:90:263:90:263:94":10,"b:277:92:277:153:277:153:277:157":11}}}
,"/Users/changsailong/.openclaw/workspace/projects/chinese-chess/src/frontend-admin/src/stores/auth.ts": {"path":"/Users/changsailong/.openclaw/workspace/projects/chinese-chess/src/frontend-admin/src/stores/auth.ts","statementMap":{"0":{"start":{"line":23,"column":13},"end":{"line":75,"column":null}},"1":{"start":{"line":25,"column":14},"end":{"line":69,"column":null}},"2":{"start":{"line":33,"column":8},"end":{"line":33,"column":null}},"3":{"start":{"line":34,"column":8},"end":{"line":53,"column":null}},"4":{"start":{"line":35,"column":27},"end":{"line":35,"column":null}},"5":{"start":{"line":36,"column":34},"end":{"line":36,"column":null}},"6":{"start":{"line":39,"column":10},"end":{"line":39,"column":null}},"7":{"start":{"line":41,"column":10},"end":{"line":46,"column":null}},"8":{"start":{"line":48,"column":10},"end":{"line":51,"column":null}},"9":{"start":{"line":52,"column":10},"end":{"line":52,"column":null}},"10":{"start":{"line":57,"column":8},"end":{"line":57,"column":null}},"11":{"start":{"line":58,"column":8},"end":{"line":63,"column":null}},"12":{"start":{"line":67,"column":8},"end":{"line":67,"column":null}},"13":{"start":{"line":72,"column":30},"end":{"line":72,"column":null}}},"fnMap":{"0":{"name":"(anonymous_0)","decl":{"start":{"line":25,"column":4},"end":{"line":25,"column":5}},"loc":{"start":{"line":25,"column":14},"end":{"line":69,"column":null}},"line":25},"1":{"name":"(anonymous_1)","decl":{"start":{"line":32,"column":13},"end":{"line":32,"column":20}},"loc":{"start":{"line":32,"column":50},"end":{"line":54,"column":null}},"line":32},"2":{"name":"(anonymous_2)","decl":{"start":{"line":56,"column":14},"end":{"line":56,"column":20}},"loc":{"start":{"line":56,"column":20},"end":{"line":64,"column":null}},"line":56},"3":{"name":"(anonymous_3)","decl":{"start":{"line":66,"column":18},"end":{"line":66,"column":24}},"loc":{"start":{"line":66,"column":24},"end":{"line":68,"column":null}},"line":66},"4":{"name":"(anonymous_4)","decl":{"start":{"line":72,"column":18},"end":{"line":72,"column":19}},"loc":{"start":{"line":72,"column":30},"end":{"line":72,"column":null}},"line":72}},"branchMap":{"0":{"loc":{"start":{"line":49,"column":19},"end":{"line":49,"column":null}},"type":"binary-expr","locations":[{"start":{"line":49,"column":19},"end":{"line":49,"column":52}},{"start":{"line":49,"column":52},"end":{"line":49,"column":null}}],"line":49}},"s":{"0":2,"1":2,"2":0,"3":0,"4":0,"5":0,"6":0,"7":0,"8":0,"9":0,"10":0,"11":0,"12":0,"13":29},"f":{"0":2,"1":0,"2":0,"3":0,"4":29},"b":{"0":[0,0]},"meta":{"lastBranch":1,"lastFunction":5,"lastStatement":14,"seen":{"s:23:13:75:Infinity":0,"f:25:4:25:5":0,"s:25:14:69:Infinity":1,"f:32:13:32:20":1,"s:33:8:33:Infinity":2,"s:34:8:53:Infinity":3,"s:35:27:35:Infinity":4,"s:36:34:36:Infinity":5,"s:39:10:39:Infinity":6,"s:41:10:46:Infinity":7,"s:48:10:51:Infinity":8,"b:49:19:49:52:49:52:49:Infinity":0,"s:52:10:52:Infinity":9,"f:56:14:56:20":2,"s:57:8:57:Infinity":10,"s:58:8:63:Infinity":11,"f:66:18:66:24":3,"s:67:8:67:Infinity":12,"f:72:18:72:19":4,"s:72:30:72:Infinity":13}}}
,"/Users/changsailong/.openclaw/workspace/projects/chinese-chess/src/frontend-admin/src/types/index.ts": {"path":"/Users/changsailong/.openclaw/workspace/projects/chinese-chess/src/frontend-admin/src/types/index.ts","statementMap":{},"fnMap":{},"branchMap":{},"s":{},"f":{},"b":{},"meta":{"lastBranch":0,"lastFunction":0,"lastStatement":0,"seen":{}}}
}
