TN:
SF:src/App.tsx
FN:30,(anonymous_0)
FN:40,App
FNF:2
FNH:0
FNDA:0,(anonymous_0)
FNDA:0,App
DA:20,0
DA:30,0
DA:31,0
DA:33,0
DA:34,0
DA:37,0
DA:41,0
LF:7
LH:0
BRDA:33,0,0,0
BRDA:33,0,1,0
BRF:2
BRH:0
end_of_record
TN:
SF:src/api/ai.ts
FN:16,(anonymous_0)
FN:25,(anonymous_1)
FN:31,(anonymous_2)
FN:37,(anonymous_3)
FN:43,(anonymous_4)
FN:49,(anonymous_5)
FNF:6
FNH:6
FNDA:1,(anonymous_0)
FNDA:1,(anonymous_1)
FNDA:1,(anonymous_2)
FNDA:1,(anonymous_3)
FNDA:1,(anonymous_4)
FNDA:1,(anonymous_5)
DA:4,1
DA:14,1
DA:20,1
DA:21,1
DA:26,1
DA:27,1
DA:32,1
DA:33,1
DA:38,1
DA:39,1
DA:44,1
DA:45,1
DA:54,1
DA:55,1
LF:14
LH:14
BRF:0
BRH:0
end_of_record
TN:
SF:src/api/auth.ts
FN:8,(anonymous_0)
FN:14,(anonymous_1)
FN:19,(anonymous_2)
FNF:3
FNH:3
FNDA:1,(anonymous_0)
FNDA:1,(anonymous_1)
FNDA:1,(anonymous_2)
DA:4,3
DA:6,3
DA:9,1
DA:10,1
DA:15,1
DA:25,1
DA:26,1
LF:7
LH:7
BRF:0
BRH:0
end_of_record
TN:
SF:src/api/games.ts
FN:19,(anonymous_0)
FN:25,(anonymous_1)
FN:31,(anonymous_2)
FN:42,(anonymous_3)
FN:47,(anonymous_4)
FN:55,(anonymous_5)
FN:61,(anonymous_6)
FN:67,(anonymous_7)
FN:72,(anonymous_8)
FN:80,(anonymous_9)
FN:85,(anonymous_10)
FN:99,(anonymous_11)
FNF:12
FNH:12
FNDA:1,(anonymous_0)
FNDA:1,(anonymous_1)
FNDA:1,(anonymous_2)
FNDA:1,(anonymous_3)
FNDA:1,(anonymous_4)
FNDA:1,(anonymous_5)
FNDA:1,(anonymous_6)
FNDA:1,(anonymous_7)
FNDA:1,(anonymous_8)
FNDA:1,(anonymous_9)
FNDA:1,(anonymous_10)
FNDA:1,(anonymous_11)
DA:12,1
DA:13,1
DA:15,1
DA:20,1
DA:21,1
DA:26,1
DA:27,1
DA:37,1
DA:38,1
DA:43,1
DA:48,1
DA:49,1
DA:56,1
DA:57,1
DA:62,1
DA:63,1
DA:68,1
DA:73,1
DA:76,1
DA:81,1
DA:91,1
DA:95,1
DA:100,1
DA:104,1
LF:24
LH:24
BRF:0
BRH:0
end_of_record
TN:
SF:src/api/index.ts
FN:19,(anonymous_0)
FN:26,(anonymous_1)
FN:33,(anonymous_2)
FN:36,(anonymous_3)
FN:65,(anonymous_4)
FN:66,(anonymous_5)
FN:68,(anonymous_6)
FN:69,(anonymous_7)
FN:71,(anonymous_8)
FN:72,(anonymous_9)
FN:74,(anonymous_10)
FN:75,(anonymous_11)
FNF:12
FNH:0
FNDA:0,(anonymous_0)
FNDA:0,(anonymous_1)
FNDA:0,(anonymous_2)
FNDA:0,(anonymous_3)
FNDA:0,(anonymous_4)
FNDA:0,(anonymous_5)
FNDA:0,(anonymous_6)
FNDA:0,(anonymous_7)
FNDA:0,(anonymous_8)
FNDA:0,(anonymous_9)
FNDA:0,(anonymous_10)
FNDA:0,(anonymous_11)
DA:6,2
DA:9,2
DA:18,2
DA:20,0
DA:21,0
DA:22,0
DA:24,0
DA:27,0
DA:32,2
DA:34,0
DA:37,0
DA:38,0
DA:41,0
DA:42,0
DA:43,0
DA:47,0
DA:48,0
DA:52,0
DA:53,0
DA:57,0
DA:64,2
DA:66,0
DA:69,0
DA:72,0
DA:75,0
LF:25
LH:5
BRDA:21,0,0,0
BRDA:21,0,1,0
BRDA:21,1,0,0
BRDA:21,1,1,0
BRDA:37,2,0,0
BRDA:37,2,1,0
BRDA:41,3,0,0
BRDA:41,3,1,0
BRDA:47,4,0,0
BRDA:47,4,1,0
BRDA:52,5,0,0
BRDA:52,5,1,0
BRF:12
BRH:0
end_of_record
TN:
SF:src/api/matchmaking.ts
FN:8,(anonymous_0)
FN:17,(anonymous_1)
FN:26,(anonymous_2)
FN:37,(anonymous_3)
FN:42,(anonymous_4)
FNF:5
FNH:5
FNDA:1,(anonymous_0)
FNDA:1,(anonymous_1)
FNDA:1,(anonymous_2)
FNDA:1,(anonymous_3)
FNDA:1,(anonymous_4)
DA:4,1
DA:6,1
DA:12,1
DA:13,1
DA:21,1
DA:22,1
DA:32,1
DA:33,1
DA:38,1
DA:43,1
LF:10
LH:10
BRF:0
BRH:0
end_of_record
TN:
SF:src/api/statistics.ts
FN:8,(anonymous_0)
FN:22,(anonymous_1)
FN:31,(anonymous_2)
FN:41,(anonymous_3)
FNF:4
FNH:4
FNDA:1,(anonymous_0)
FNDA:1,(anonymous_1)
FNDA:1,(anonymous_2)
FNDA:1,(anonymous_3)
DA:4,1
DA:6,1
DA:17,1
DA:18,1
DA:26,1
DA:27,1
DA:36,1
DA:37,1
DA:50,1
DA:51,1
LF:10
LH:10
BRF:0
BRH:0
end_of_record
TN:
SF:src/api/users.ts
FN:8,(anonymous_0)
FN:14,(anonymous_1)
FN:20,(anonymous_2)
FN:26,(anonymous_3)
FN:32,(anonymous_4)
FNF:5
FNH:5
FNDA:1,(anonymous_0)
FNDA:1,(anonymous_1)
FNDA:1,(anonymous_2)
FNDA:1,(anonymous_3)
FNDA:1,(anonymous_4)
DA:4,1
DA:6,1
DA:9,1
DA:10,1
DA:15,1
DA:16,1
DA:21,1
DA:22,1
DA:27,1
DA:28,1
DA:33,1
LF:11
LH:11
BRF:0
BRH:0
end_of_record
TN:
SF:src/components/Charts/DistributionChart.tsx
FN:18,(anonymous_0)
FN:30,(anonymous_1)
FNF:2
FNH:2
FNDA:5,(anonymous_0)
FNDA:15,(anonymous_1)
DA:16,1
DA:18,1
DA:19,5
DA:31,15
LF:4
LH:4
BRDA:18,0,0,5
BRF:1
BRH:1
end_of_record
TN:
SF:src/components/Charts/TrendChart.tsx
FN:20,(anonymous_0)
FNF:1
FNH:1
FNDA:5,(anonymous_0)
DA:20,1
DA:21,5
LF:2
LH:2
BRDA:20,0,0,5
BRF:1
BRH:1
end_of_record
TN:
SF:src/components/Layout/index.tsx
FN:46,(anonymous_0)
FN:97,(anonymous_1)
FN:100,(anonymous_2)
FN:103,(anonymous_3)
FN:113,(anonymous_4)
FN:127,(anonymous_5)
FN:128,(anonymous_6)
FN:156,(anonymous_7)
FN:241,(anonymous_8)
FN:283,(anonymous_9)
FN:308,(anonymous_10)
FNF:11
FNH:0
FNDA:0,(anonymous_0)
FNDA:0,(anonymous_1)
FNDA:0,(anonymous_2)
FNDA:0,(anonymous_3)
FNDA:0,(anonymous_4)
FNDA:0,(anonymous_5)
FNDA:0,(anonymous_6)
FNDA:0,(anonymous_7)
FNDA:0,(anonymous_8)
FNDA:0,(anonymous_9)
FNDA:0,(anonymous_10)
DA:25,0
DA:27,0
DA:37,0
DA:46,0
DA:47,0
DA:48,0
DA:49,0
DA:50,0
DA:51,0
DA:52,0
DA:55,0
DA:57,0
DA:93,0
DA:94,0
DA:97,0
DA:98,0
DA:99,0
DA:100,0
DA:103,0
DA:104,0
DA:105,0
DA:108,0
DA:113,0
DA:127,0
DA:128,0
DA:129,0
DA:130,0
DA:131,0
DA:132,0
DA:145,0
DA:157,0
DA:241,0
DA:283,0
DA:308,0
LF:34
LH:0
BRDA:83,0,0,0
BRDA:83,0,1,0
BRDA:93,1,0,0
BRDA:93,1,1,0
BRDA:93,2,0,0
BRDA:93,2,1,0
BRDA:130,3,0,0
BRDA:130,3,1,0
BRDA:134,4,0,0
BRDA:134,4,1,0
BRDA:138,5,0,0
BRDA:138,5,1,0
BRDA:157,6,0,0
BRDA:157,6,1,0
BRDA:168,7,0,0
BRDA:168,7,1,0
BRDA:185,8,0,0
BRDA:185,8,1,0
BRDA:218,9,0,0
BRDA:218,9,1,0
BRDA:255,10,0,0
BRDA:255,10,1,0
BRDA:281,11,0,0
BRDA:281,11,1,0
BRDA:295,12,0,0
BRDA:295,12,1,0
BRDA:355,13,0,0
BRDA:355,13,1,0
BRDA:357,14,0,0
BRDA:357,14,1,0
BRDA:399,15,0,0
BRDA:399,15,1,0
BRF:32
BRH:0
end_of_record
TN:
SF:src/hooks/useHasPermission.ts
FN:4,(anonymous_0)
FN:7,(anonymous_1)
FNF:2
FNH:2
FNDA:11,(anonymous_0)
FNDA:15,(anonymous_1)
DA:4,1
DA:5,11
DA:7,11
DA:8,15
DA:10,13
DA:11,9
DA:14,4
DA:17,11
DA:18,11
DA:20,11
LF:10
LH:10
BRDA:8,0,0,2
BRDA:8,0,1,13
BRDA:10,1,0,9
BRDA:10,1,1,4
BRF:4
BRH:4
end_of_record
TN:
SF:src/pages/AI/index.tsx
FN:36,(anonymous_0)
FN:45,(anonymous_1)
FN:51,(anonymous_2)
FN:55,(anonymous_3)
FN:61,(anonymous_4)
FN:70,(anonymous_5)
FN:75,(anonymous_6)
FN:76,(anonymous_7)
FN:80,(anonymous_8)
FN:85,(anonymous_9)
FN:86,(anonymous_10)
FN:90,(anonymous_11)
FN:98,(anonymous_12)
FN:104,(anonymous_13)
FN:110,(anonymous_14)
FN:129,(anonymous_15)
FN:135,(anonymous_16)
FN:151,(anonymous_17)
FN:174,(anonymous_18)
FN:205,(anonymous_19)
FN:241,(anonymous_20)
FNF:21
FNH:0
FNDA:0,(anonymous_0)
FNDA:0,(anonymous_1)
FNDA:0,(anonymous_2)
FNDA:0,(anonymous_3)
FNDA:0,(anonymous_4)
FNDA:0,(anonymous_5)
FNDA:0,(anonymous_6)
FNDA:0,(anonymous_7)
FNDA:0,(anonymous_8)
FNDA:0,(anonymous_9)
FNDA:0,(anonymous_10)
FNDA:0,(anonymous_11)
FNDA:0,(anonymous_12)
FNDA:0,(anonymous_13)
FNDA:0,(anonymous_14)
FNDA:0,(anonymous_15)
FNDA:0,(anonymous_16)
FNDA:0,(anonymous_17)
FNDA:0,(anonymous_18)
FNDA:0,(anonymous_19)
FNDA:0,(anonymous_20)
DA:34,0
DA:36,0
DA:37,0
DA:38,0
DA:39,0
DA:40,0
DA:43,0
DA:45,0
DA:49,0
DA:51,0
DA:55,0
DA:56,0
DA:57,0
DA:61,0
DA:62,0
DA:63,0
DA:68,0
DA:70,0
DA:74,0
DA:75,0
DA:77,0
DA:78,0
DA:80,0
DA:84,0
DA:85,0
DA:87,0
DA:88,0
DA:90,0
DA:93,0
DA:98,0
DA:104,0
DA:111,0
DA:116,0
DA:117,0
DA:129,0
DA:135,0
DA:139,0
DA:152,0
DA:153,0
DA:174,0
DA:205,0
DA:241,0
LF:42
LH:0
BRDA:56,0,0,0
BRDA:56,0,1,0
BRDA:62,1,0,0
BRDA:62,1,1,0
BRDA:116,2,0,0
BRDA:116,2,1,0
BRDA:144,3,0,0
BRDA:144,3,1,0
BRDA:147,4,0,0
BRDA:147,4,1,0
BRDA:237,5,0,0
BRDA:237,5,1,0
BRF:12
BRH:0
end_of_record
TN:
SF:src/pages/Dashboard/index.tsx
FN:17,(anonymous_0)
FN:20,(anonymous_1)
FN:26,(anonymous_2)
FN:89,(anonymous_3)
FNF:4
FNH:0
FNDA:0,(anonymous_0)
FNDA:0,(anonymous_1)
FNDA:0,(anonymous_2)
FNDA:0,(anonymous_3)
DA:15,0
DA:17,0
DA:18,0
DA:20,0
DA:24,0
DA:26,0
DA:32,0
DA:33,0
DA:40,0
DA:71,0
DA:76,0
DA:90,0
LF:12
LH:0
BRDA:32,0,0,0
BRDA:32,0,1,0
BRDA:43,1,0,0
BRDA:43,1,1,0
BRDA:50,2,0,0
BRDA:50,2,1,0
BRDA:57,3,0,0
BRDA:57,3,1,0
BRDA:64,4,0,0
BRDA:64,4,1,0
BRDA:72,5,0,0
BRDA:72,5,1,0
BRDA:73,6,0,0
BRDA:73,6,1,0
BRDA:122,7,0,0
BRDA:122,7,1,0
BRDA:148,8,0,0
BRDA:148,8,1,0
BRDA:160,9,0,0
BRDA:160,9,1,0
BRDA:172,10,0,0
BRDA:172,10,1,0
BRF:22
BRH:0
end_of_record
TN:
SF:src/pages/Games/index.tsx
FN:41,(anonymous_0)
FN:59,(anonymous_1)
FN:73,(anonymous_2)
FN:80,(anonymous_3)
FN:82,(anonymous_4)
FN:88,(anonymous_5)
FN:95,(anonymous_6)
FN:96,(anonymous_7)
FN:100,(anonymous_8)
FN:107,(anonymous_9)
FN:109,(anonymous_10)
FN:113,(anonymous_11)
FN:118,(anonymous_12)
FN:123,(anonymous_13)
FN:132,(anonymous_14)
FN:139,(anonymous_15)
FN:145,(anonymous_16)
FN:150,(anonymous_17)
FN:155,(anonymous_18)
FN:162,(anonymous_19)
FN:168,(anonymous_20)
FN:175,(anonymous_21)
FN:183,(anonymous_22)
FN:184,(anonymous_23)
FN:194,(anonymous_24)
FN:200,(anonymous_25)
FN:206,(anonymous_26)
FN:212,(anonymous_27)
FN:250,(anonymous_28)
FN:266,(anonymous_29)
FN:272,(anonymous_30)
FN:279,(anonymous_31)
FN:286,(anonymous_32)
FN:293,(anonymous_33)
FN:303,(anonymous_34)
FN:316,(anonymous_35)
FN:392,(anonymous_36)
FN:406,(anonymous_37)
FN:407,(anonymous_38)
FN:427,(anonymous_39)
FN:438,(anonymous_40)
FN:455,(anonymous_41)
FN:456,(anonymous_42)
FN:467,(anonymous_43)
FN:469,(anonymous_44)
FN:520,(anonymous_45)
FN:540,(anonymous_46)
FN:559,(anonymous_47)
FN:568,(anonymous_48)
FN:570,(anonymous_49)
FN:576,(anonymous_50)
FN:592,(anonymous_51)
FN:598,(anonymous_52)
FN:609,(anonymous_53)
FNF:54
FNH:0
FNDA:0,(anonymous_0)
FNDA:0,(anonymous_1)
FNDA:0,(anonymous_2)
FNDA:0,(anonymous_3)
FNDA:0,(anonymous_4)
FNDA:0,(anonymous_5)
FNDA:0,(anonymous_6)
FNDA:0,(anonymous_7)
FNDA:0,(anonymous_8)
FNDA:0,(anonymous_9)
FNDA:0,(anonymous_10)
FNDA:0,(anonymous_11)
FNDA:0,(anonymous_12)
FNDA:0,(anonymous_13)
FNDA:0,(anonymous_14)
FNDA:0,(anonymous_15)
FNDA:0,(anonymous_16)
FNDA:0,(anonymous_17)
FNDA:0,(anonymous_18)
FNDA:0,(anonymous_19)
FNDA:0,(anonymous_20)
FNDA:0,(anonymous_21)
FNDA:0,(anonymous_22)
FNDA:0,(anonymous_23)
FNDA:0,(anonymous_24)
FNDA:0,(anonymous_25)
FNDA:0,(anonymous_26)
FNDA:0,(anonymous_27)
FNDA:0,(anonymous_28)
FNDA:0,(anonymous_29)
FNDA:0,(anonymous_30)
FNDA:0,(anonymous_31)
FNDA:0,(anonymous_32)
FNDA:0,(anonymous_33)
FNDA:0,(anonymous_34)
FNDA:0,(anonymous_35)
FNDA:0,(anonymous_36)
FNDA:0,(anonymous_37)
FNDA:0,(anonymous_38)
FNDA:0,(anonymous_39)
FNDA:0,(anonymous_40)
FNDA:0,(anonymous_41)
FNDA:0,(anonymous_42)
FNDA:0,(anonymous_43)
FNDA:0,(anonymous_44)
FNDA:0,(anonymous_45)
FNDA:0,(anonymous_46)
FNDA:0,(anonymous_47)
FNDA:0,(anonymous_48)
FNDA:0,(anonymous_49)
FNDA:0,(anonymous_50)
FNDA:0,(anonymous_51)
FNDA:0,(anonymous_52)
FNDA:0,(anonymous_53)
DA:38,0
DA:39,0
DA:41,0
DA:42,0
DA:43,0
DA:44,0
DA:45,0
DA:46,0
DA:47,0
DA:48,0
DA:49,0
DA:50,0
DA:51,0
DA:52,0
DA:53,0
DA:54,0
DA:57,0
DA:60,0
DA:71,0
DA:73,0
DA:79,0
DA:81,0
DA:83,0
DA:84,0
DA:85,0
DA:86,0
DA:89,0
DA:94,0
DA:95,0
DA:97,0
DA:98,0
DA:101,0
DA:106,0
DA:108,0
DA:110,0
DA:111,0
DA:114,0
DA:118,0
DA:119,0
DA:120,0
DA:123,0
DA:124,0
DA:125,0
DA:126,0
DA:127,0
DA:129,0
DA:132,0
DA:133,0
DA:140,0
DA:145,0
DA:146,0
DA:147,0
DA:150,0
DA:151,0
DA:152,0
DA:155,0
DA:156,0
DA:162,0
DA:169,0
DA:170,0
DA:171,0
DA:173,0
DA:175,0
DA:180,0
DA:183,0
DA:184,0
DA:187,0
DA:194,0
DA:200,0
DA:206,0
DA:213,0
DA:221,0
DA:225,0
DA:229,0
DA:251,0
DA:252,0
DA:258,0
DA:259,0
DA:266,0
DA:272,0
DA:280,0
DA:286,0
DA:293,0
DA:303,0
DA:316,0
DA:326,0
DA:327,0
DA:337,0
DA:392,0
DA:406,0
DA:407,0
DA:427,0
DA:438,0
DA:455,0
DA:457,0
DA:458,0
DA:467,0
DA:469,0
DA:521,0
DA:541,0
DA:542,0
DA:559,0
DA:568,0
DA:570,0
DA:576,0
DA:592,0
DA:593,0
DA:594,0
DA:596,0
DA:599,0
DA:602,0
DA:610,0
LF:112
LH:0
BRDA:63,0,0,0
BRDA:63,0,1,0
BRDA:65,1,0,0
BRDA:65,1,1,0
BRDA:97,2,0,0
BRDA:97,2,1,0
BRDA:124,3,0,0
BRDA:124,3,1,0
BRDA:125,4,0,0
BRDA:125,4,1,0
BRDA:169,5,0,0
BRDA:169,5,1,0
BRDA:181,6,0,0
BRDA:181,6,1,0
BRDA:182,7,0,0
BRDA:182,7,1,0
BRDA:183,8,0,0
BRDA:183,8,1,0
BRDA:184,9,0,0
BRDA:184,9,1,0
BRDA:200,10,0,0
BRDA:200,10,1,0
BRDA:200,10,2,0
BRDA:206,11,0,0
BRDA:206,11,1,0
BRDA:206,11,2,0
BRDA:221,12,0,0
BRDA:221,12,1,0
BRDA:225,13,0,0
BRDA:225,13,1,0
BRDA:225,13,2,0
BRDA:232,14,0,0
BRDA:232,14,1,0
BRDA:237,15,0,0
BRDA:237,15,1,0
BRDA:251,16,0,0
BRDA:251,16,1,0
BRDA:258,17,0,0
BRDA:258,17,1,0
BRDA:266,18,0,0
BRDA:266,18,1,0
BRDA:272,19,0,0
BRDA:272,19,1,0
BRDA:297,20,0,0
BRDA:297,20,1,0
BRDA:298,21,0,0
BRDA:298,21,1,0
BRDA:304,22,0,0
BRDA:304,22,1,0
BRDA:311,23,0,0
BRDA:311,23,1,0
BRDA:311,23,2,0
BRDA:317,24,0,0
BRDA:317,24,1,0
BRDA:326,25,0,0
BRDA:326,25,1,0
BRDA:383,26,0,0
BRDA:383,26,1,0
BRDA:426,27,0,0
BRDA:426,27,1,0
BRDA:475,28,0,0
BRDA:475,28,1,0
BRDA:485,29,0,0
BRDA:485,29,1,0
BRDA:488,30,0,0
BRDA:488,30,1,0
BRDA:491,31,0,0
BRDA:491,31,1,0
BRDA:496,32,0,0
BRDA:496,32,1,0
BRDA:496,33,0,0
BRDA:496,33,1,0
BRDA:497,34,0,0
BRDA:497,34,1,0
BRDA:501,35,0,0
BRDA:501,35,1,0
BRDA:501,35,2,0
BRDA:503,36,0,0
BRDA:503,36,1,0
BRDA:505,37,0,0
BRDA:505,37,1,0
BRDA:508,38,0,0
BRDA:508,38,1,0
BRDA:518,39,0,0
BRDA:518,39,1,0
BRDA:583,40,0,0
BRDA:583,40,1,0
BRDA:604,41,0,0
BRDA:604,41,1,0
BRDA:608,42,0,0
BRDA:608,42,1,0
BRDA:616,43,0,0
BRDA:616,43,1,0
BRDA:617,44,0,0
BRDA:617,44,1,0
BRDA:618,45,0,0
BRDA:618,45,1,0
BRDA:630,46,0,0
BRDA:630,46,1,0
BRDA:633,47,0,0
BRDA:633,47,1,0
BRF:101
BRH:0
end_of_record
TN:
SF:src/pages/Login/index.tsx
FN:10,(anonymous_0)
FN:15,(anonymous_1)
FN:22,(anonymous_2)
FNF:3
FNH:3
FNDA:8,(anonymous_0)
FNDA:8,(anonymous_1)
FNDA:1,(anonymous_2)
DA:8,1
DA:10,1
DA:11,8
DA:12,8
DA:13,8
DA:15,8
DA:16,8
DA:17,1
DA:18,1
DA:22,8
DA:23,1
DA:24,1
DA:25,1
DA:26,1
DA:32,8
LF:15
LH:15
BRDA:16,0,0,1
BRDA:16,0,1,7
BRDA:93,1,0,2
BRDA:93,1,1,6
BRF:4
BRH:4
end_of_record
TN:
SF:src/pages/Matchmaking/index.tsx
FN:31,(anonymous_0)
FN:41,(anonymous_1)
FN:53,(anonymous_2)
FN:59,(anonymous_3)
FN:60,(anonymous_4)
FN:65,(anonymous_5)
FN:72,(anonymous_6)
FN:73,(anonymous_7)
FN:77,(anonymous_8)
FN:82,(anonymous_9)
FN:91,(anonymous_10)
FN:92,(anonymous_11)
FN:93,(anonymous_12)
FN:95,(anonymous_13)
FN:108,(anonymous_14)
FN:114,(anonymous_15)
FN:125,(anonymous_16)
FN:136,(anonymous_17)
FN:151,(anonymous_18)
FN:161,(anonymous_19)
FN:168,(anonymous_20)
FN:181,(anonymous_21)
FN:184,(anonymous_22)
FN:196,(anonymous_23)
FN:217,(anonymous_24)
FN:224,(anonymous_25)
FN:231,(anonymous_26)
FN:238,(anonymous_27)
FN:245,(anonymous_28)
FN:298,(anonymous_29)
FNF:30
FNH:0
FNDA:0,(anonymous_0)
FNDA:0,(anonymous_1)
FNDA:0,(anonymous_2)
FNDA:0,(anonymous_3)
FNDA:0,(anonymous_4)
FNDA:0,(anonymous_5)
FNDA:0,(anonymous_6)
FNDA:0,(anonymous_7)
FNDA:0,(anonymous_8)
FNDA:0,(anonymous_9)
FNDA:0,(anonymous_10)
FNDA:0,(anonymous_11)
FNDA:0,(anonymous_12)
FNDA:0,(anonymous_13)
FNDA:0,(anonymous_14)
FNDA:0,(anonymous_15)
FNDA:0,(anonymous_16)
FNDA:0,(anonymous_17)
FNDA:0,(anonymous_18)
FNDA:0,(anonymous_19)
FNDA:0,(anonymous_20)
FNDA:0,(anonymous_21)
FNDA:0,(anonymous_22)
FNDA:0,(anonymous_23)
FNDA:0,(anonymous_24)
FNDA:0,(anonymous_25)
FNDA:0,(anonymous_26)
FNDA:0,(anonymous_27)
FNDA:0,(anonymous_28)
FNDA:0,(anonymous_29)
DA:28,0
DA:29,0
DA:31,0
DA:32,0
DA:33,0
DA:34,0
DA:35,0
DA:36,0
DA:39,0
DA:42,0
DA:51,0
DA:53,0
DA:58,0
DA:59,0
DA:61,0
DA:62,0
DA:63,0
DA:66,0
DA:71,0
DA:72,0
DA:74,0
DA:75,0
DA:78,0
DA:82,0
DA:83,0
DA:84,0
DA:85,0
DA:88,0
DA:92,0
DA:93,0
DA:94,0
DA:95,0
DA:96,0
DA:101,0
DA:108,0
DA:115,0
DA:125,0
DA:137,0
DA:143,0
DA:144,0
DA:152,0
DA:162,0
DA:168,0
DA:179,0
DA:182,0
DA:184,0
DA:189,0
DA:196,0
DA:217,0
DA:224,0
DA:231,0
DA:238,0
DA:245,0
DA:299,0
DA:300,0
LF:55
LH:0
BRDA:83,0,0,0
BRDA:83,0,1,0
BRDA:94,1,0,0
BRDA:94,1,1,0
BRDA:125,2,0,0
BRDA:125,2,1,0
BRDA:143,3,0,0
BRDA:143,3,1,0
BRDA:163,4,0,0
BRDA:163,4,1,0
BRDA:215,5,0,0
BRDA:215,5,1,0
BRDA:222,6,0,0
BRDA:222,6,1,0
BRDA:229,7,0,0
BRDA:229,7,1,0
BRDA:236,8,0,0
BRDA:236,8,1,0
BRDA:243,9,0,0
BRDA:243,9,1,0
BRDA:257,10,0,0
BRDA:257,10,1,0
BRDA:267,11,0,0
BRDA:267,11,1,0
BRDA:277,12,0,0
BRDA:277,12,1,0
BRF:26
BRH:0
end_of_record
TN:
SF:src/pages/Settings/index.tsx
FN:7,(anonymous_0)
FN:10,(anonymous_1)
FNF:2
FNH:0
FNDA:0,(anonymous_0)
FNDA:0,(anonymous_1)
DA:5,0
DA:7,0
DA:8,0
DA:10,0
DA:11,0
DA:12,0
DA:15,0
LF:7
LH:0
BRF:0
BRH:0
end_of_record
TN:
SF:src/pages/Users/index.tsx
FN:28,(anonymous_0)
FN:41,(anonymous_1)
FN:52,(anonymous_2)
FN:54,(anonymous_3)
FN:58,(anonymous_4)
FN:65,(anonymous_5)
FN:66,(anonymous_6)
FN:70,(anonymous_7)
FN:75,(anonymous_8)
FN:80,(anonymous_9)
FN:84,(anonymous_10)
FN:93,(anonymous_11)
FN:104,(anonymous_12)
FN:105,(anonymous_13)
FN:114,(anonymous_14)
FN:127,(anonymous_15)
FN:145,(anonymous_16)
FN:152,(anonymous_17)
FN:157,(anonymous_18)
FN:166,(anonymous_19)
FN:179,(anonymous_20)
FN:210,(anonymous_21)
FN:211,(anonymous_22)
FN:239,(anonymous_23)
FN:240,(anonymous_24)
FN:250,(anonymous_25)
FN:252,(anonymous_26)
FNF:27
FNH:0
FNDA:0,(anonymous_0)
FNDA:0,(anonymous_1)
FNDA:0,(anonymous_2)
FNDA:0,(anonymous_3)
FNDA:0,(anonymous_4)
FNDA:0,(anonymous_5)
FNDA:0,(anonymous_6)
FNDA:0,(anonymous_7)
FNDA:0,(anonymous_8)
FNDA:0,(anonymous_9)
FNDA:0,(anonymous_10)
FNDA:0,(anonymous_11)
FNDA:0,(anonymous_12)
FNDA:0,(anonymous_13)
FNDA:0,(anonymous_14)
FNDA:0,(anonymous_15)
FNDA:0,(anonymous_16)
FNDA:0,(anonymous_17)
FNDA:0,(anonymous_18)
FNDA:0,(anonymous_19)
FNDA:0,(anonymous_20)
FNDA:0,(anonymous_21)
FNDA:0,(anonymous_22)
FNDA:0,(anonymous_23)
FNDA:0,(anonymous_24)
FNDA:0,(anonymous_25)
FNDA:0,(anonymous_26)
DA:26,0
DA:28,0
DA:29,0
DA:30,0
DA:31,0
DA:32,0
DA:33,0
DA:34,0
DA:35,0
DA:36,0
DA:39,0
DA:42,0
DA:51,0
DA:53,0
DA:55,0
DA:56,0
DA:59,0
DA:64,0
DA:65,0
DA:67,0
DA:68,0
DA:71,0
DA:75,0
DA:76,0
DA:77,0
DA:80,0
DA:81,0
DA:84,0
DA:85,0
DA:88,0
DA:94,0
DA:104,0
DA:106,0
DA:115,0
DA:120,0
DA:121,0
DA:128,0
DA:131,0
DA:145,0
DA:153,0
DA:157,0
DA:166,0
DA:179,0
DA:195,0
DA:210,0
DA:211,0
DA:239,0
DA:241,0
DA:242,0
DA:250,0
DA:252,0
LF:51
LH:0
BRDA:45,0,0,0
BRDA:45,0,1,0
BRDA:106,1,0,0
BRDA:106,1,1,0
BRDA:120,2,0,0
BRDA:120,2,1,0
BRDA:120,3,0,0
BRDA:120,3,1,0
BRDA:128,4,0,0
BRDA:128,4,1,0
BRDA:135,5,0,0
BRDA:135,5,1,0
BRDA:145,6,0,0
BRDA:145,6,1,0
BRDA:161,7,0,0
BRDA:161,7,1,0
BRDA:175,8,0,0
BRDA:175,8,1,0
BRDA:258,9,0,0
BRDA:258,9,1,0
BRDA:263,10,0,0
BRDA:263,10,1,0
BRDA:277,11,0,0
BRDA:277,11,1,0
BRF:24
BRH:0
end_of_record
TN:
SF:src/stores/auth.ts
FN:25,(anonymous_0)
FN:32,(anonymous_1)
FN:56,(anonymous_2)
FN:66,(anonymous_3)
FN:72,(anonymous_4)
FNF:5
FNH:2
FNDA:2,(anonymous_0)
FNDA:0,(anonymous_1)
FNDA:0,(anonymous_2)
FNDA:0,(anonymous_3)
FNDA:29,(anonymous_4)
DA:23,2
DA:25,2
DA:33,0
DA:34,0
DA:35,0
DA:36,0
DA:39,0
DA:41,0
DA:48,0
DA:52,0
DA:57,0
DA:58,0
DA:67,0
DA:72,29
LF:14
LH:3
BRDA:49,0,0,0
BRDA:49,0,1,0
BRF:2
BRH:0
end_of_record
TN:
SF:src/types/index.ts
FNF:0
FNH:0
LF:0
LH:0
BRF:0
BRH:0
end_of_record
