TN:
SF:src/components/admin/AdminDashboard.js
FN:5,(anonymous_0)
FN:16,(anonymous_1)
FN:18,(anonymous_2)
FNF:3
FNH:3
FNDA:8,(anonymous_0)
FNDA:5,(anonymous_1)
FNDA:3,(anonymous_2)
DA:5,1
DA:6,8
DA:16,8
DA:18,5
DA:19,3
DA:30,8
LF:6
LH:6
BRF:0
BRH:0
end_of_record
TN:
SF:src/components/admin/StatsOverview.js
FN:5,(anonymous_0)
FNF:1
FNH:1
FNDA:16,(anonymous_0)
DA:5,2
DA:13,16
DA:15,16
LF:3
LH:3
BRDA:7,0,0,1
BRDA:8,1,0,1
BRDA:9,2,0,2
BRDA:10,3,0,2
BRDA:11,4,0,2
BRDA:12,5,0,10
BRF:6
BRH:6
end_of_record
TN:
SF:src/components/board/BoardAnimation.tsx
FN:78,(anonymous_0)
FN:85,(anonymous_1)
FN:92,(anonymous_2)
FN:93,(anonymous_3)
FN:111,(anonymous_4)
FN:120,(anonymous_5)
FN:129,(anonymous_6)
FN:130,(anonymous_7)
FN:137,(anonymous_8)
FN:156,(anonymous_9)
FN:181,(anonymous_10)
FN:189,(anonymous_11)
FN:196,(anonymous_12)
FN:197,(anonymous_13)
FN:208,(anonymous_14)
FN:230,(anonymous_15)
FN:236,(anonymous_16)
FN:248,(anonymous_17)
FN:257,(anonymous_18)
FN:271,(anonymous_19)
FN:280,(anonymous_20)
FN:290,(anonymous_21)
FN:300,(anonymous_22)
FN:310,(anonymous_23)
FN:331,(anonymous_24)
FN:356,(anonymous_25)
FNF:26
FNH:23
FNDA:15,(anonymous_0)
FNDA:8,(anonymous_1)
FNDA:1,(anonymous_2)
FNDA:5,(anonymous_3)
FNDA:22,(anonymous_4)
FNDA:12,(anonymous_5)
FNDA:0,(anonymous_6)
FNDA:8,(anonymous_7)
FNDA:20,(anonymous_8)
FNDA:400,(anonymous_9)
FNDA:13,(anonymous_10)
FNDA:7,(anonymous_11)
FNDA:1,(anonymous_12)
FNDA:5,(anonymous_13)
FNDA:40,(anonymous_14)
FNDA:14,(anonymous_15)
FNDA:3,(anonymous_16)
FNDA:1,(anonymous_17)
FNDA:6,(anonymous_18)
FNDA:1,(anonymous_19)
FNDA:1,(anonymous_20)
FNDA:1,(anonymous_21)
FNDA:0,(anonymous_22)
FNDA:0,(anonymous_23)
FNDA:1,(anonymous_24)
FNDA:6,(anonymous_25)
DA:67,1
DA:78,1
DA:83,15
DA:85,15
DA:86,8
DA:87,1
DA:90,7
DA:91,5
DA:92,5
DA:93,5
DA:97,15
DA:99,6
DA:111,1
DA:117,22
DA:118,22
DA:120,22
DA:121,12
DA:122,1
DA:125,11
DA:126,10
DA:127,10
DA:128,8
DA:129,8
DA:130,8
DA:135,22
DA:137,20
DA:138,20
DA:139,18
DA:141,16
DA:142,16
DA:149,16
DA:152,20
DA:157,400
DA:181,1
DA:187,13
DA:189,13
DA:190,7
DA:191,1
DA:194,6
DA:195,5
DA:196,5
DA:197,5
DA:201,13
DA:203,5
DA:209,40
DA:230,1
DA:234,14
DA:236,14
DA:237,3
DA:238,1
DA:240,2
DA:248,14
DA:249,1
DA:250,1
DA:253,14
DA:257,6
DA:271,1
DA:280,1
DA:290,1
DA:300,0
DA:310,0
DA:331,1
DA:356,1
DA:364,6
LF:64
LH:62
BRDA:80,0,0,8
BRDA:81,1,0,10
BRDA:86,2,0,1
BRDA:86,2,1,7
BRDA:86,3,0,8
BRDA:86,3,1,7
BRDA:90,4,0,5
BRDA:90,4,1,2
BRDA:97,5,0,9
BRDA:97,5,1,6
BRDA:97,6,0,15
BRDA:97,6,1,6
BRDA:115,7,0,17
BRDA:121,8,0,1
BRDA:121,8,1,11
BRDA:121,9,0,12
BRDA:121,9,1,11
BRDA:125,10,0,10
BRDA:125,10,1,1
BRDA:127,11,0,8
BRDA:127,11,1,2
BRDA:127,12,0,10
BRDA:127,12,1,9
BRDA:135,13,0,2
BRDA:135,13,1,20
BRDA:135,14,0,22
BRDA:135,14,1,21
BRDA:138,15,0,2
BRDA:138,15,1,18
BRDA:139,16,0,2
BRDA:139,16,1,16
BRDA:141,17,0,14
BRDA:141,17,1,2
BRDA:147,18,0,16
BRDA:147,18,1,4
BRDA:154,19,0,20
BRDA:154,19,1,8
BRDA:154,19,2,8
BRDA:163,20,0,350
BRDA:163,20,1,50
BRDA:169,21,0,20
BRDA:169,21,1,2
BRDA:171,22,0,2
BRDA:171,22,1,18
BRDA:185,23,0,8
BRDA:190,24,0,1
BRDA:190,24,1,6
BRDA:190,25,0,7
BRDA:190,25,1,6
BRDA:194,26,0,5
BRDA:194,26,1,1
BRDA:201,27,0,8
BRDA:201,27,1,5
BRDA:201,28,0,13
BRDA:201,28,1,5
BRDA:237,29,0,1
BRDA:237,29,1,2
BRDA:263,30,0,14
BRDA:263,30,1,6
BRDA:361,31,0,5
BRDA:370,32,0,6
BRDA:370,32,1,2
BRDA:378,33,0,6
BRDA:378,33,1,2
BRDA:387,34,0,6
BRDA:387,34,1,2
BRDA:396,35,0,6
BRDA:396,35,1,1
BRF:68
BRH:68
end_of_record
TN:
SF:src/components/board/PieceMovement.tsx
FN:76,(anonymous_0)
FN:89,(anonymous_1)
FN:114,(anonymous_2)
FN:122,(anonymous_3)
FN:135,(anonymous_4)
FN:140,(anonymous_5)
FN:145,(anonymous_6)
FN:174,(anonymous_7)
FN:198,(anonymous_8)
FN:247,(anonymous_9)
FN:258,(anonymous_10)
FN:268,(anonymous_11)
FN:289,(anonymous_12)
FN:337,(anonymous_13)
FN:412,(anonymous_14)
FN:425,(anonymous_15)
FN:433,(anonymous_16)
FNF:17
FNH:16
FNDA:34,(anonymous_0)
FNDA:30,(anonymous_1)
FNDA:17,(anonymous_2)
FNDA:10,(anonymous_3)
FNDA:1,(anonymous_4)
FNDA:1,(anonymous_5)
FNDA:5,(anonymous_6)
FNDA:6,(anonymous_7)
FNDA:6,(anonymous_8)
FNDA:7,(anonymous_9)
FNDA:10,(anonymous_10)
FNDA:2,(anonymous_11)
FNDA:6,(anonymous_12)
FNDA:3,(anonymous_13)
FNDA:4,(anonymous_14)
FNDA:1,(anonymous_15)
FNDA:0,(anonymous_16)
DA:61,1
DA:76,1
DA:77,34
DA:78,34
DA:79,34
DA:89,1
DA:94,30
DA:95,30
DA:96,30
DA:97,30
DA:98,30
DA:114,1
DA:120,17
DA:122,17
DA:123,10
DA:124,5
DA:125,5
DA:128,5
DA:129,5
DA:132,5
DA:135,5
DA:136,1
DA:140,5
DA:141,1
DA:142,1
DA:145,5
DA:146,5
DA:147,5
DA:151,17
DA:153,6
DA:174,1
DA:175,6
DA:184,6
DA:198,1
DA:203,6
DA:205,1
DA:206,1
DA:208,1
DA:247,1
DA:254,7
DA:256,3
DA:259,10
DA:260,10
DA:268,2
DA:289,1
DA:294,6
DA:296,5
DA:298,5
DA:337,1
DA:349,3
DA:412,1
DA:415,4
DA:420,4
DA:421,4
DA:422,4
DA:424,4
DA:426,1
DA:428,1
DA:429,1
DA:430,1
DA:433,1
DA:434,0
DA:435,0
DA:436,0
DA:442,4
LF:65
LH:62
BRDA:91,0,0,0
BRDA:92,1,0,27
BRDA:116,2,0,14
BRDA:117,3,0,1
BRDA:123,4,0,5
BRDA:123,4,1,5
BRDA:123,5,0,10
BRDA:123,5,1,6
BRDA:151,6,0,11
BRDA:151,6,1,6
BRDA:151,7,0,17
BRDA:151,7,1,13
BRDA:151,7,2,6
BRDA:184,8,0,6
BRDA:184,8,1,0
BRDA:200,9,0,3
BRDA:201,10,0,1
BRDA:203,11,0,5
BRDA:203,11,1,1
BRDA:203,12,0,6
BRDA:203,12,1,2
BRDA:250,13,0,4
BRDA:251,14,0,1
BRDA:254,15,0,4
BRDA:254,15,1,3
BRDA:254,16,0,7
BRDA:254,16,1,4
BRDA:254,16,2,4
BRDA:291,17,0,1
BRDA:292,18,0,5
BRDA:294,19,0,1
BRDA:294,19,1,5
BRDA:343,20,0,3
BRDA:344,21,0,1
BRDA:373,22,0,3
BRDA:373,22,1,1
BRDA:413,23,0,1
BRDA:425,24,0,1
BRDA:426,25,0,0
BRDA:426,25,1,1
BRF:40
BRH:37
end_of_record
TN:
SF:src/components/board/index.ts
FNF:0
FNH:0
LF:0
LH:0
BRF:0
BRH:0
end_of_record
