TN:
SF:src/components/admin/AdminDashboard.js
FN:5,(anonymous_0)
FN:16,(anonymous_1)
FN:18,(anonymous_2)
FNF:3
FNH:3
FNDA:8,(anonymous_0)
FNDA:5,(anonymous_1)
FNDA:3,(anonymous_2)
DA:5,1
DA:6,8
DA:16,8
DA:18,5
DA:19,3
DA:30,8
LF:6
LH:6
BRF:0
BRH:0
end_of_record
TN:
SF:src/components/admin/StatsOverview.js
FN:5,(anonymous_0)
FNF:1
FNH:1
FNDA:16,(anonymous_0)
DA:5,2
DA:13,16
DA:15,16
LF:3
LH:3
BRDA:7,0,0,1
BRDA:8,1,0,1
BRDA:9,2,0,2
BRDA:10,3,0,2
BRDA:11,4,0,2
BRDA:12,5,0,10
BRF:6
BRH:6
end_of_record
