{"/Users/changsailong/.openclaw/workspace/projects/chinese-chess/src/frontend-user/src/App.tsx": {"path":"/Users/changsailong/.openclaw/workspace/projects/chinese-chess/src/frontend-user/src/App.tsx","all":true,"statementMap":{"0":{"start":{"line":1,"column":0},"end":{"line":1,"column":41}},"1":{"start":{"line":2,"column":0},"end":{"line":2,"column":87}},"2":{"start":{"line":3,"column":0},"end":{"line":3,"column":53}},"3":{"start":{"line":4,"column":0},"end":{"line":4,"column":37}},"4":{"start":{"line":5,"column":0},"end":{"line":5,"column":58}},"5":{"start":{"line":6,"column":0},"end":{"line":6,"column":53}},"6":{"start":{"line":7,"column":0},"end":{"line":7,"column":49}},"7":{"start":{"line":8,"column":0},"end":{"line":8,"column":8}},"14":{"start":{"line":15,"column":0},"end":{"line":15,"column":28}},"17":{"start":{"line":18,"column":0},"end":{"line":18,"column":35}},"18":{"start":{"line":19,"column":0},"end":{"line":19,"column":33}},"19":{"start":{"line":20,"column":0},"end":{"line":20,"column":54}},"20":{"start":{"line":21,"column":0},"end":{"line":21,"column":53}},"21":{"start":{"line":22,"column":0},"end":{"line":22,"column":53}},"22":{"start":{"line":23,"column":0},"end":{"line":23,"column":37}},"24":{"start":{"line":25,"column":0},"end":{"line":25,"column":35}},"25":{"start":{"line":26,"column":0},"end":{"line":26,"column":33}},"26":{"start":{"line":27,"column":0},"end":{"line":27,"column":35}},"27":{"start":{"line":28,"column":0},"end":{"line":28,"column":13}},"28":{"start":{"line":29,"column":0},"end":{"line":29,"column":5}},"30":{"start":{"line":31,"column":0},"end":{"line":31,"column":21}},"31":{"start":{"line":32,"column":0},"end":{"line":32,"column":9}},"32":{"start":{"line":33,"column":0},"end":{"line":33,"column":69}},"33":{"start":{"line":34,"column":0},"end":{"line":34,"column":42}},"34":{"start":{"line":35,"column":0},"end":{"line":35,"column":62}},"35":{"start":{"line":36,"column":0},"end":{"line":36,"column":52}},"36":{"start":{"line":37,"column":0},"end":{"line":37,"column":35}},"37":{"start":{"line":38,"column":0},"end":{"line":38,"column":34}},"38":{"start":{"line":39,"column":0},"end":{"line":39,"column":37}},"39":{"start":{"line":40,"column":0},"end":{"line":40,"column":9}},"40":{"start":{"line":41,"column":0},"end":{"line":41,"column":14}},"41":{"start":{"line":42,"column":0},"end":{"line":42,"column":55}},"42":{"start":{"line":43,"column":0},"end":{"line":43,"column":7}},"43":{"start":{"line":44,"column":0},"end":{"line":44,"column":13}},"44":{"start":{"line":45,"column":0},"end":{"line":45,"column":28}},"45":{"start":{"line":46,"column":0},"end":{"line":46,"column":15}},"46":{"start":{"line":47,"column":0},"end":{"line":47,"column":24}},"47":{"start":{"line":48,"column":0},"end":{"line":48,"column":5}},"48":{"start":{"line":49,"column":0},"end":{"line":49,"column":4}},"50":{"start":{"line":51,"column":0},"end":{"line":51,"column":10}},"51":{"start":{"line":52,"column":0},"end":{"line":52,"column":112}},"52":{"start":{"line":53,"column":0},"end":{"line":53,"column":75}},"53":{"start":{"line":54,"column":0},"end":{"line":54,"column":42}},"54":{"start":{"line":55,"column":0},"end":{"line":55,"column":139}},"55":{"start":{"line":56,"column":0},"end":{"line":56,"column":81}},"56":{"start":{"line":57,"column":0},"end":{"line":57,"column":16}},"57":{"start":{"line":58,"column":0},"end":{"line":58,"column":67}},"58":{"start":{"line":59,"column":0},"end":{"line":59,"column":51}},"59":{"start":{"line":60,"column":0},"end":{"line":60,"column":14}},"61":{"start":{"line":62,"column":0},"end":{"line":62,"column":35}},"62":{"start":{"line":63,"column":0},"end":{"line":63,"column":16}},"63":{"start":{"line":64,"column":0},"end":{"line":64,"column":23}},"64":{"start":{"line":65,"column":0},"end":{"line":65,"column":29}},"65":{"start":{"line":66,"column":0},"end":{"line":66,"column":155}},"66":{"start":{"line":67,"column":0},"end":{"line":67,"column":28}},"67":{"start":{"line":68,"column":0},"end":{"line":68,"column":57}},"68":{"start":{"line":69,"column":0},"end":{"line":69,"column":12}},"69":{"start":{"line":70,"column":0},"end":{"line":70,"column":16}},"70":{"start":{"line":71,"column":0},"end":{"line":71,"column":27}},"71":{"start":{"line":72,"column":0},"end":{"line":72,"column":28}},"72":{"start":{"line":73,"column":0},"end":{"line":73,"column":155}},"73":{"start":{"line":74,"column":0},"end":{"line":74,"column":28}},"74":{"start":{"line":75,"column":0},"end":{"line":75,"column":57}},"75":{"start":{"line":76,"column":0},"end":{"line":76,"column":66}},"76":{"start":{"line":77,"column":0},"end":{"line":77,"column":12}},"77":{"start":{"line":78,"column":0},"end":{"line":78,"column":17}},"78":{"start":{"line":79,"column":0},"end":{"line":79,"column":33}},"79":{"start":{"line":80,"column":0},"end":{"line":80,"column":30}},"80":{"start":{"line":81,"column":0},"end":{"line":81,"column":161}},"82":{"start":{"line":83,"column":0},"end":{"line":83,"column":39}},"83":{"start":{"line":84,"column":0},"end":{"line":84,"column":19}},"84":{"start":{"line":85,"column":0},"end":{"line":85,"column":17}},"85":{"start":{"line":86,"column":0},"end":{"line":86,"column":41}},"86":{"start":{"line":87,"column":0},"end":{"line":87,"column":123}},"87":{"start":{"line":88,"column":0},"end":{"line":88,"column":11}},"89":{"start":{"line":90,"column":0},"end":{"line":90,"column":19}},"90":{"start":{"line":91,"column":0},"end":{"line":91,"column":14}},"91":{"start":{"line":92,"column":0},"end":{"line":92,"column":12}},"92":{"start":{"line":93,"column":0},"end":{"line":93,"column":10}},"94":{"start":{"line":95,"column":0},"end":{"line":95,"column":2}},"97":{"start":{"line":98,"column":0},"end":{"line":98,"column":41}},"98":{"start":{"line":99,"column":0},"end":{"line":99,"column":65}},"99":{"start":{"line":100,"column":0},"end":{"line":100,"column":38}},"100":{"start":{"line":101,"column":0},"end":{"line":101,"column":8}},"103":{"start":{"line":104,"column":0},"end":{"line":104,"column":29}},"104":{"start":{"line":105,"column":0},"end":{"line":105,"column":53}},"105":{"start":{"line":106,"column":0},"end":{"line":106,"column":60}},"108":{"start":{"line":109,"column":0},"end":{"line":109,"column":19}},"109":{"start":{"line":110,"column":0},"end":{"line":110,"column":34}},"110":{"start":{"line":111,"column":0},"end":{"line":111,"column":19}},"112":{"start":{"line":113,"column":0},"end":{"line":113,"column":57}},"113":{"start":{"line":114,"column":0},"end":{"line":114,"column":18}},"114":{"start":{"line":115,"column":0},"end":{"line":115,"column":13}},"115":{"start":{"line":116,"column":0},"end":{"line":116,"column":60}},"116":{"start":{"line":117,"column":0},"end":{"line":117,"column":46}},"117":{"start":{"line":118,"column":0},"end":{"line":118,"column":33}},"118":{"start":{"line":119,"column":0},"end":{"line":119,"column":18}},"119":{"start":{"line":120,"column":0},"end":{"line":120,"column":26}},"120":{"start":{"line":121,"column":0},"end":{"line":121,"column":11}},"121":{"start":{"line":122,"column":0},"end":{"line":122,"column":25}},"122":{"start":{"line":123,"column":0},"end":{"line":123,"column":55}},"123":{"start":{"line":124,"column":0},"end":{"line":124,"column":24}},"124":{"start":{"line":125,"column":0},"end":{"line":125,"column":9}},"125":{"start":{"line":126,"column":0},"end":{"line":126,"column":7}},"126":{"start":{"line":127,"column":0},"end":{"line":127,"column":24}},"127":{"start":{"line":128,"column":0},"end":{"line":128,"column":6}},"129":{"start":{"line":130,"column":0},"end":{"line":130,"column":15}},"130":{"start":{"line":131,"column":0},"end":{"line":131,"column":28}},"132":{"start":{"line":133,"column":0},"end":{"line":133,"column":18}},"133":{"start":{"line":134,"column":0},"end":{"line":134,"column":31}},"134":{"start":{"line":135,"column":0},"end":{"line":135,"column":3}},"136":{"start":{"line":137,"column":0},"end":{"line":137,"column":10}},"137":{"start":{"line":138,"column":0},"end":{"line":138,"column":19}},"138":{"start":{"line":139,"column":0},"end":{"line":139,"column":19}},"139":{"start":{"line":140,"column":0},"end":{"line":140,"column":14}},"140":{"start":{"line":141,"column":0},"end":{"line":141,"column":67}},"141":{"start":{"line":142,"column":0},"end":{"line":142,"column":16}},"142":{"start":{"line":143,"column":0},"end":{"line":143,"column":34}},"143":{"start":{"line":144,"column":0},"end":{"line":144,"column":26}},"144":{"start":{"line":145,"column":0},"end":{"line":145,"column":10}},"145":{"start":{"line":146,"column":0},"end":{"line":146,"column":8}},"147":{"start":{"line":148,"column":0},"end":{"line":148,"column":21}},"148":{"start":{"line":149,"column":0},"end":{"line":149,"column":16}},"149":{"start":{"line":150,"column":0},"end":{"line":150,"column":16}},"150":{"start":{"line":151,"column":0},"end":{"line":151,"column":20}},"151":{"start":{"line":152,"column":0},"end":{"line":152,"column":21}},"152":{"start":{"line":153,"column":0},"end":{"line":153,"column":26}},"153":{"start":{"line":154,"column":0},"end":{"line":154,"column":28}},"154":{"start":{"line":155,"column":0},"end":{"line":155,"column":27}},"156":{"start":{"line":157,"column":0},"end":{"line":157,"column":12}},"157":{"start":{"line":158,"column":0},"end":{"line":158,"column":16}},"158":{"start":{"line":159,"column":0},"end":{"line":159,"column":27}},"159":{"start":{"line":160,"column":0},"end":{"line":160,"column":21}},"160":{"start":{"line":161,"column":0},"end":{"line":161,"column":26}},"161":{"start":{"line":162,"column":0},"end":{"line":162,"column":30}},"162":{"start":{"line":163,"column":0},"end":{"line":163,"column":27}},"164":{"start":{"line":165,"column":0},"end":{"line":165,"column":12}},"165":{"start":{"line":166,"column":0},"end":{"line":166,"column":16}},"166":{"start":{"line":167,"column":0},"end":{"line":167,"column":31}},"167":{"start":{"line":168,"column":0},"end":{"line":168,"column":21}},"168":{"start":{"line":169,"column":0},"end":{"line":169,"column":26}},"169":{"start":{"line":170,"column":0},"end":{"line":170,"column":35}},"170":{"start":{"line":171,"column":0},"end":{"line":171,"column":27}},"172":{"start":{"line":173,"column":0},"end":{"line":173,"column":12}},"173":{"start":{"line":174,"column":0},"end":{"line":174,"column":16}},"174":{"start":{"line":175,"column":0},"end":{"line":175,"column":27}},"175":{"start":{"line":176,"column":0},"end":{"line":176,"column":21}},"176":{"start":{"line":177,"column":0},"end":{"line":177,"column":26}},"177":{"start":{"line":178,"column":0},"end":{"line":178,"column":31}},"178":{"start":{"line":179,"column":0},"end":{"line":179,"column":27}},"180":{"start":{"line":181,"column":0},"end":{"line":181,"column":12}},"181":{"start":{"line":182,"column":0},"end":{"line":182,"column":16}},"182":{"start":{"line":183,"column":0},"end":{"line":183,"column":31}},"183":{"start":{"line":184,"column":0},"end":{"line":184,"column":21}},"184":{"start":{"line":185,"column":0},"end":{"line":185,"column":26}},"185":{"start":{"line":186,"column":0},"end":{"line":186,"column":35}},"186":{"start":{"line":187,"column":0},"end":{"line":187,"column":27}},"188":{"start":{"line":189,"column":0},"end":{"line":189,"column":12}},"189":{"start":{"line":190,"column":0},"end":{"line":190,"column":16}},"190":{"start":{"line":191,"column":0},"end":{"line":191,"column":25}},"191":{"start":{"line":192,"column":0},"end":{"line":192,"column":21}},"192":{"start":{"line":193,"column":0},"end":{"line":193,"column":26}},"193":{"start":{"line":194,"column":0},"end":{"line":194,"column":29}},"194":{"start":{"line":195,"column":0},"end":{"line":195,"column":27}},"196":{"start":{"line":197,"column":0},"end":{"line":197,"column":12}},"197":{"start":{"line":198,"column":0},"end":{"line":198,"column":66}},"198":{"start":{"line":199,"column":0},"end":{"line":199,"column":17}},"199":{"start":{"line":200,"column":0},"end":{"line":200,"column":22}},"200":{"start":{"line":201,"column":0},"end":{"line":201,"column":21}},"202":{"start":{"line":203,"column":0},"end":{"line":203,"column":2}},"204":{"start":{"line":205,"column":0},"end":{"line":205,"column":19}}},"s":{"0":0,"1":0,"2":0,"3":0,"4":0,"5":0,"6":0,"7":0,"14":0,"17":0,"18":0,"19":0,"20":0,"21":0,"22":0,"24":0,"25":0,"26":0,"27":0,"28":0,"30":0,"31":0,"32":0,"33":0,"34":0,"35":0,"36":0,"37":0,"38":0,"39":0,"40":0,"41":0,"42":0,"43":0,"44":0,"45":0,"46":0,"47":0,"48":0,"50":0,"51":0,"52":0,"53":0,"54":0,"55":0,"56":0,"57":0,"58":0,"59":0,"61":0,"62":0,"63":0,"64":0,"65":0,"66":0,"67":0,"68":0,"69":0,"70":0,"71":0,"72":0,"73":0,"74":0,"75":0,"76":0,"77":0,"78":0,"79":0,"80":0,"82":0,"83":0,"84":0,"85":0,"86":0,"87":0,"89":0,"90":0,"91":0,"92":0,"94":0,"97":0,"98":0,"99":0,"100":0,"103":0,"104":0,"105":0,"108":0,"109":0,"110":0,"112":0,"113":0,"114":0,"115":0,"116":0,"117":0,"118":0,"119":0,"120":0,"121":0,"122":0,"123":0,"124":0,"125":0,"126":0,"127":0,"129":0,"130":0,"132":0,"133":0,"134":0,"136":0,"137":0,"138":0,"139":0,"140":0,"141":0,"142":0,"143":0,"144":0,"145":0,"147":0,"148":0,"149":0,"150":0,"151":0,"152":0,"153":0,"154":0,"156":0,"157":0,"158":0,"159":0,"160":0,"161":0,"162":0,"164":0,"165":0,"166":0,"167":0,"168":0,"169":0,"170":0,"172":0,"173":0,"174":0,"175":0,"176":0,"177":0,"178":0,"180":0,"181":0,"182":0,"183":0,"184":0,"185":0,"186":0,"188":0,"189":0,"190":0,"191":0,"192":0,"193":0,"194":0,"196":0,"197":0,"198":0,"199":0,"200":0,"202":0,"204":0},"branchMap":{"0":{"type":"branch","line":1,"loc":{"start":{"line":1,"column":5957},"end":{"line":205,"column":19}},"locations":[{"start":{"line":1,"column":5957},"end":{"line":205,"column":19}}]}},"b":{"0":[0]},"fnMap":{"0":{"name":"(empty-report)","decl":{"start":{"line":1,"column":5957},"end":{"line":205,"column":19}},"loc":{"start":{"line":1,"column":5957},"end":{"line":205,"column":19}},"line":1}},"f":{"0":0}}
,"/Users/changsailong/.openclaw/workspace/projects/chinese-chess/src/frontend-user/src/main.tsx": {"path":"/Users/changsailong/.openclaw/workspace/projects/chinese-chess/src/frontend-user/src/main.tsx","all":true,"statementMap":{"0":{"start":{"line":1,"column":0},"end":{"line":1,"column":25}},"1":{"start":{"line":2,"column":0},"end":{"line":2,"column":39}},"2":{"start":{"line":3,"column":0},"end":{"line":3,"column":23}},"3":{"start":{"line":4,"column":0},"end":{"line":4,"column":50}},"4":{"start":{"line":5,"column":0},"end":{"line":5,"column":27}},"6":{"start":{"line":7,"column":0},"end":{"line":7,"column":61}},"7":{"start":{"line":8,"column":0},"end":{"line":8,"column":20}},"8":{"start":{"line":9,"column":0},"end":{"line":9,"column":19}},"9":{"start":{"line":10,"column":0},"end":{"line":10,"column":13}},"10":{"start":{"line":11,"column":0},"end":{"line":11,"column":20}},"11":{"start":{"line":12,"column":0},"end":{"line":12,"column":22}},"12":{"start":{"line":13,"column":0},"end":{"line":13,"column":1}}},"s":{"0":0,"1":0,"2":0,"3":0,"4":0,"6":0,"7":0,"8":0,"9":0,"10":0,"11":0,"12":0},"branchMap":{"0":{"type":"branch","line":1,"loc":{"start":{"line":1,"column":279},"end":{"line":13,"column":-242}},"locations":[{"start":{"line":1,"column":279},"end":{"line":13,"column":-242}}]}},"b":{"0":[0]},"fnMap":{"0":{"name":"(empty-report)","decl":{"start":{"line":1,"column":279},"end":{"line":13,"column":-242}},"loc":{"start":{"line":1,"column":279},"end":{"line":13,"column":-242}},"line":1}},"f":{"0":0}}
,"/Users/changsailong/.openclaw/workspace/projects/chinese-chess/src/frontend-user/src/components/error/ErrorBoundary.tsx": {"path":"/Users/changsailong/.openclaw/workspace/projects/chinese-chess/src/frontend-user/src/components/error/ErrorBoundary.tsx","all":false,"statementMap":{"5":{"start":{"line":6,"column":0},"end":{"line":6,"column":63}},"6":{"start":{"line":7,"column":0},"end":{"line":7,"column":44}},"20":{"start":{"line":21,"column":0},"end":{"line":21,"column":53}},"21":{"start":{"line":22,"column":0},"end":{"line":22,"column":29}},"22":{"start":{"line":23,"column":0},"end":{"line":23,"column":17}},"23":{"start":{"line":24,"column":0},"end":{"line":24,"column":18}},"24":{"start":{"line":25,"column":0},"end":{"line":25,"column":22}},"25":{"start":{"line":26,"column":0},"end":{"line":26,"column":18}},"26":{"start":{"line":27,"column":0},"end":{"line":27,"column":22}},"27":{"start":{"line":28,"column":0},"end":{"line":28,"column":6}},"28":{"start":{"line":29,"column":0},"end":{"line":29,"column":3}},"33":{"start":{"line":34,"column":0},"end":{"line":34,"column":56}},"34":{"start":{"line":35,"column":0},"end":{"line":35,"column":12}},"35":{"start":{"line":36,"column":0},"end":{"line":36,"column":21}},"36":{"start":{"line":37,"column":0},"end":{"line":37,"column":12}},"37":{"start":{"line":38,"column":0},"end":{"line":38,"column":22}},"38":{"start":{"line":39,"column":0},"end":{"line":39,"column":6}},"39":{"start":{"line":40,"column":0},"end":{"line":40,"column":3}},"44":{"start":{"line":45,"column":0},"end":{"line":45,"column":57}},"45":{"start":{"line":46,"column":0},"end":{"line":46,"column":33}},"48":{"start":{"line":49,"column":0},"end":{"line":49,"column":36}},"51":{"start":{"line":52,"column":0},"end":{"line":52,"column":29}},"52":{"start":{"line":53,"column":0},"end":{"line":53,"column":43}},"53":{"start":{"line":54,"column":0},"end":{"line":54,"column":5}},"54":{"start":{"line":55,"column":0},"end":{"line":55,"column":3}},"59":{"start":{"line":60,"column":0},"end":{"line":60,"column":56}},"61":{"start":{"line":62,"column":0},"end":{"line":62,"column":30}},"62":{"start":{"line":63,"column":0},"end":{"line":63,"column":58}},"63":{"start":{"line":64,"column":0},"end":{"line":64,"column":14}},"64":{"start":{"line":65,"column":0},"end":{"line":65,"column":49}},"65":{"start":{"line":66,"column":0},"end":{"line":66,"column":9}},"66":{"start":{"line":67,"column":0},"end":{"line":67,"column":5}},"69":{"start":{"line":70,"column":0},"end":{"line":70,"column":31}},"78":{"start":{"line":79,"column":0},"end":{"line":79,"column":11}},"79":{"start":{"line":80,"column":0},"end":{"line":80,"column":26}},"80":{"start":{"line":81,"column":0},"end":{"line":81,"column":46}},"81":{"start":{"line":82,"column":0},"end":{"line":82,"column":33}},"82":{"start":{"line":83,"column":0},"end":{"line":83,"column":29}},"83":{"start":{"line":84,"column":0},"end":{"line":84,"column":51}},"84":{"start":{"line":85,"column":0},"end":{"line":85,"column":10}},"86":{"start":{"line":87,"column":0},"end":{"line":87,"column":84}},"87":{"start":{"line":88,"column":0},"end":{"line":88,"column":36}},"89":{"start":{"line":90,"column":0},"end":{"line":90,"column":40}},"90":{"start":{"line":91,"column":0},"end":{"line":91,"column":31}},"91":{"start":{"line":92,"column":0},"end":{"line":92,"column":9}},"92":{"start":{"line":93,"column":0},"end":{"line":93,"column":73}},"93":{"start":{"line":94,"column":0},"end":{"line":94,"column":19}},"94":{"start":{"line":95,"column":0},"end":{"line":95,"column":54}},"95":{"start":{"line":96,"column":0},"end":{"line":96,"column":7}},"96":{"start":{"line":97,"column":0},"end":{"line":97,"column":5}},"97":{"start":{"line":98,"column":0},"end":{"line":98,"column":3}},"102":{"start":{"line":103,"column":0},"end":{"line":103,"column":22}},"103":{"start":{"line":104,"column":0},"end":{"line":104,"column":19}},"104":{"start":{"line":105,"column":0},"end":{"line":105,"column":22}},"105":{"start":{"line":106,"column":0},"end":{"line":106,"column":18}},"106":{"start":{"line":107,"column":0},"end":{"line":107,"column":22}},"107":{"start":{"line":108,"column":0},"end":{"line":108,"column":7}},"108":{"start":{"line":109,"column":0},"end":{"line":109,"column":4}},"113":{"start":{"line":114,"column":0},"end":{"line":114,"column":17}},"114":{"start":{"line":115,"column":0},"end":{"line":115,"column":29}},"115":{"start":{"line":116,"column":0},"end":{"line":116,"column":4}},"117":{"start":{"line":118,"column":0},"end":{"line":118,"column":12}},"118":{"start":{"line":119,"column":0},"end":{"line":119,"column":30}},"120":{"start":{"line":121,"column":0},"end":{"line":121,"column":32}},"121":{"start":{"line":122,"column":0},"end":{"line":122,"column":35}},"122":{"start":{"line":123,"column":0},"end":{"line":123,"column":7}},"125":{"start":{"line":126,"column":0},"end":{"line":126,"column":14}},"126":{"start":{"line":127,"column":0},"end":{"line":127,"column":22}},"127":{"start":{"line":128,"column":0},"end":{"line":128,"column":34}},"128":{"start":{"line":129,"column":0},"end":{"line":129,"column":42}},"129":{"start":{"line":130,"column":0},"end":{"line":130,"column":30}},"130":{"start":{"line":131,"column":0},"end":{"line":131,"column":35}},"131":{"start":{"line":132,"column":0},"end":{"line":132,"column":10}},"133":{"start":{"line":134,"column":0},"end":{"line":134,"column":5}},"135":{"start":{"line":136,"column":0},"end":{"line":136,"column":31}},"136":{"start":{"line":137,"column":0},"end":{"line":137,"column":3}},"137":{"start":{"line":138,"column":0},"end":{"line":138,"column":1}},"139":{"start":{"line":140,"column":0},"end":{"line":140,"column":29}}},"s":{"5":1,"6":1,"20":1,"21":1,"22":6,"23":6,"24":6,"25":6,"26":6,"27":6,"28":6,"33":1,"34":4,"35":4,"36":4,"37":4,"38":4,"39":4,"44":1,"45":2,"48":2,"51":2,"52":0,"53":0,"54":2,"59":1,"61":2,"62":2,"63":2,"64":2,"65":2,"66":2,"69":2,"78":0,"79":0,"80":0,"81":0,"82":0,"83":0,"84":0,"86":0,"87":0,"89":0,"90":0,"91":0,"92":0,"93":0,"94":0,"95":0,"96":0,"97":2,"102":1,"103":1,"104":1,"105":1,"106":1,"107":1,"108":1,"113":5,"114":0,"115":0,"117":1,"118":13,"120":7,"121":0,"122":0,"125":7,"126":7,"127":7,"128":7,"129":7,"130":7,"131":7,"133":7,"135":6,"136":13,"137":1,"139":1},"branchMap":{"0":{"type":"branch","line":22,"loc":{"start":{"line":22,"column":2},"end":{"line":29,"column":3}},"locations":[{"start":{"line":22,"column":2},"end":{"line":29,"column":3}}]},"1":{"type":"branch","line":34,"loc":{"start":{"line":34,"column":9},"end":{"line":40,"column":3}},"locations":[{"start":{"line":34,"column":9},"end":{"line":40,"column":3}}]},"2":{"type":"branch","line":45,"loc":{"start":{"line":45,"column":2},"end":{"line":55,"column":3}},"locations":[{"start":{"line":45,"column":2},"end":{"line":55,"column":3}}]},"3":{"type":"branch","line":52,"loc":{"start":{"line":52,"column":28},"end":{"line":54,"column":5}},"locations":[{"start":{"line":52,"column":28},"end":{"line":54,"column":5}}]},"4":{"type":"branch","line":60,"loc":{"start":{"line":60,"column":10},"end":{"line":98,"column":3}},"locations":[{"start":{"line":60,"column":10},"end":{"line":98,"column":3}}]},"5":{"type":"branch","line":70,"loc":{"start":{"line":70,"column":30},"end":{"line":97,"column":5}},"locations":[{"start":{"line":70,"column":30},"end":{"line":97,"column":5}}]},"6":{"type":"branch","line":103,"loc":{"start":{"line":103,"column":2},"end":{"line":116,"column":4}},"locations":[{"start":{"line":103,"column":2},"end":{"line":116,"column":4}}]},"7":{"type":"branch","line":103,"loc":{"start":{"line":103,"column":15},"end":{"line":109,"column":4}},"locations":[{"start":{"line":103,"column":15},"end":{"line":109,"column":4}}]},"8":{"type":"branch","line":118,"loc":{"start":{"line":118,"column":2},"end":{"line":137,"column":3}},"locations":[{"start":{"line":118,"column":2},"end":{"line":137,"column":3}}]},"9":{"type":"branch","line":119,"loc":{"start":{"line":119,"column":29},"end":{"line":134,"column":5}},"locations":[{"start":{"line":119,"column":29},"end":{"line":134,"column":5}}]},"10":{"type":"branch","line":121,"loc":{"start":{"line":121,"column":31},"end":{"line":123,"column":7}},"locations":[{"start":{"line":121,"column":31},"end":{"line":123,"column":7}}]},"11":{"type":"branch","line":134,"loc":{"start":{"line":134,"column":4},"end":{"line":136,"column":31}},"locations":[{"start":{"line":134,"column":4},"end":{"line":136,"column":31}}]}},"b":{"0":[6],"1":[4],"2":[2],"3":[0],"4":[2],"5":[0],"6":[5],"7":[1],"8":[13],"9":[7],"10":[0],"11":[6]},"fnMap":{"0":{"name":"ErrorBoundary","decl":{"start":{"line":22,"column":2},"end":{"line":29,"column":3}},"loc":{"start":{"line":22,"column":2},"end":{"line":29,"column":3}},"line":22},"1":{"name":"getDerivedStateFromError","decl":{"start":{"line":34,"column":9},"end":{"line":40,"column":3}},"loc":{"start":{"line":34,"column":9},"end":{"line":40,"column":3}},"line":34},"2":{"name":"componentDidCatch","decl":{"start":{"line":45,"column":2},"end":{"line":55,"column":3}},"loc":{"start":{"line":45,"column":2},"end":{"line":55,"column":3}},"line":45},"3":{"name":"logError","decl":{"start":{"line":60,"column":10},"end":{"line":98,"column":3}},"loc":{"start":{"line":60,"column":10},"end":{"line":98,"column":3}},"line":60},"4":{"name":"<instance_members_initializer>","decl":{"start":{"line":103,"column":2},"end":{"line":116,"column":4}},"loc":{"start":{"line":103,"column":2},"end":{"line":116,"column":4}},"line":103},"5":{"name":"resetError","decl":{"start":{"line":103,"column":15},"end":{"line":109,"column":4}},"loc":{"start":{"line":103,"column":15},"end":{"line":109,"column":4}},"line":103},"6":{"name":"retry","decl":{"start":{"line":114,"column":10},"end":{"line":116,"column":4}},"loc":{"start":{"line":114,"column":10},"end":{"line":116,"column":4}},"line":114},"7":{"name":"render","decl":{"start":{"line":118,"column":2},"end":{"line":137,"column":3}},"loc":{"start":{"line":118,"column":2},"end":{"line":137,"column":3}},"line":118}},"f":{"0":6,"1":4,"2":2,"3":2,"4":5,"5":1,"6":0,"7":13}}
,"/Users/changsailong/.openclaw/workspace/projects/chinese-chess/src/frontend-user/src/components/error/ErrorFallback.tsx": {"path":"/Users/changsailong/.openclaw/workspace/projects/chinese-chess/src/frontend-user/src/components/error/ErrorFallback.tsx","all":false,"statementMap":{"5":{"start":{"line":6,"column":0},"end":{"line":6,"column":26}},"15":{"start":{"line":16,"column":0},"end":{"line":16,"column":84}},"16":{"start":{"line":17,"column":0},"end":{"line":17,"column":44}},"18":{"start":{"line":19,"column":0},"end":{"line":19,"column":10}},"19":{"start":{"line":20,"column":0},"end":{"line":20,"column":114}},"20":{"start":{"line":21,"column":0},"end":{"line":21,"column":86}},"22":{"start":{"line":23,"column":0},"end":{"line":23,"column":30}},"23":{"start":{"line":24,"column":0},"end":{"line":24,"column":102}},"24":{"start":{"line":25,"column":0},"end":{"line":25,"column":16}},"25":{"start":{"line":26,"column":0},"end":{"line":26,"column":48}},"26":{"start":{"line":27,"column":0},"end":{"line":27,"column":25}},"27":{"start":{"line":28,"column":0},"end":{"line":28,"column":35}},"28":{"start":{"line":29,"column":0},"end":{"line":29,"column":33}},"30":{"start":{"line":31,"column":0},"end":{"line":31,"column":19}},"31":{"start":{"line":32,"column":0},"end":{"line":32,"column":37}},"32":{"start":{"line":33,"column":0},"end":{"line":33,"column":38}},"33":{"start":{"line":34,"column":0},"end":{"line":34,"column":31}},"34":{"start":{"line":35,"column":0},"end":{"line":35,"column":152}},"35":{"start":{"line":36,"column":0},"end":{"line":36,"column":16}},"36":{"start":{"line":37,"column":0},"end":{"line":37,"column":18}},"37":{"start":{"line":38,"column":0},"end":{"line":38,"column":16}},"38":{"start":{"line":39,"column":0},"end":{"line":39,"column":14}},"41":{"start":{"line":42,"column":0},"end":{"line":42,"column":62}},"43":{"start":{"line":44,"column":0},"end":{"line":44,"column":13}},"44":{"start":{"line":45,"column":0},"end":{"line":45,"column":42}},"46":{"start":{"line":47,"column":0},"end":{"line":47,"column":12}},"49":{"start":{"line":50,"column":0},"end":{"line":50,"column":36}},"50":{"start":{"line":51,"column":0},"end":{"line":51,"column":68}},"51":{"start":{"line":52,"column":0},"end":{"line":52,"column":70}},"53":{"start":{"line":54,"column":0},"end":{"line":54,"column":18}},"54":{"start":{"line":55,"column":0},"end":{"line":55,"column":70}},"55":{"start":{"line":56,"column":0},"end":{"line":56,"column":32}},"56":{"start":{"line":57,"column":0},"end":{"line":57,"column":18}},"57":{"start":{"line":58,"column":0},"end":{"line":58,"column":27}},"58":{"start":{"line":59,"column":0},"end":{"line":59,"column":103}},"59":{"start":{"line":60,"column":0},"end":{"line":60,"column":42}},"60":{"start":{"line":61,"column":0},"end":{"line":61,"column":20}},"62":{"start":{"line":63,"column":0},"end":{"line":63,"column":16}},"66":{"start":{"line":67,"column":0},"end":{"line":67,"column":35}},"67":{"start":{"line":68,"column":0},"end":{"line":68,"column":17}},"68":{"start":{"line":69,"column":0},"end":{"line":69,"column":29}},"69":{"start":{"line":70,"column":0},"end":{"line":70,"column":174}},"71":{"start":{"line":72,"column":0},"end":{"line":72,"column":91}},"72":{"start":{"line":73,"column":0},"end":{"line":73,"column":19}},"73":{"start":{"line":74,"column":0},"end":{"line":74,"column":37}},"74":{"start":{"line":75,"column":0},"end":{"line":75,"column":38}},"75":{"start":{"line":76,"column":0},"end":{"line":76,"column":31}},"76":{"start":{"line":77,"column":0},"end":{"line":77,"column":81}},"77":{"start":{"line":78,"column":0},"end":{"line":78,"column":16}},"78":{"start":{"line":79,"column":0},"end":{"line":79,"column":18}},"80":{"start":{"line":81,"column":0},"end":{"line":81,"column":19}},"82":{"start":{"line":83,"column":0},"end":{"line":83,"column":17}},"83":{"start":{"line":84,"column":0},"end":{"line":84,"column":29}},"84":{"start":{"line":85,"column":0},"end":{"line":85,"column":140}},"85":{"start":{"line":86,"column":0},"end":{"line":86,"column":11}},"87":{"start":{"line":88,"column":0},"end":{"line":88,"column":19}},"89":{"start":{"line":90,"column":0},"end":{"line":90,"column":12}},"90":{"start":{"line":91,"column":0},"end":{"line":91,"column":20}},"91":{"start":{"line":92,"column":0},"end":{"line":92,"column":184}},"92":{"start":{"line":93,"column":0},"end":{"line":93,"column":11}},"94":{"start":{"line":95,"column":0},"end":{"line":95,"column":14}},"95":{"start":{"line":96,"column":0},"end":{"line":96,"column":14}},"98":{"start":{"line":99,"column":0},"end":{"line":99,"column":60}},"99":{"start":{"line":100,"column":0},"end":{"line":100,"column":47}},"101":{"start":{"line":102,"column":0},"end":{"line":102,"column":14}},"102":{"start":{"line":103,"column":0},"end":{"line":103,"column":52}},"103":{"start":{"line":104,"column":0},"end":{"line":104,"column":92}},"104":{"start":{"line":105,"column":0},"end":{"line":105,"column":14}},"105":{"start":{"line":106,"column":0},"end":{"line":106,"column":14}},"106":{"start":{"line":107,"column":0},"end":{"line":107,"column":12}},"107":{"start":{"line":108,"column":0},"end":{"line":108,"column":10}},"109":{"start":{"line":110,"column":0},"end":{"line":110,"column":2}},"111":{"start":{"line":112,"column":0},"end":{"line":112,"column":29}}},"s":{"5":1,"15":1,"16":9,"18":9,"19":9,"20":9,"22":9,"23":9,"24":9,"25":9,"26":9,"27":9,"28":9,"30":9,"31":9,"32":9,"33":9,"34":9,"35":9,"36":9,"37":9,"38":9,"41":9,"43":9,"44":9,"46":9,"49":9,"50":9,"51":9,"53":9,"54":9,"55":9,"56":9,"57":9,"58":3,"59":3,"60":3,"62":9,"66":9,"67":9,"68":9,"69":9,"71":9,"72":9,"73":9,"74":9,"75":9,"76":9,"77":9,"78":9,"80":9,"82":9,"83":9,"84":9,"85":9,"87":9,"89":9,"90":9,"91":9,"92":9,"94":9,"95":9,"98":9,"99":9,"101":9,"102":9,"103":9,"104":9,"105":9,"106":9,"107":9,"109":9,"111":1},"branchMap":{"0":{"type":"branch","line":16,"loc":{"start":{"line":16,"column":39},"end":{"line":110,"column":2}},"locations":[{"start":{"line":16,"column":39},"end":{"line":110,"column":2}}]},"1":{"type":"branch","line":58,"loc":{"start":{"line":58,"column":13},"end":{"line":61,"column":20}},"locations":[{"start":{"line":58,"column":13},"end":{"line":61,"column":20}}]},"2":{"type":"branch","line":104,"loc":{"start":{"line":104,"column":78},"end":{"line":104,"column":92}},"locations":[{"start":{"line":104,"column":78},"end":{"line":104,"column":92}}]}},"b":{"0":[9],"1":[3],"2":[0]},"fnMap":{"0":{"name":"ErrorFallback","decl":{"start":{"line":16,"column":39},"end":{"line":110,"column":2}},"loc":{"start":{"line":16,"column":39},"end":{"line":110,"column":2}},"line":16}},"f":{"0":9}}
,"/Users/changsailong/.openclaw/workspace/projects/chinese-chess/src/frontend-user/src/components/error/index.ts": {"path":"/Users/changsailong/.openclaw/workspace/projects/chinese-chess/src/frontend-user/src/components/error/index.ts","all":true,"statementMap":{"4":{"start":{"line":5,"column":0},"end":{"line":5,"column":59}},"5":{"start":{"line":6,"column":0},"end":{"line":6,"column":59}}},"s":{"4":0,"5":0},"branchMap":{"0":{"type":"branch","line":1,"loc":{"start":{"line":1,"column":140},"end":{"line":6,"column":59}},"locations":[{"start":{"line":1,"column":140},"end":{"line":6,"column":59}}]}},"b":{"0":[1]},"fnMap":{"0":{"name":"(empty-report)","decl":{"start":{"line":1,"column":140},"end":{"line":6,"column":59}},"loc":{"start":{"line":1,"column":140},"end":{"line":6,"column":59}},"line":1}},"f":{"0":1}}
,"/Users/changsailong/.openclaw/workspace/projects/chinese-chess/src/frontend-user/src/components/game/ChessBoard.tsx": {"path":"/Users/changsailong/.openclaw/workspace/projects/chinese-chess/src/frontend-user/src/components/game/ChessBoard.tsx","all":false,"statementMap":{"0":{"start":{"line":1,"column":0},"end":{"line":1,"column":52}},"14":{"start":{"line":15,"column":0},"end":{"line":15,"column":60}},"15":{"start":{"line":16,"column":0},"end":{"line":16,"column":45}},"17":{"start":{"line":18,"column":0},"end":{"line":18,"column":41}},"18":{"start":{"line":19,"column":0},"end":{"line":19,"column":29}},"19":{"start":{"line":20,"column":0},"end":{"line":20,"column":44}},"21":{"start":{"line":22,"column":0},"end":{"line":22,"column":36}},"22":{"start":{"line":23,"column":0},"end":{"line":23,"column":22}},"23":{"start":{"line":24,"column":0},"end":{"line":24,"column":29}},"24":{"start":{"line":25,"column":0},"end":{"line":25,"column":28}},"25":{"start":{"line":26,"column":0},"end":{"line":26,"column":36}},"26":{"start":{"line":27,"column":0},"end":{"line":27,"column":14}},"27":{"start":{"line":28,"column":0},"end":{"line":28,"column":68}},"28":{"start":{"line":29,"column":0},"end":{"line":29,"column":45}},"29":{"start":{"line":30,"column":0},"end":{"line":30,"column":56}},"30":{"start":{"line":31,"column":0},"end":{"line":31,"column":69}},"31":{"start":{"line":32,"column":0},"end":{"line":32,"column":50}},"32":{"start":{"line":33,"column":0},"end":{"line":33,"column":10}},"34":{"start":{"line":35,"column":0},"end":{"line":35,"column":21}},"35":{"start":{"line":36,"column":0},"end":{"line":36,"column":35}},"36":{"start":{"line":37,"column":0},"end":{"line":37,"column":16}},"37":{"start":{"line":38,"column":0},"end":{"line":38,"column":58}},"38":{"start":{"line":39,"column":0},"end":{"line":39,"column":11}},"39":{"start":{"line":40,"column":0},"end":{"line":40,"column":20}},"40":{"start":{"line":41,"column":0},"end":{"line":41,"column":7}},"41":{"start":{"line":42,"column":0},"end":{"line":42,"column":5}},"42":{"start":{"line":43,"column":0},"end":{"line":43,"column":5}},"44":{"start":{"line":45,"column":0},"end":{"line":45,"column":16}},"45":{"start":{"line":46,"column":0},"end":{"line":46,"column":1}},"47":{"start":{"line":48,"column":0},"end":{"line":48,"column":48}},"48":{"start":{"line":49,"column":0},"end":{"line":49,"column":13}},"49":{"start":{"line":50,"column":0},"end":{"line":50,"column":19}},"50":{"start":{"line":51,"column":0},"end":{"line":51,"column":18}},"51":{"start":{"line":52,"column":0},"end":{"line":52,"column":11}},"52":{"start":{"line":53,"column":0},"end":{"line":53,"column":15}},"53":{"start":{"line":54,"column":0},"end":{"line":54,"column":9}},"54":{"start":{"line":55,"column":0},"end":{"line":55,"column":22}},"55":{"start":{"line":56,"column":0},"end":{"line":56,"column":19}},"56":{"start":{"line":57,"column":0},"end":{"line":57,"column":7}},"57":{"start":{"line":58,"column":0},"end":{"line":58,"column":75}},"59":{"start":{"line":60,"column":0},"end":{"line":60,"column":33}},"60":{"start":{"line":61,"column":0},"end":{"line":61,"column":26}},"69":{"start":{"line":70,"column":0},"end":{"line":70,"column":12}},"71":{"start":{"line":72,"column":0},"end":{"line":72,"column":71}},"72":{"start":{"line":73,"column":0},"end":{"line":73,"column":71}},"74":{"start":{"line":75,"column":0},"end":{"line":75,"column":29}},"75":{"start":{"line":76,"column":0},"end":{"line":76,"column":31}},"76":{"start":{"line":77,"column":0},"end":{"line":77,"column":42}},"77":{"start":{"line":78,"column":0},"end":{"line":78,"column":66}},"79":{"start":{"line":80,"column":0},"end":{"line":80,"column":22}},"80":{"start":{"line":81,"column":0},"end":{"line":81,"column":15}},"81":{"start":{"line":82,"column":0},"end":{"line":82,"column":15}},"82":{"start":{"line":83,"column":0},"end":{"line":83,"column":19}},"83":{"start":{"line":84,"column":0},"end":{"line":84,"column":16}},"84":{"start":{"line":85,"column":0},"end":{"line":85,"column":54}},"85":{"start":{"line":86,"column":0},"end":{"line":86,"column":50}},"86":{"start":{"line":87,"column":0},"end":{"line":87,"column":53}},"87":{"start":{"line":88,"column":0},"end":{"line":88,"column":52}},"88":{"start":{"line":89,"column":0},"end":{"line":89,"column":11}},"89":{"start":{"line":90,"column":0},"end":{"line":90,"column":9}},"90":{"start":{"line":91,"column":0},"end":{"line":91,"column":7}},"92":{"start":{"line":93,"column":0},"end":{"line":93,"column":19}},"93":{"start":{"line":94,"column":0},"end":{"line":94,"column":68}},"95":{"start":{"line":96,"column":0},"end":{"line":96,"column":39}},"96":{"start":{"line":97,"column":0},"end":{"line":97,"column":27}},"97":{"start":{"line":98,"column":0},"end":{"line":98,"column":27}},"98":{"start":{"line":99,"column":0},"end":{"line":99,"column":47}},"99":{"start":{"line":100,"column":0},"end":{"line":100,"column":72}},"100":{"start":{"line":101,"column":0},"end":{"line":101,"column":43}},"101":{"start":{"line":102,"column":0},"end":{"line":102,"column":7}},"102":{"start":{"line":103,"column":0},"end":{"line":103,"column":6}},"103":{"start":{"line":104,"column":0},"end":{"line":104,"column":66}},"104":{"start":{"line":105,"column":0},"end":{"line":105,"column":4}},"106":{"start":{"line":107,"column":0},"end":{"line":107,"column":10}},"107":{"start":{"line":108,"column":0},"end":{"line":108,"column":137}},"108":{"start":{"line":109,"column":0},"end":{"line":109,"column":104}},"109":{"start":{"line":110,"column":0},"end":{"line":110,"column":59}},"110":{"start":{"line":111,"column":0},"end":{"line":111,"column":104}},"112":{"start":{"line":113,"column":0},"end":{"line":113,"column":51}},"113":{"start":{"line":114,"column":0},"end":{"line":114,"column":123}},"114":{"start":{"line":115,"column":0},"end":{"line":115,"column":11}},"116":{"start":{"line":117,"column":0},"end":{"line":117,"column":50}},"117":{"start":{"line":118,"column":0},"end":{"line":118,"column":28}},"118":{"start":{"line":119,"column":0},"end":{"line":119,"column":110}},"119":{"start":{"line":120,"column":0},"end":{"line":120,"column":111}},"120":{"start":{"line":121,"column":0},"end":{"line":121,"column":14}},"121":{"start":{"line":122,"column":0},"end":{"line":122,"column":11}},"123":{"start":{"line":124,"column":0},"end":{"line":124,"column":90}},"124":{"start":{"line":125,"column":0},"end":{"line":125,"column":90}},"125":{"start":{"line":126,"column":0},"end":{"line":126,"column":91}},"126":{"start":{"line":127,"column":0},"end":{"line":127,"column":91}},"128":{"start":{"line":129,"column":0},"end":{"line":129,"column":118}},"129":{"start":{"line":130,"column":0},"end":{"line":130,"column":118}},"130":{"start":{"line":131,"column":0},"end":{"line":131,"column":12}},"132":{"start":{"line":133,"column":0},"end":{"line":133,"column":40}},"133":{"start":{"line":134,"column":0},"end":{"line":134,"column":34}},"134":{"start":{"line":135,"column":0},"end":{"line":135,"column":14}},"135":{"start":{"line":136,"column":0},"end":{"line":136,"column":33}},"136":{"start":{"line":137,"column":0},"end":{"line":137,"column":84}},"137":{"start":{"line":138,"column":0},"end":{"line":138,"column":20}},"138":{"start":{"line":139,"column":0},"end":{"line":139,"column":65}},"139":{"start":{"line":140,"column":0},"end":{"line":140,"column":86}},"140":{"start":{"line":141,"column":0},"end":{"line":141,"column":14}},"141":{"start":{"line":142,"column":0},"end":{"line":142,"column":61}},"143":{"start":{"line":144,"column":0},"end":{"line":144,"column":30}},"144":{"start":{"line":145,"column":0},"end":{"line":145,"column":18}},"145":{"start":{"line":146,"column":0},"end":{"line":146,"column":141}},"146":{"start":{"line":147,"column":0},"end":{"line":147,"column":24}},"147":{"start":{"line":148,"column":0},"end":{"line":148,"column":58}},"148":{"start":{"line":149,"column":0},"end":{"line":149,"column":85}},"149":{"start":{"line":150,"column":0},"end":{"line":150,"column":86}},"150":{"start":{"line":151,"column":0},"end":{"line":151,"column":94}},"151":{"start":{"line":152,"column":0},"end":{"line":152,"column":18}},"153":{"start":{"line":154,"column":0},"end":{"line":154,"column":134}},"154":{"start":{"line":155,"column":0},"end":{"line":155,"column":94}},"155":{"start":{"line":156,"column":0},"end":{"line":156,"column":97}},"156":{"start":{"line":157,"column":0},"end":{"line":157,"column":98}},"157":{"start":{"line":158,"column":0},"end":{"line":158,"column":56}},"158":{"start":{"line":159,"column":0},"end":{"line":159,"column":55}},"159":{"start":{"line":160,"column":0},"end":{"line":160,"column":96}},"160":{"start":{"line":161,"column":0},"end":{"line":161,"column":62}},"161":{"start":{"line":162,"column":0},"end":{"line":162,"column":23}},"162":{"start":{"line":163,"column":0},"end":{"line":163,"column":20}},"164":{"start":{"line":165,"column":0},"end":{"line":165,"column":35}},"165":{"start":{"line":166,"column":0},"end":{"line":166,"column":104}},"167":{"start":{"line":168,"column":0},"end":{"line":168,"column":16}},"168":{"start":{"line":169,"column":0},"end":{"line":169,"column":11}},"169":{"start":{"line":170,"column":0},"end":{"line":170,"column":12}},"170":{"start":{"line":171,"column":0},"end":{"line":171,"column":10}},"172":{"start":{"line":173,"column":0},"end":{"line":173,"column":2}},"174":{"start":{"line":175,"column":0},"end":{"line":175,"column":26}}},"s":{"0":1,"14":1,"15":1,"17":12,"18":12,"19":12,"21":12,"22":102,"23":102,"24":506,"25":180,"26":506,"27":326,"28":326,"29":326,"30":326,"31":326,"32":326,"34":326,"35":326,"36":326,"37":326,"38":326,"39":326,"40":326,"41":506,"42":12,"44":12,"45":12,"47":1,"48":13,"49":13,"50":13,"51":13,"52":13,"53":13,"54":13,"55":13,"56":13,"57":13,"59":13,"60":12,"69":12,"71":12,"72":12,"74":12,"75":120,"76":1080,"77":1080,"79":1080,"80":1080,"81":1080,"82":1080,"83":1080,"84":1080,"85":1080,"86":1080,"87":1080,"88":1080,"89":120,"90":12,"92":12,"93":13,"95":13,"96":13,"97":2,"98":1,"99":2,"100":0,"101":0,"102":2,"103":13,"104":13,"106":13,"107":13,"108":13,"109":13,"110":13,"112":13,"113":130,"114":13,"116":13,"117":117,"118":117,"119":117,"120":117,"121":13,"123":13,"124":13,"125":13,"126":13,"128":13,"129":13,"130":13,"132":13,"133":13,"134":1170,"135":1170,"136":1170,"137":1170,"138":1170,"139":1170,"140":1170,"141":1170,"143":1170,"144":329,"145":329,"146":329,"147":329,"148":169,"149":160,"150":329,"151":329,"153":329,"154":329,"155":309,"156":269,"157":229,"158":189,"159":149,"160":109,"161":329,"162":329,"164":1170,"165":1,"167":1170,"168":13,"169":13,"170":13,"172":13,"174":1},"branchMap":{"0":{"type":"branch","line":18,"loc":{"start":{"line":18,"column":0},"end":{"line":46,"column":1}},"locations":[{"start":{"line":18,"column":0},"end":{"line":46,"column":1}}]},"1":{"type":"branch","line":22,"loc":{"start":{"line":22,"column":15},"end":{"line":43,"column":3}},"locations":[{"start":{"line":22,"column":15},"end":{"line":43,"column":3}}]},"2":{"type":"branch","line":24,"loc":{"start":{"line":24,"column":28},"end":{"line":42,"column":5}},"locations":[{"start":{"line":24,"column":28},"end":{"line":42,"column":5}}]},"3":{"type":"branch","line":25,"loc":{"start":{"line":25,"column":27},"end":{"line":27,"column":13}},"locations":[{"start":{"line":25,"column":27},"end":{"line":27,"column":13}}]},"4":{"type":"branch","line":27,"loc":{"start":{"line":27,"column":6},"end":{"line":41,"column":7}},"locations":[{"start":{"line":27,"column":6},"end":{"line":41,"column":7}}]},"5":{"type":"branch","line":28,"loc":{"start":{"line":28,"column":48},"end":{"line":28,"column":60}},"locations":[{"start":{"line":28,"column":48},"end":{"line":28,"column":60}}]},"6":{"type":"branch","line":28,"loc":{"start":{"line":28,"column":52},"end":{"line":28,"column":68}},"locations":[{"start":{"line":28,"column":52},"end":{"line":28,"column":68}}]},"7":{"type":"branch","line":48,"loc":{"start":{"line":48,"column":46},"end":{"line":173,"column":2}},"locations":[{"start":{"line":48,"column":46},"end":{"line":173,"column":2}}]},"8":{"type":"branch","line":58,"loc":{"start":{"line":58,"column":25},"end":{"line":58,"column":57}},"locations":[{"start":{"line":58,"column":25},"end":{"line":58,"column":57}}]},"9":{"type":"branch","line":60,"loc":{"start":{"line":60,"column":26},"end":{"line":94,"column":5}},"locations":[{"start":{"line":60,"column":26},"end":{"line":94,"column":5}}]},"10":{"type":"branch","line":72,"loc":{"start":{"line":72,"column":34},"end":{"line":72,"column":50}},"locations":[{"start":{"line":72,"column":34},"end":{"line":72,"column":50}}]},"11":{"type":"branch","line":72,"loc":{"start":{"line":72,"column":42},"end":{"line":72,"column":71}},"locations":[{"start":{"line":72,"column":42},"end":{"line":72,"column":71}}]},"12":{"type":"branch","line":73,"loc":{"start":{"line":73,"column":34},"end":{"line":73,"column":50}},"locations":[{"start":{"line":73,"column":34},"end":{"line":73,"column":50}}]},"13":{"type":"branch","line":73,"loc":{"start":{"line":73,"column":42},"end":{"line":73,"column":71}},"locations":[{"start":{"line":73,"column":42},"end":{"line":73,"column":71}}]},"14":{"type":"branch","line":75,"loc":{"start":{"line":75,"column":18},"end":{"line":91,"column":5}},"locations":[{"start":{"line":75,"column":18},"end":{"line":91,"column":5}}]},"15":{"type":"branch","line":76,"loc":{"start":{"line":76,"column":20},"end":{"line":90,"column":7}},"locations":[{"start":{"line":76,"column":20},"end":{"line":90,"column":7}}]},"16":{"type":"branch","line":85,"loc":{"start":{"line":85,"column":26},"end":{"line":85,"column":45}},"locations":[{"start":{"line":85,"column":26},"end":{"line":85,"column":45}}]},"17":{"type":"branch","line":86,"loc":{"start":{"line":86,"column":24},"end":{"line":86,"column":41}},"locations":[{"start":{"line":86,"column":24},"end":{"line":86,"column":41}}]},"18":{"type":"branch","line":78,"loc":{"start":{"line":78,"column":34},"end":{"line":78,"column":64}},"locations":[{"start":{"line":78,"column":34},"end":{"line":78,"column":64}}]},"19":{"type":"branch","line":97,"loc":{"start":{"line":97,"column":4},"end":{"line":103,"column":6}},"locations":[{"start":{"line":97,"column":4},"end":{"line":103,"column":6}}]},"20":{"type":"branch","line":98,"loc":{"start":{"line":98,"column":20},"end":{"line":100,"column":30}},"locations":[{"start":{"line":98,"column":20},"end":{"line":100,"column":30}}]},"21":{"type":"branch","line":100,"loc":{"start":{"line":100,"column":10},"end":{"line":100,"column":63}},"locations":[{"start":{"line":100,"column":10},"end":{"line":100,"column":63}}]},"22":{"type":"branch","line":100,"loc":{"start":{"line":100,"column":58},"end":{"line":100,"column":71}},"locations":[{"start":{"line":100,"column":58},"end":{"line":100,"column":71}}]},"23":{"type":"branch","line":100,"loc":{"start":{"line":100,"column":71},"end":{"line":102,"column":7}},"locations":[{"start":{"line":100,"column":71},"end":{"line":102,"column":7}}]},"24":{"type":"branch","line":113,"loc":{"start":{"line":113,"column":40},"end":{"line":114,"column":123}},"locations":[{"start":{"line":113,"column":40},"end":{"line":114,"column":123}}]},"25":{"type":"branch","line":117,"loc":{"start":{"line":117,"column":39},"end":{"line":121,"column":14}},"locations":[{"start":{"line":117,"column":39},"end":{"line":121,"column":14}}]},"26":{"type":"branch","line":134,"loc":{"start":{"line":134,"column":21},"end":{"line":168,"column":16}},"locations":[{"start":{"line":134,"column":21},"end":{"line":168,"column":16}}]},"27":{"type":"branch","line":140,"loc":{"start":{"line":140,"column":39},"end":{"line":140,"column":61}},"locations":[{"start":{"line":140,"column":39},"end":{"line":140,"column":61}}]},"28":{"type":"branch","line":140,"loc":{"start":{"line":140,"column":54},"end":{"line":140,"column":80}},"locations":[{"start":{"line":140,"column":54},"end":{"line":140,"column":80}}]},"29":{"type":"branch","line":144,"loc":{"start":{"line":144,"column":20},"end":{"line":163,"column":20}},"locations":[{"start":{"line":144,"column":20},"end":{"line":163,"column":20}}]},"30":{"type":"branch","line":148,"loc":{"start":{"line":148,"column":53},"end":{"line":149,"column":85}},"locations":[{"start":{"line":148,"column":53},"end":{"line":149,"column":85}}]},"31":{"type":"branch","line":149,"loc":{"start":{"line":149,"column":22},"end":{"line":150,"column":86}},"locations":[{"start":{"line":149,"column":22},"end":{"line":150,"column":86}}]},"32":{"type":"branch","line":151,"loc":{"start":{"line":151,"column":62},"end":{"line":151,"column":82}},"locations":[{"start":{"line":151,"column":62},"end":{"line":151,"column":82}}]},"33":{"type":"branch","line":151,"loc":{"start":{"line":151,"column":70},"end":{"line":151,"column":91}},"locations":[{"start":{"line":151,"column":70},"end":{"line":151,"column":91}}]},"34":{"type":"branch","line":154,"loc":{"start":{"line":154,"column":90},"end":{"line":154,"column":115}},"locations":[{"start":{"line":154,"column":90},"end":{"line":154,"column":115}}]},"35":{"type":"branch","line":154,"loc":{"start":{"line":154,"column":98},"end":{"line":154,"column":130}},"locations":[{"start":{"line":154,"column":98},"end":{"line":154,"column":130}}]},"36":{"type":"branch","line":155,"loc":{"start":{"line":155,"column":41},"end":{"line":155,"column":94}},"locations":[{"start":{"line":155,"column":41},"end":{"line":155,"column":94}}]},"37":{"type":"branch","line":155,"loc":{"start":{"line":155,"column":74},"end":{"line":155,"column":88}},"locations":[{"start":{"line":155,"column":74},"end":{"line":155,"column":88}}]},"38":{"type":"branch","line":155,"loc":{"start":{"line":155,"column":82},"end":{"line":155,"column":94}},"locations":[{"start":{"line":155,"column":82},"end":{"line":155,"column":94}}]},"39":{"type":"branch","line":155,"loc":{"start":{"line":155,"column":88},"end":{"line":161,"column":62}},"locations":[{"start":{"line":155,"column":88},"end":{"line":161,"column":62}}]},"40":{"type":"branch","line":156,"loc":{"start":{"line":156,"column":41},"end":{"line":156,"column":97}},"locations":[{"start":{"line":156,"column":41},"end":{"line":156,"column":97}}]},"41":{"type":"branch","line":156,"loc":{"start":{"line":156,"column":77},"end":{"line":156,"column":91}},"locations":[{"start":{"line":156,"column":77},"end":{"line":156,"column":91}}]},"42":{"type":"branch","line":156,"loc":{"start":{"line":156,"column":85},"end":{"line":156,"column":97}},"locations":[{"start":{"line":156,"column":85},"end":{"line":156,"column":97}}]},"43":{"type":"branch","line":156,"loc":{"start":{"line":156,"column":91},"end":{"line":161,"column":62}},"locations":[{"start":{"line":156,"column":91},"end":{"line":161,"column":62}}]},"44":{"type":"branch","line":157,"loc":{"start":{"line":157,"column":41},"end":{"line":157,"column":98}},"locations":[{"start":{"line":157,"column":41},"end":{"line":157,"column":98}}]},"45":{"type":"branch","line":157,"loc":{"start":{"line":157,"column":78},"end":{"line":157,"column":92}},"locations":[{"start":{"line":157,"column":78},"end":{"line":157,"column":92}}]},"46":{"type":"branch","line":157,"loc":{"start":{"line":157,"column":86},"end":{"line":157,"column":98}},"locations":[{"start":{"line":157,"column":86},"end":{"line":157,"column":98}}]},"47":{"type":"branch","line":157,"loc":{"start":{"line":157,"column":92},"end":{"line":161,"column":62}},"locations":[{"start":{"line":157,"column":92},"end":{"line":161,"column":62}}]},"48":{"type":"branch","line":158,"loc":{"start":{"line":158,"column":41},"end":{"line":158,"column":56}},"locations":[{"start":{"line":158,"column":41},"end":{"line":158,"column":56}}]},"49":{"type":"branch","line":158,"loc":{"start":{"line":158,"column":51},"end":{"line":161,"column":62}},"locations":[{"start":{"line":158,"column":51},"end":{"line":161,"column":62}}]},"50":{"type":"branch","line":159,"loc":{"start":{"line":159,"column":41},"end":{"line":159,"column":55}},"locations":[{"start":{"line":159,"column":41},"end":{"line":159,"column":55}}]},"51":{"type":"branch","line":159,"loc":{"start":{"line":159,"column":50},"end":{"line":161,"column":62}},"locations":[{"start":{"line":159,"column":50},"end":{"line":161,"column":62}}]},"52":{"type":"branch","line":160,"loc":{"start":{"line":160,"column":41},"end":{"line":160,"column":96}},"locations":[{"start":{"line":160,"column":41},"end":{"line":160,"column":96}}]},"53":{"type":"branch","line":160,"loc":{"start":{"line":160,"column":76},"end":{"line":160,"column":90}},"locations":[{"start":{"line":160,"column":76},"end":{"line":160,"column":90}}]},"54":{"type":"branch","line":160,"loc":{"start":{"line":160,"column":84},"end":{"line":160,"column":96}},"locations":[{"start":{"line":160,"column":84},"end":{"line":160,"column":96}}]},"55":{"type":"branch","line":160,"loc":{"start":{"line":160,"column":90},"end":{"line":161,"column":62}},"locations":[{"start":{"line":160,"column":90},"end":{"line":161,"column":62}}]},"56":{"type":"branch","line":161,"loc":{"start":{"line":161,"column":43},"end":{"line":161,"column":57}},"locations":[{"start":{"line":161,"column":43},"end":{"line":161,"column":57}}]},"57":{"type":"branch","line":161,"loc":{"start":{"line":161,"column":51},"end":{"line":161,"column":62}},"locations":[{"start":{"line":161,"column":51},"end":{"line":161,"column":62}}]},"58":{"type":"branch","line":165,"loc":{"start":{"line":165,"column":20},"end":{"line":166,"column":104}},"locations":[{"start":{"line":165,"column":20},"end":{"line":166,"column":104}}]},"59":{"type":"branch","line":142,"loc":{"start":{"line":142,"column":21},"end":{"line":142,"column":61}},"locations":[{"start":{"line":142,"column":21},"end":{"line":142,"column":61}}]}},"b":{"0":[12],"1":[102],"2":[506],"3":[180],"4":[326],"5":[166],"6":[160],"7":[13],"8":[12],"9":[12],"10":[11],"11":[1],"12":[11],"13":[1],"14":[120],"15":[1080],"16":[90],"17":[90],"18":[24374],"19":[2],"20":[1],"21":[0],"22":[0],"23":[0],"24":[130],"25":[117],"26":[1170],"27":[1080],"28":[90],"29":[329],"30":[169],"31":[160],"32":[169],"33":[160],"34":[169],"35":[160],"36":[20],"37":[10],"38":[10],"39":[309],"40":[40],"41":[20],"42":[20],"43":[269],"44":[40],"45":[20],"46":[20],"47":[229],"48":[40],"49":[189],"50":[40],"51":[149],"52":[40],"53":[20],"54":[20],"55":[109],"56":[59],"57":[50],"58":[1],"59":[2]},"fnMap":{"0":{"name":"parseFen","decl":{"start":{"line":18,"column":0},"end":{"line":46,"column":1}},"loc":{"start":{"line":18,"column":0},"end":{"line":46,"column":1}},"line":18},"1":{"name":"ChessBoard","decl":{"start":{"line":48,"column":46},"end":{"line":173,"column":2}},"loc":{"start":{"line":48,"column":46},"end":{"line":173,"column":2}},"line":48},"2":{"name":"onClick","decl":{"start":{"line":142,"column":21},"end":{"line":142,"column":61}},"loc":{"start":{"line":142,"column":21},"end":{"line":142,"column":61}},"line":142}},"f":{"0":12,"1":13,"2":2}}
,"/Users/changsailong/.openclaw/workspace/projects/chinese-chess/src/frontend-user/src/components/game/ChessPiece.tsx": {"path":"/Users/changsailong/.openclaw/workspace/projects/chinese-chess/src/frontend-user/src/components/game/ChessPiece.tsx","all":false,"statementMap":{"0":{"start":{"line":1,"column":0},"end":{"line":1,"column":26}},"12":{"start":{"line":13,"column":0},"end":{"line":13,"column":69}},"13":{"start":{"line":14,"column":0},"end":{"line":14,"column":33}},"14":{"start":{"line":15,"column":0},"end":{"line":15,"column":36}},"15":{"start":{"line":16,"column":0},"end":{"line":16,"column":37}},"16":{"start":{"line":17,"column":0},"end":{"line":17,"column":34}},"17":{"start":{"line":18,"column":0},"end":{"line":18,"column":33}},"18":{"start":{"line":19,"column":0},"end":{"line":19,"column":35}},"19":{"start":{"line":20,"column":0},"end":{"line":20,"column":33}},"20":{"start":{"line":21,"column":0},"end":{"line":21,"column":2}},"22":{"start":{"line":23,"column":0},"end":{"line":23,"column":48}},"23":{"start":{"line":24,"column":0},"end":{"line":24,"column":8}},"24":{"start":{"line":25,"column":0},"end":{"line":25,"column":21}},"25":{"start":{"line":26,"column":0},"end":{"line":26,"column":21}},"26":{"start":{"line":27,"column":0},"end":{"line":27,"column":19}},"27":{"start":{"line":28,"column":0},"end":{"line":28,"column":10}},"28":{"start":{"line":29,"column":0},"end":{"line":29,"column":7}},"29":{"start":{"line":30,"column":0},"end":{"line":30,"column":52}},"30":{"start":{"line":31,"column":0},"end":{"line":31,"column":38}},"32":{"start":{"line":33,"column":0},"end":{"line":33,"column":10}},"33":{"start":{"line":34,"column":0},"end":{"line":34,"column":8}},"34":{"start":{"line":35,"column":0},"end":{"line":35,"column":18}},"45":{"start":{"line":46,"column":0},"end":{"line":46,"column":54}},"46":{"start":{"line":47,"column":0},"end":{"line":47,"column":40}},"47":{"start":{"line":48,"column":0},"end":{"line":48,"column":88}},"49":{"start":{"line":50,"column":0},"end":{"line":50,"column":14}},"50":{"start":{"line":51,"column":0},"end":{"line":51,"column":25}},"51":{"start":{"line":52,"column":0},"end":{"line":52,"column":75}},"52":{"start":{"line":53,"column":0},"end":{"line":53,"column":76}},"53":{"start":{"line":54,"column":0},"end":{"line":54,"column":29}},"54":{"start":{"line":55,"column":0},"end":{"line":55,"column":82}},"55":{"start":{"line":56,"column":0},"end":{"line":56,"column":82}},"56":{"start":{"line":57,"column":0},"end":{"line":57,"column":61}},"57":{"start":{"line":58,"column":0},"end":{"line":58,"column":8}},"58":{"start":{"line":59,"column":0},"end":{"line":59,"column":46}},"61":{"start":{"line":62,"column":0},"end":{"line":62,"column":10}},"62":{"start":{"line":63,"column":0},"end":{"line":63,"column":49}},"63":{"start":{"line":64,"column":0},"end":{"line":64,"column":16}},"64":{"start":{"line":65,"column":0},"end":{"line":65,"column":92}},"65":{"start":{"line":66,"column":0},"end":{"line":66,"column":10}},"66":{"start":{"line":67,"column":0},"end":{"line":67,"column":8}},"69":{"start":{"line":70,"column":0},"end":{"line":70,"column":11}},"70":{"start":{"line":71,"column":0},"end":{"line":71,"column":20}},"76":{"start":{"line":77,"column":0},"end":{"line":77,"column":53}},"77":{"start":{"line":78,"column":0},"end":{"line":78,"column":46}},"79":{"start":{"line":80,"column":0},"end":{"line":80,"column":16}},"80":{"start":{"line":81,"column":0},"end":{"line":81,"column":55}},"81":{"start":{"line":82,"column":0},"end":{"line":82,"column":10}},"83":{"start":{"line":84,"column":0},"end":{"line":84,"column":14}},"84":{"start":{"line":85,"column":0},"end":{"line":85,"column":13}},"87":{"start":{"line":88,"column":0},"end":{"line":88,"column":10}},"88":{"start":{"line":89,"column":0},"end":{"line":89,"column":77}},"89":{"start":{"line":90,"column":0},"end":{"line":90,"column":16}},"90":{"start":{"line":91,"column":0},"end":{"line":91,"column":84}},"91":{"start":{"line":92,"column":0},"end":{"line":92,"column":10}},"92":{"start":{"line":93,"column":0},"end":{"line":93,"column":8}},"93":{"start":{"line":94,"column":0},"end":{"line":94,"column":10}},"95":{"start":{"line":96,"column":0},"end":{"line":96,"column":2}},"97":{"start":{"line":98,"column":0},"end":{"line":98,"column":26}}},"s":{"0":1,"12":1,"13":1,"14":1,"15":1,"16":1,"17":1,"18":1,"19":1,"20":1,"22":1,"23":18,"24":18,"25":18,"26":18,"27":18,"28":18,"29":18,"30":18,"32":18,"33":18,"34":18,"45":18,"46":18,"47":18,"49":18,"50":18,"51":16,"52":2,"53":18,"54":2,"55":16,"56":18,"57":18,"58":18,"61":18,"62":18,"63":18,"64":18,"65":18,"66":18,"69":18,"70":18,"76":18,"77":18,"79":18,"80":18,"81":18,"83":18,"84":18,"87":18,"88":18,"89":18,"90":18,"91":18,"92":18,"93":18,"95":18,"97":1},"branchMap":{"0":{"type":"branch","line":23,"loc":{"start":{"line":23,"column":46},"end":{"line":96,"column":2}},"locations":[{"start":{"line":23,"column":46},"end":{"line":96,"column":2}}]},"1":{"type":"branch","line":46,"loc":{"start":{"line":46,"column":10},"end":{"line":46,"column":51}},"locations":[{"start":{"line":46,"column":10},"end":{"line":46,"column":51}}]},"2":{"type":"branch","line":46,"loc":{"start":{"line":46,"column":23},"end":{"line":46,"column":53}},"locations":[{"start":{"line":46,"column":23},"end":{"line":46,"column":53}}]},"3":{"type":"branch","line":47,"loc":{"start":{"line":47,"column":10},"end":{"line":47,"column":37}},"locations":[{"start":{"line":47,"column":10},"end":{"line":47,"column":37}}]},"4":{"type":"branch","line":47,"loc":{"start":{"line":47,"column":23},"end":{"line":47,"column":39}},"locations":[{"start":{"line":47,"column":23},"end":{"line":47,"column":39}}]},"5":{"type":"branch","line":48,"loc":{"start":{"line":48,"column":10},"end":{"line":48,"column":55}},"locations":[{"start":{"line":48,"column":10},"end":{"line":48,"column":55}}]},"6":{"type":"branch","line":48,"loc":{"start":{"line":48,"column":21},"end":{"line":48,"column":87}},"locations":[{"start":{"line":48,"column":21},"end":{"line":48,"column":87}}]},"7":{"type":"branch","line":51,"loc":{"start":{"line":51,"column":20},"end":{"line":52,"column":75}},"locations":[{"start":{"line":51,"column":20},"end":{"line":52,"column":75}}]},"8":{"type":"branch","line":52,"loc":{"start":{"line":52,"column":12},"end":{"line":53,"column":76}},"locations":[{"start":{"line":52,"column":12},"end":{"line":53,"column":76}}]},"9":{"type":"branch","line":54,"loc":{"start":{"line":54,"column":19},"end":{"line":55,"column":82}},"locations":[{"start":{"line":54,"column":19},"end":{"line":55,"column":82}}]},"10":{"type":"branch","line":55,"loc":{"start":{"line":55,"column":12},"end":{"line":56,"column":82}},"locations":[{"start":{"line":55,"column":12},"end":{"line":56,"column":82}}]},"11":{"type":"branch","line":57,"loc":{"start":{"line":57,"column":29},"end":{"line":57,"column":49}},"locations":[{"start":{"line":57,"column":29},"end":{"line":57,"column":49}}]},"12":{"type":"branch","line":57,"loc":{"start":{"line":57,"column":37},"end":{"line":57,"column":58}},"locations":[{"start":{"line":57,"column":37},"end":{"line":57,"column":58}}]},"13":{"type":"branch","line":65,"loc":{"start":{"line":65,"column":31},"end":{"line":65,"column":66}},"locations":[{"start":{"line":65,"column":31},"end":{"line":65,"column":66}}]},"14":{"type":"branch","line":65,"loc":{"start":{"line":65,"column":39},"end":{"line":65,"column":89}},"locations":[{"start":{"line":65,"column":39},"end":{"line":65,"column":89}}]},"15":{"type":"branch","line":77,"loc":{"start":{"line":77,"column":12},"end":{"line":77,"column":37}},"locations":[{"start":{"line":77,"column":12},"end":{"line":77,"column":37}}]},"16":{"type":"branch","line":77,"loc":{"start":{"line":77,"column":20},"end":{"line":77,"column":52}},"locations":[{"start":{"line":77,"column":20},"end":{"line":77,"column":52}}]},"17":{"type":"branch","line":78,"loc":{"start":{"line":78,"column":12},"end":{"line":78,"column":43}},"locations":[{"start":{"line":78,"column":12},"end":{"line":78,"column":43}}]},"18":{"type":"branch","line":78,"loc":{"start":{"line":78,"column":25},"end":{"line":78,"column":45}},"locations":[{"start":{"line":78,"column":25},"end":{"line":78,"column":45}}]},"19":{"type":"branch","line":59,"loc":{"start":{"line":59,"column":15},"end":{"line":59,"column":46}},"locations":[{"start":{"line":59,"column":15},"end":{"line":59,"column":46}}]},"20":{"type":"branch","line":59,"loc":{"start":{"line":59,"column":22},"end":{"line":59,"column":46}},"locations":[{"start":{"line":59,"column":22},"end":{"line":59,"column":46}}]}},"b":{"0":[18],"1":[2],"2":[16],"3":[1],"4":[17],"5":[1],"6":[17],"7":[16],"8":[2],"9":[2],"10":[16],"11":[16],"12":[2],"13":[16],"14":[2],"15":[16],"16":[2],"17":[2],"18":[16],"19":[2],"20":[1]},"fnMap":{"0":{"name":"ChessPiece","decl":{"start":{"line":23,"column":46},"end":{"line":96,"column":2}},"loc":{"start":{"line":23,"column":46},"end":{"line":96,"column":2}},"line":23},"1":{"name":"onClick","decl":{"start":{"line":59,"column":15},"end":{"line":59,"column":46}},"loc":{"start":{"line":59,"column":15},"end":{"line":59,"column":46}},"line":59}},"f":{"0":18,"1":2}}
,"/Users/changsailong/.openclaw/workspace/projects/chinese-chess/src/frontend-user/src/components/game/GameControls.tsx": {"path":"/Users/changsailong/.openclaw/workspace/projects/chinese-chess/src/frontend-user/src/components/game/GameControls.tsx","all":false,"statementMap":{"0":{"start":{"line":1,"column":0},"end":{"line":1,"column":26}},"1":{"start":{"line":2,"column":0},"end":{"line":2,"column":56}},"2":{"start":{"line":3,"column":0},"end":{"line":3,"column":8}},"10":{"start":{"line":11,"column":0},"end":{"line":11,"column":58}},"12":{"start":{"line":13,"column":0},"end":{"line":13,"column":28}},"23":{"start":{"line":24,"column":0},"end":{"line":24,"column":52}},"24":{"start":{"line":25,"column":0},"end":{"line":25,"column":9}},"25":{"start":{"line":26,"column":0},"end":{"line":26,"column":11}},"26":{"start":{"line":27,"column":0},"end":{"line":27,"column":9}},"27":{"start":{"line":28,"column":0},"end":{"line":28,"column":9}},"28":{"start":{"line":29,"column":0},"end":{"line":29,"column":18}},"29":{"start":{"line":30,"column":0},"end":{"line":30,"column":19}},"30":{"start":{"line":31,"column":0},"end":{"line":31,"column":7}},"31":{"start":{"line":32,"column":0},"end":{"line":32,"column":46}},"32":{"start":{"line":33,"column":0},"end":{"line":33,"column":64}},"33":{"start":{"line":34,"column":0},"end":{"line":34,"column":74}},"34":{"start":{"line":35,"column":0},"end":{"line":35,"column":70}},"36":{"start":{"line":37,"column":0},"end":{"line":37,"column":30}},"37":{"start":{"line":38,"column":0},"end":{"line":38,"column":32}},"38":{"start":{"line":39,"column":0},"end":{"line":39,"column":17}},"39":{"start":{"line":40,"column":0},"end":{"line":40,"column":4}},"41":{"start":{"line":42,"column":0},"end":{"line":42,"column":28}},"42":{"start":{"line":43,"column":0},"end":{"line":43,"column":30}},"43":{"start":{"line":44,"column":0},"end":{"line":44,"column":15}},"44":{"start":{"line":45,"column":0},"end":{"line":45,"column":4}},"46":{"start":{"line":47,"column":0},"end":{"line":47,"column":10}},"47":{"start":{"line":48,"column":0},"end":{"line":48,"column":6}},"48":{"start":{"line":49,"column":0},"end":{"line":49,"column":87}},"49":{"start":{"line":50,"column":0},"end":{"line":50,"column":64}},"50":{"start":{"line":51,"column":0},"end":{"line":51,"column":67}},"51":{"start":{"line":52,"column":0},"end":{"line":52,"column":17}},"52":{"start":{"line":53,"column":0},"end":{"line":53,"column":23}},"53":{"start":{"line":54,"column":0},"end":{"line":54,"column":72}},"54":{"start":{"line":55,"column":0},"end":{"line":55,"column":59}},"55":{"start":{"line":56,"column":0},"end":{"line":56,"column":24}},"56":{"start":{"line":57,"column":0},"end":{"line":57,"column":12}},"57":{"start":{"line":58,"column":0},"end":{"line":58,"column":14}},"59":{"start":{"line":60,"column":0},"end":{"line":60,"column":60}},"61":{"start":{"line":62,"column":0},"end":{"line":62,"column":56}},"62":{"start":{"line":63,"column":0},"end":{"line":63,"column":19}},"63":{"start":{"line":64,"column":0},"end":{"line":64,"column":37}},"64":{"start":{"line":65,"column":0},"end":{"line":65,"column":30}},"65":{"start":{"line":66,"column":0},"end":{"line":66,"column":57}},"66":{"start":{"line":67,"column":0},"end":{"line":67,"column":19}},"67":{"start":{"line":68,"column":0},"end":{"line":68,"column":13}},"69":{"start":{"line":70,"column":0},"end":{"line":70,"column":21}},"70":{"start":{"line":71,"column":0},"end":{"line":71,"column":19}},"71":{"start":{"line":72,"column":0},"end":{"line":72,"column":38}},"72":{"start":{"line":73,"column":0},"end":{"line":73,"column":54}},"73":{"start":{"line":74,"column":0},"end":{"line":74,"column":45}},"74":{"start":{"line":75,"column":0},"end":{"line":75,"column":19}},"75":{"start":{"line":76,"column":0},"end":{"line":76,"column":13}},"77":{"start":{"line":78,"column":0},"end":{"line":78,"column":21}},"78":{"start":{"line":79,"column":0},"end":{"line":79,"column":19}},"79":{"start":{"line":80,"column":0},"end":{"line":80,"column":37}},"80":{"start":{"line":81,"column":0},"end":{"line":81,"column":20}},"81":{"start":{"line":82,"column":0},"end":{"line":82,"column":56}},"82":{"start":{"line":83,"column":0},"end":{"line":83,"column":45}},"83":{"start":{"line":84,"column":0},"end":{"line":84,"column":19}},"84":{"start":{"line":85,"column":0},"end":{"line":85,"column":13}},"86":{"start":{"line":87,"column":0},"end":{"line":87,"column":21}},"87":{"start":{"line":88,"column":0},"end":{"line":88,"column":18}},"90":{"start":{"line":91,"column":0},"end":{"line":91,"column":17}},"91":{"start":{"line":92,"column":0},"end":{"line":92,"column":35}},"92":{"start":{"line":93,"column":0},"end":{"line":93,"column":28}},"93":{"start":{"line":94,"column":0},"end":{"line":94,"column":30}},"94":{"start":{"line":95,"column":0},"end":{"line":95,"column":11}},"96":{"start":{"line":97,"column":0},"end":{"line":97,"column":19}},"97":{"start":{"line":98,"column":0},"end":{"line":98,"column":16}},"100":{"start":{"line":101,"column":0},"end":{"line":101,"column":22}},"101":{"start":{"line":102,"column":0},"end":{"line":102,"column":103}},"102":{"start":{"line":103,"column":0},"end":{"line":103,"column":56}},"103":{"start":{"line":104,"column":0},"end":{"line":104,"column":81}},"104":{"start":{"line":105,"column":0},"end":{"line":105,"column":19}},"105":{"start":{"line":106,"column":0},"end":{"line":106,"column":16}},"107":{"start":{"line":108,"column":0},"end":{"line":108,"column":12}},"110":{"start":{"line":111,"column":0},"end":{"line":111,"column":12}},"111":{"start":{"line":112,"column":0},"end":{"line":112,"column":20}},"112":{"start":{"line":113,"column":0},"end":{"line":113,"column":32}},"113":{"start":{"line":114,"column":0},"end":{"line":114,"column":27}},"114":{"start":{"line":115,"column":0},"end":{"line":115,"column":52}},"115":{"start":{"line":116,"column":0},"end":{"line":116,"column":21}},"116":{"start":{"line":117,"column":0},"end":{"line":117,"column":23}},"117":{"start":{"line":118,"column":0},"end":{"line":118,"column":40}},"119":{"start":{"line":120,"column":0},"end":{"line":120,"column":33}},"120":{"start":{"line":121,"column":0},"end":{"line":121,"column":14}},"123":{"start":{"line":124,"column":0},"end":{"line":124,"column":12}},"124":{"start":{"line":125,"column":0},"end":{"line":125,"column":20}},"125":{"start":{"line":126,"column":0},"end":{"line":126,"column":30}},"126":{"start":{"line":127,"column":0},"end":{"line":127,"column":25}},"127":{"start":{"line":128,"column":0},"end":{"line":128,"column":50}},"128":{"start":{"line":129,"column":0},"end":{"line":129,"column":21}},"129":{"start":{"line":130,"column":0},"end":{"line":130,"column":23}},"131":{"start":{"line":132,"column":0},"end":{"line":132,"column":39}},"132":{"start":{"line":133,"column":0},"end":{"line":133,"column":14}},"133":{"start":{"line":134,"column":0},"end":{"line":134,"column":7}},"135":{"start":{"line":136,"column":0},"end":{"line":136,"column":2}},"137":{"start":{"line":138,"column":0},"end":{"line":138,"column":28}}},"s":{"0":1,"1":1,"2":1,"10":1,"12":1,"23":1,"24":15,"25":15,"26":15,"27":15,"28":15,"29":15,"30":15,"31":15,"32":15,"33":15,"34":15,"36":15,"37":0,"38":0,"39":0,"41":15,"42":0,"43":0,"44":0,"46":15,"47":15,"48":15,"49":15,"50":15,"51":15,"52":15,"53":15,"54":15,"55":15,"56":15,"57":15,"59":15,"61":15,"62":15,"63":15,"64":15,"65":15,"66":15,"67":15,"69":15,"70":15,"71":15,"72":15,"73":15,"74":15,"75":15,"77":15,"78":15,"79":15,"80":15,"81":15,"82":15,"83":15,"84":15,"86":15,"87":15,"90":15,"91":15,"92":15,"93":15,"94":15,"96":15,"97":15,"100":15,"101":2,"102":2,"103":2,"104":2,"105":2,"107":15,"110":15,"111":15,"112":15,"113":15,"114":15,"115":15,"116":15,"117":15,"119":15,"120":15,"123":15,"124":15,"125":15,"126":15,"127":15,"128":15,"129":15,"131":15,"132":15,"133":15,"135":15,"137":1},"branchMap":{"0":{"type":"branch","line":24,"loc":{"start":{"line":24,"column":50},"end":{"line":136,"column":2}},"locations":[{"start":{"line":24,"column":50},"end":{"line":136,"column":2}}]},"1":{"type":"branch","line":54,"loc":{"start":{"line":54,"column":49},"end":{"line":54,"column":72}},"locations":[{"start":{"line":54,"column":49},"end":{"line":54,"column":72}}]},"2":{"type":"branch","line":66,"loc":{"start":{"line":66,"column":25},"end":{"line":66,"column":48}},"locations":[{"start":{"line":66,"column":25},"end":{"line":66,"column":48}}]},"3":{"type":"branch","line":66,"loc":{"start":{"line":66,"column":36},"end":{"line":66,"column":57}},"locations":[{"start":{"line":66,"column":36},"end":{"line":66,"column":57}}]},"4":{"type":"branch","line":101,"loc":{"start":{"line":101,"column":9},"end":{"line":106,"column":16}},"locations":[{"start":{"line":101,"column":9},"end":{"line":106,"column":16}}]},"5":{"type":"branch","line":104,"loc":{"start":{"line":104,"column":34},"end":{"line":104,"column":81}},"locations":[{"start":{"line":104,"column":34},"end":{"line":104,"column":81}}]},"6":{"type":"branch","line":55,"loc":{"start":{"line":55,"column":21},"end":{"line":55,"column":59}},"locations":[{"start":{"line":55,"column":21},"end":{"line":55,"column":59}}]},"7":{"type":"branch","line":73,"loc":{"start":{"line":73,"column":23},"end":{"line":73,"column":54}},"locations":[{"start":{"line":73,"column":23},"end":{"line":73,"column":54}}]},"8":{"type":"branch","line":82,"loc":{"start":{"line":82,"column":23},"end":{"line":82,"column":56}},"locations":[{"start":{"line":82,"column":23},"end":{"line":82,"column":56}}]}},"b":{"0":[15],"1":[0],"2":[2],"3":[2],"4":[2],"5":[0],"6":[1],"7":[1],"8":[1]},"fnMap":{"0":{"name":"GameControls","decl":{"start":{"line":24,"column":50},"end":{"line":136,"column":2}},"loc":{"start":{"line":24,"column":50},"end":{"line":136,"column":2}},"line":24},"1":{"name":"handleResign","decl":{"start":{"line":37,"column":23},"end":{"line":40,"column":4}},"loc":{"start":{"line":37,"column":23},"end":{"line":40,"column":4}},"line":37},"2":{"name":"handleDraw","decl":{"start":{"line":42,"column":21},"end":{"line":45,"column":4}},"loc":{"start":{"line":42,"column":21},"end":{"line":45,"column":4}},"line":42},"3":{"name":"onClick","decl":{"start":{"line":55,"column":21},"end":{"line":55,"column":59}},"loc":{"start":{"line":55,"column":21},"end":{"line":55,"column":59}},"line":55},"4":{"name":"onClick","decl":{"start":{"line":73,"column":23},"end":{"line":73,"column":54}},"loc":{"start":{"line":73,"column":23},"end":{"line":73,"column":54}},"line":73},"5":{"name":"onClick","decl":{"start":{"line":82,"column":23},"end":{"line":82,"column":56}},"loc":{"start":{"line":82,"column":23},"end":{"line":82,"column":56}},"line":82},"6":{"name":"onCancel","decl":{"start":{"line":115,"column":18},"end":{"line":115,"column":52}},"loc":{"start":{"line":115,"column":18},"end":{"line":115,"column":52}},"line":115},"7":{"name":"onCancel","decl":{"start":{"line":128,"column":18},"end":{"line":128,"column":50}},"loc":{"start":{"line":128,"column":18},"end":{"line":128,"column":50}},"line":128}},"f":{"0":15,"1":0,"2":0,"3":1,"4":1,"5":1,"6":0,"7":0}}
,"/Users/changsailong/.openclaw/workspace/projects/chinese-chess/src/frontend-user/src/components/game/index.ts": {"path":"/Users/changsailong/.openclaw/workspace/projects/chinese-chess/src/frontend-user/src/components/game/index.ts","all":false,"statementMap":{"0":{"start":{"line":1,"column":0},"end":{"line":1,"column":53}},"1":{"start":{"line":2,"column":0},"end":{"line":2,"column":53}},"2":{"start":{"line":3,"column":0},"end":{"line":3,"column":57}}},"s":{"0":1,"1":1,"2":1},"branchMap":{},"b":{},"fnMap":{},"f":{}}
,"/Users/changsailong/.openclaw/workspace/projects/chinese-chess/src/frontend-user/src/components/layout/Footer.tsx": {"path":"/Users/changsailong/.openclaw/workspace/projects/chinese-chess/src/frontend-user/src/components/layout/Footer.tsx","all":false,"statementMap":{"0":{"start":{"line":1,"column":0},"end":{"line":1,"column":26}},"1":{"start":{"line":2,"column":0},"end":{"line":2,"column":58}},"2":{"start":{"line":3,"column":0},"end":{"line":3,"column":8}},"7":{"start":{"line":8,"column":0},"end":{"line":8,"column":37}},"8":{"start":{"line":9,"column":0},"end":{"line":9,"column":34}},"10":{"start":{"line":11,"column":0},"end":{"line":11,"column":32}},"11":{"start":{"line":12,"column":0},"end":{"line":12,"column":10}},"12":{"start":{"line":13,"column":0},"end":{"line":13,"column":14}},"13":{"start":{"line":14,"column":0},"end":{"line":14,"column":14}},"14":{"start":{"line":15,"column":0},"end":{"line":15,"column":42}},"15":{"start":{"line":16,"column":0},"end":{"line":16,"column":26}},"16":{"start":{"line":17,"column":0},"end":{"line":17,"column":26}},"17":{"start":{"line":18,"column":0},"end":{"line":18,"column":8}},"19":{"start":{"line":20,"column":0},"end":{"line":20,"column":46}},"20":{"start":{"line":21,"column":0},"end":{"line":21,"column":63}},"22":{"start":{"line":23,"column":0},"end":{"line":23,"column":15}},"23":{"start":{"line":24,"column":0},"end":{"line":24,"column":89}},"24":{"start":{"line":25,"column":0},"end":{"line":25,"column":63}},"28":{"start":{"line":29,"column":0},"end":{"line":29,"column":19}},"29":{"start":{"line":30,"column":0},"end":{"line":30,"column":16}},"32":{"start":{"line":33,"column":0},"end":{"line":33,"column":15}},"33":{"start":{"line":34,"column":0},"end":{"line":34,"column":73}},"34":{"start":{"line":35,"column":0},"end":{"line":35,"column":53}},"35":{"start":{"line":36,"column":0},"end":{"line":36,"column":87}},"36":{"start":{"line":37,"column":0},"end":{"line":37,"column":97}},"37":{"start":{"line":38,"column":0},"end":{"line":38,"column":100}},"38":{"start":{"line":39,"column":0},"end":{"line":39,"column":99}},"39":{"start":{"line":40,"column":0},"end":{"line":40,"column":20}},"40":{"start":{"line":41,"column":0},"end":{"line":41,"column":16}},"43":{"start":{"line":44,"column":0},"end":{"line":44,"column":15}},"44":{"start":{"line":45,"column":0},"end":{"line":45,"column":73}},"45":{"start":{"line":46,"column":0},"end":{"line":46,"column":53}},"46":{"start":{"line":47,"column":0},"end":{"line":47,"column":88}},"47":{"start":{"line":48,"column":0},"end":{"line":48,"column":34}},"48":{"start":{"line":49,"column":0},"end":{"line":49,"column":104}},"50":{"start":{"line":51,"column":0},"end":{"line":51,"column":23}},"51":{"start":{"line":52,"column":0},"end":{"line":52,"column":20}},"52":{"start":{"line":53,"column":0},"end":{"line":53,"column":88}},"53":{"start":{"line":54,"column":0},"end":{"line":54,"column":32}},"54":{"start":{"line":55,"column":0},"end":{"line":55,"column":62}},"56":{"start":{"line":57,"column":0},"end":{"line":57,"column":23}},"57":{"start":{"line":58,"column":0},"end":{"line":58,"column":20}},"58":{"start":{"line":59,"column":0},"end":{"line":59,"column":20}},"59":{"start":{"line":60,"column":0},"end":{"line":60,"column":16}},"60":{"start":{"line":61,"column":0},"end":{"line":61,"column":14}},"62":{"start":{"line":63,"column":0},"end":{"line":63,"column":36}},"65":{"start":{"line":66,"column":0},"end":{"line":66,"column":86}},"66":{"start":{"line":67,"column":0},"end":{"line":67,"column":50}},"67":{"start":{"line":68,"column":0},"end":{"line":68,"column":68}},"68":{"start":{"line":69,"column":0},"end":{"line":69,"column":17}},"69":{"start":{"line":70,"column":0},"end":{"line":70,"column":30}},"70":{"start":{"line":71,"column":0},"end":{"line":71,"column":85}},"72":{"start":{"line":73,"column":0}
[...]
}]},"5":{"type":"branch","line":41,"loc":{"start":{"line":41,"column":23},"end":{"line":41,"column":68}},"locations":[{"start":{"line":41,"column":23},"end":{"line":41,"column":68}}]},"6":{"type":"branch","line":47,"loc":{"start":{"line":47,"column":27},"end":{"line":47,"column":84}},"locations":[{"start":{"line":47,"column":27},"end":{"line":47,"column":84}}]},"7":{"type":"branch","line":51,"loc":{"start":{"line":51,"column":13},"end":{"line":54,"column":8}},"locations":[{"start":{"line":51,"column":13},"end":{"line":54,"column":8}}]},"8":{"type":"branch","line":58,"loc":{"start":{"line":58,"column":18},"end":{"line":65,"column":9}},"locations":[{"start":{"line":58,"column":18},"end":{"line":65,"column":9}}]},"9":{"type":"branch","line":66,"loc":{"start":{"line":66,"column":26},"end":{"line":70,"column":8}},"locations":[{"start":{"line":66,"column":26},"end":{"line":70,"column":8}}]},"10":{"type":"branch","line":66,"loc":{"start":{"line":66,"column":32},"end":{"line":70,"column":8}},"locations":[{"start":{"line":66,"column":32},"end":{"line":70,"column":8}}]}},"b":{"0":[7],"1":[3],"2":[2],"3":[1],"4":[1],"5":[3],"6":[1],"7":[6],"8":[13],"9":[7],"10":[7]},"fnMap":{"0":{"name":"useSettingsStore.name","decl":{"start":{"line":28,"column":4},"end":{"line":55,"column":7}},"loc":{"start":{"line":28,"column":4},"end":{"line":55,"column":7}},"line":28},"1":{"name":"setTheme","decl":{"start":{"line":31,"column":16},"end":{"line":34,"column":8}},"loc":{"start":{"line":31,"column":16},"end":{"line":34,"column":8}},"line":31},"2":{"name":"toggleTheme","decl":{"start":{"line":36,"column":19},"end":{"line":39,"column":8}},"loc":{"start":{"line":36,"column":19},"end":{"line":39,"column":8}},"line":36},"3":{"name":"setSoundEnabled","decl":{"start":{"line":41,"column":23},"end":{"line":41,"column":68}},"loc":{"start":{"line":41,"column":23},"end":{"line":41,"column":68}},"line":41},"4":{"name":"setAnimationEnabled","decl":{"start":{"line":43,"column":27},"end":{"line":43,"column":76}},"loc":{"start":{"line":43,"column":27},"end":{"line":43,"column":76}},"line":43},"5":{"name":"setShowMoveHints","decl":{"start":{"line":45,"column":24},"end":{"line":45,"column":65}},"loc":{"start":{"line":45,"column":24},"end":{"line":45,"column":65}},"line":45},"6":{"name":"setBoardOrientation","decl":{"start":{"line":47,"column":27},"end":{"line":47,"column":84}},"loc":{"start":{"line":47,"column":27},"end":{"line":47,"column":84}},"line":47},"7":{"name":"setLanguage","decl":{"start":{"line":49,"column":19},"end":{"line":49,"column":51}},"loc":{"start":{"line":49,"column":19},"end":{"line":49,"column":51}},"line":49},"8":{"name":"reset","decl":{"start":{"line":51,"column":13},"end":{"line":54,"column":8}},"loc":{"start":{"line":51,"column":13},"end":{"line":54,"column":8}},"line":51},"9":{"name":"partialize","decl":{"start":{"line":58,"column":18},"end":{"line":65,"column":9}},"loc":{"start":{"line":58,"column":18},"end":{"line":65,"column":9}},"line":58},"10":{"name":"onRehydrateStorage","decl":{"start":{"line":66,"column":26},"end":{"line":70,"column":8}},"loc":{"start":{"line":66,"column":26},"end":{"line":70,"column":8}},"line":66}},"f":{"0":7,"1":3,"2":2,"3":3,"4":0,"5":0,"6":1,"7":0,"8":6,"9":13,"10":7}}
,"/Users/changsailong/.openclaw/workspace/projects/chinese-chess/src/frontend-user/src/types/index.ts": {"path":"/Users/changsailong/.openclaw/workspace/projects/chinese-chess/src/frontend-user/src/types/index.ts","all":true,"statementMap":{},"s":{},"branchMap":{"0":{"type":"branch","line":1,"loc":{"start":{"line":1,"column":4545},"end":{"line":252,"column":1}},"locations":[{"start":{"line":1,"column":4545},"end":{"line":252,"column":1}}]}},"b":{"0":[1]},"fnMap":{"0":{"name":"(empty-report)","decl":{"start":{"line":1,"column":4545},"end":{"line":252,"column":1}},"loc":{"start":{"line":1,"column":4545},"end":{"line":252,"column":1}},"line":1}},"f":{"0":1}}
,"/Users/changsailong/.openclaw/workspace/projects/chinese-chess/src/frontend-user/src/utils/fen.ts": {"path":"/Users/changsailong/.openclaw/workspace/projects/chinese-chess/src/frontend-user/src/utils/fen.ts","all":false,"statementMap":{"8":{"start":{"line":9,"column":0},"end":{"line":9,"column":72}},"9":{"start":{"line":10,"column":0},"end":{"line":10,"column":33}},"10":{"start":{"line":11,"column":0},"end":{"line":11,"column":36}},"11":{"start":{"line":12,"column":0},"end":{"line":12,"column":37}},"12":{"start":{"line":13,"column":0},"end":{"line":13,"column":34}},"13":{"start":{"line":14,"column":0},"end":{"line":14,"column":33}},"14":{"start":{"line":15,"column":0},"end":{"line":15,"column":35}},"15":{"start":{"line":16,"column":0},"end":{"line":16,"column":33}},"16":{"start":{"line":17,"column":0},"end":{"line":17,"column":2}},"19":{"start":{"line":20,"column":0},"end":{"line":20,"column":50}},"20":{"start":{"line":21,"column":0},"end":{"line":21,"column":27}},"21":{"start":{"line":22,"column":0},"end":{"line":22,"column":33}},"22":{"start":{"line":23,"column":0},"end":{"line":23,"column":35}},"23":{"start":{"line":24,"column":0},"end":{"line":24,"column":29}},"24":{"start":{"line":25,"column":0},"end":{"line":25,"column":27}},"25":{"start":{"line":26,"column":0},"end":{"line":26,"column":31}},"26":{"start":{"line":27,"column":0},"end":{"line":27,"column":27}},"27":{"start":{"line":28,"column":0},"end":{"line":28,"column":2}},"30":{"start":{"line":31,"column":0},"end":{"line":31,"column":60}},"37":{"start":{"line":38,"column":0},"end":{"line":38,"column":48}},"38":{"start":{"line":39,"column":0},"end":{"line":39,"column":29}},"39":{"start":{"line":40,"column":0},"end":{"line":40,"column":31}},"40":{"start":{"line":41,"column":0},"end":{"line":41,"column":29}},"41":{"start":{"line":42,"column":0},"end":{"line":42,"column":36}},"43":{"start":{"line":44,"column":0},"end":{"line":44,"column":36}},"44":{"start":{"line":45,"column":0},"end":{"line":45,"column":22}},"45":{"start":{"line":46,"column":0},"end":{"line":46,"column":29}},"46":{"start":{"line":47,"column":0},"end":{"line":47,"column":28}},"48":{"start":{"line":49,"column":0},"end":{"line":49,"column":36}},"49":{"start":{"line":50,"column":0},"end":{"line":50,"column":14}},"51":{"start":{"line":52,"column":0},"end":{"line":52,"column":50}},"52":{"start":{"line":53,"column":0},"end":{"line":53,"column":41}},"54":{"start":{"line":55,"column":0},"end":{"line":55,"column":19}},"55":{"start":{"line":56,"column":0},"end":{"line":56,"column":23}},"56":{"start":{"line":57,"column":0},"end":{"line":57,"column":17}},"57":{"start":{"line":58,"column":0},"end":{"line":58,"column":43}},"58":{"start":{"line":59,"column":0},"end":{"line":59,"column":60}},"59":{"start":{"line":60,"column":0},"end":{"line":60,"column":13}},"60":{"start":{"line":61,"column":0},"end":{"line":61,"column":9}},"61":{"start":{"line":62,"column":0},"end":{"line":62,"column":20}},"62":{"start":{"line":63,"column":0},"end":{"line":63,"column":7}},"63":{"start":{"line":64,"column":0},"end":{"line":64,"column":5}},"64":{"start":{"line":65,"column":0},"end":{"line":65,"column":5}},"66":{"start":{"line":67,"column":0},"end":{"line":67,"column":16}},"67":{"start":{"line":68,"column":0},"end":{"line":68,"column":1}},"74":{"start":{"line":75,"column":0},"end":{"line":75,"column":54}},"75":{"start":{"line":76,"column":0},"end":{"line":76,"column":78}},"78":{"start":{"line":79,"column":0},"end":{"line":79,"column":27}},"79":{"start":{"line":80,"column":0},"end":{"line":80,"column":66}},"80":{"start":{"line":81,"column":0},"end":{"line":81,"column":49}},"81":{"start":{"line":82,"column":0},"end":{"line":82,"column":54}},"82":{"start":{"line":83,"column":0},"end":{"line":83,"column":29}},"83":{"start":{"line":84,"column":0},"end":{"line":84,"column":5}},"86":{"start":{"line":87,"column":0},"end":{"line":87,"column":28}},"87":{"start":{"line":88,"column":0},"end":{"line":88,"column":41}},"88":{"start":{"line":89,"column":0},"end":{"line":89,"column":17}},"89":{"start":{"line":90,"column":0},"end":{"line":90,"column":23}},"91":{"start":{"line":92,"column":0},"end":{"line":92,"column":42}},"92":{"start":{"line":93,"column":0},"end":{"line":93,"column":37}},"93":{"start":{"line":94,"column":0},"end":{"line":94,"column":24}},"94":{"start":{"line":95,"column":0},"end":{"line":95,"column":21}},"95":{"start":{"line":96,"column":0},"end":{"line":96,"column":14}},"96":{"start":{"line":97,"column":0},"end":{"line":97,"column":29}},"97":{"start":{"line":98,"column":0},"end":{"line":98,"column":28}},"98":{"start":{"line":99,"column":0},"end":{"line":99,"column":25}},"99":{"start":{"line":100,"column":0},"end":{"line":100,"column":9}},"100":{"start":{"line":101,"column":0},"end":{"line":101,"column":20}},"101":{"start":{"line":102,"column":0},"end":{"line":102,"column":7}},"102":{"start":{"line":103,"column":0},"end":{"line":103,"column":5}},"104":{"start":{"line":105,"column":0},"end":{"line":105,"column":25}},"105":{"start":{"line":106,"column":0},"end":{"line":106,"column":24}},"106":{"start":{"line":107,"column":0},"end":{"line":107,"column":5}},"108":{"start":{"line":109,"column":0},"end":{"line":109,"column":19}},"109":{"start":{"line":110,"column":0},"end":{"line":110,"column":3}},"111":{"start":{"line":112,"column":0},"end":{"line":112,"column":24}},"112":{"start":{"line":113,"column":0},"end":{"line":113,"column":1}},"119":{"start":{"line":120,"column":0},"end":{"line":120,"column":63}},"120":{"start":{"line":121,"column":0},"end":{"line":121,"column":31}},"121":{"start":{"line":122,"column":0},"end":{"line":122,"column":50}},"122":{"start":{"line":123,"column":0},"end":{"line":123,"column":31}},"124":{"start":{"line":125,"column":0},"end":{"line":125,"column":10}},"125":{"start":{"line":126,"column":0},"end":{"line":126,"column":8}},"126":{"start":{"line":127,"column":0},"end":{"line":127,"column":9}},"127":{"start":{"line":128,"column":0},"end":{"line":128,"column":11}},"128":{"start":{"line":129,"column":0},"end":{"line":129,"column":20}},"129":{"start":{"line":130,"column":0},"end":{"line":130,"column":21}},"130":{"start":{"line":131,"column":0},"end":{"line":131,"column":4}},"131":{"start":{"line":132,"column":0},"end":{"line":132,"column":1}},"136":{"start":{"line":137,"column":0},"end":{"line":137,"column":99}},"143":{"start":{"line":144,"column":0},"end":{"line":144,"column":59}},"144":{"start":{"line":145,"column":0},"end":{"line":145,"column":68}},"145":{"start":{"line":146,"column":0},"end":{"line":146,"column":35}},"146":{"start":{"line":147,"column":0},"end":{"line":147,"column":38}},"147":{"start":{"line":148,"column":0},"end":{"line":148,"column":39}},"148":{"start":{"line":149,"column":0},"end":{"line":149,"column":36}},"149":{"start":{"line":150,"column":0},"end":{"line":150,"column":35}},"150":{"start":{"line":151,"column":0},"end":{"line":151,"column":37}},"151":{"start":{"line":152,"column":0},"end":{"line":152,"column":35}},"152":{"start":{"line":153,"column":0},"end":{"line":153,"column":4}},"154":{"start":{"line":155,"column":0},"end":{"line":155,"column":40}},"155":{"start":{"line":156,"column":0},"end":{"line":156,"column":1}},"162":{"start":{"line":163,"column":0},"end":{"line":163,"column":60}},"163":{"start":{"line":164,"column":0},"end":{"line":164,"column":42}},"165":{"start":{"line":166,"column":0},"end":{"line":166,"column":27}},"166":{"start":{"line":167,"column":0},"end":{"line":167,"column":37}},"168":{"start":{"line":169,"column":0},"end":{"line":169,"column":62}},"169":{"start":{"line":170,"column":0},"end":{"line":170,"column":1}},"176":{"start":{"line":177,"column":0},"end":{"line":177,"column":70}},"177":{"start":{"line":178,"column":0},"end":{"line":178,"column":58}},"178":{"start":{"line":179,"column":0},"end":{"line":179,"column":37}},"179":{"start":{"line":180,"column":0},"end":{"line":180,"column":22}},"180":{"start":{"line":181,"column":0},"end":{"line":181,"column":1}},"188":{"start":{"line":189,"column":0},"end":{"line":189,"column":70}},"189":{"start":{"line":190,"column":0},"end":{"line":190,"column":67}},"190":{"start":{"line":191,"column":0},"end":{"line":191,"column":1}}},"s":{"8":1,"9":1,"10":1,"11":1,"12":1,"13":1,"14":1,"15":1,"16":1,"19":1,"20":1,"21":1,"22":1,"23":1,"24":1,"25":1,"26":1,"27":1,"30":1,"37":1,"38":3,"39":3,"40":3,"41":3,"43":3,"44":30,"45":30,"46":150,"48":54,"49":150,"51":96,"52":96,"54":96,"55":96,"56":96,"57":96,"58":96,"59":96,"60":96,"61":96,"62":96,"63":150,"64":3,"66":3,"67":3,"74":1,"75":1,"78":1,"79":32,"80":32,"81":32,"82":32,"83":1,"86":1,"87":1,"88":10,"89":10,"91":10,"92":90,"93":90,"94":58,"95":90,"96":32,"97":12,"98":12,"99":12,"100":32,"101":32,"102":90,"104":10,"105":6,"106":6,"108":10,"109":10,"111":1,"112":1,"119":1,"120":1,"121":1,"122":1,"124":1,"125":1,"126":1,"127":1,"128":1,"129":1,"130":1,"131":1,"136":1,"143":1,"144":4,"145":4,"146":4,"147":4,"148":4,"149":4,"150":4,"151":4,"152":4,"154":4,"155":4,"162":1,"163":6,"165":4,"166":4,"168":6,"169":6,"176":1,"177":1,"178":1,"179":1,"180":1,"188":1,"189":3,"190":3},"branchMap":{"0":{"type":"branch","line":38,"loc":{"start":{"line":38,"column":7},"end":{"line":68,"column":1}},"locations":[{"start":{"line":38,"column":7},"end":{"line":68,"column":1}}]},"1":{"type":"branch","line":44,"loc":{"start":{"line":44,"column":15},"end":{"line":65,"column":3}},"locations":[{"start":{"line":44,"column":15},"end":{"line":65,"column":3}}]},"2":{"type":"branch","line":46,"loc":{"start":{"line":46,"column":28},"end":{"line":64,"column":5}},"locations":[{"start":{"line":46,"column":28},"end":{"line":64,"column":5}}]},"3":{"type":"branch","line":47,"loc":{"start":{"line":47,"column":27},"end":{"line":50,"column":13}},"locations":[{"start":{"line":47,"column":27},"end":{"line":50,"column":13}}]},"4":{"type":"branch","line":50,"loc":{"start":{"line":50,"column":6},"end":{"line":63,"column":7}},"locations":[{"start":{"line":50,"column":6},"end":{"line":63,"column":7}}]},"5":{"type":"branch","line":58,"loc":{"start":{"line":58,"column":19},"end":{"line":58,"column":35}},"locations":[{"start":{"line":58,"column":19},"end":{"line":58,"column":35}}]},"6":{"type":"branch","line":58,"loc":{"start":{"line":58,"column":27},"end":{"line":58,"column":43}},"locations":[{"start":{"line":58,"column":27},"end":{"line":58,"column":43}}]},"7":{"type":"branch","line":75,"loc":{"start":{"line":75,"column":7},"end":{"line":113,"column":1}},"locations":[{"start":{"line":75,"column":7},"end":{"line":113,"column":1}}]},"8":{"type":"branch","line":88,"loc":{"start":{"line":88,"column":40},"end":{"line":110,"column":3}},"locations":[{"start":{"line":88,"column":40},"end":{"line":110,"column":3}}]},"9":{"type":"branch","line":92,"loc":{"start":{"line":92,"column":41},"end":{"line":103,"column":5}},"locations":[{"start":{"line":92,"column":41},"end":{"line":103,"column":5}}]},"10":{"type":"branch","line":94,"loc":{"start":{"line":94,"column":23},"end":{"line":96,"column":13}},"locations":[{"start":{"line":94,"column":23},"end":{"line":96,"column":13}}]},"11":{"type":"branch","line":96,"loc":{"start":{"line":96,"column":6},"end":{"line":102,"column":7}},"locations":[{"start":{"line":96,"column":6},"end":{"line":102,"column":7}}]},"12":{"type":"branch","line":97,"loc":{"start":{"line":97,"column":28},"end":{"line":100,"column":9}},"locations":[{"start":{"line":97,"column":28},"end":{"line":100,"column":9}}]},"13":{"type":"branch","line":105,"loc":{"start":{"line":105,"column":24},"end":{"line":107,"column":5}},"locations":[{"start":{"line":105,"column":24},"end":{"line":107,"column":5}}]},"14":{"type":"branch","line":76,"loc":{"start":{"line":76,"column":53},"end":{"line":76,"column":76}},"locations":[{"start":{"line":76,"column":53},"end":{"line":76,"column":76}}]},"15":{"type":"branch","line":79,"loc":{"start":{"line":79,"column":17},"end":{"line":84,"column":3}},"locations":[{"start":{"line":79,"column":17},"end":{"line":84,"column":3}}]},"16":{"type":"branch","line":120,"loc":{"start":{"line":120,"column":7},"end":{"line":132,"column":1}},"locations":[{"start":{"line":120,"column":7},"end":{"line":132,"column":1}}]},"17":{"type":"branch","line":122,"loc":{"start":{"line":122,"column":34},"end":{"line":122,"column":50}},"locations":[{"start":{"line":122,"column":34},"end":{"line":122,"column":50}}]},"18":{"type":"branch","line":144,"loc":{"start":{"line":144,"column":7},"end":{"line":156,"column":1}},"locations":[{"start":{"line":144,"column":7},"end":{"line":156,"column":1}}]},"19":{"type":"branch","line":163,"loc":{"start":{"line":163,"column":7},"end":{"line":170,"column":1}},"locations":[{"start":{"line":163,"column":7},"end":{"line":170,"column":1}}]},"20":{"type":"branch","line":164,"loc":{"start":{"line":164,"column":29},"end":{"line":164,"column":42}},"locations":[{"start":{"line":164,"column":29},"end":{"line":164,"column":42}}]},"21":{"type":"branch","line":164,"loc":{"start":{"line":164,"column":36},"end":{"line":169,"column":39}},"locations":[{"start":{"line":164,"column":36},"end":{"line":169,"column":39}}]},"22":{"type":"branch","line":169,"loc":{"start":{"line":169,"column":32},"end":{"line":169,"column":52}},"locations":[{"start":{"line":169,"column":32},"end":{"line":169,"column":52}}]},"23":{"type":"branch","line":169,"loc":{"start":{"line":169,"column":47},"end":{"line":169,"column":62}},"locations":[{"start":{"line":169,"column":47},"end":{"line":169,"column":62}}]},"24":{"type":"branch","line":177,"loc":{"start":{"line":177,"column":7},"end":{"line":181,"column":1}},"locations":[{"start":{"line":177,"column":7},"end":{"line":181,"column":1}}]},"25":{"type":"branch","line":189,"loc":{"start":{"line":189,"column":7},"end":{"line":191,"column":1}},"locations":[{"start":{"line":189,"column":7},"end":{"line":191,"column":1}}]}},"b":{"0":[3],"1":[30],"2":[150],"3":[54],"4":[96],"5":[48],"6":[48],"7":[1],"8":[10],"9":[90],"10":[58],"11":[32],"12":[12],"13":[6],"14":[10],"15":[32],"16":[1],"17":[0],"18":[4],"19":[6],"20":[2],"21":[4],"22":[3],"23":[3],"24":[1],"25":[3]},"fnMap":{"0":{"name":"parseFen","decl":{"start":{"line":38,"column":7},"end":{"line":68,"column":1}},"loc":{"start":{"line":38,"column":7},"end":{"line":68,"column":1}},"line":38},"1":{"name":"generateFen","decl":{"start":{"line":75,"column":7},"end":{"line":113,"column":1}},"loc":{"start":{"line":75,"column":7},"end":{"line":113,"column":1}},"line":75},"2":{"name":"parseFenToBoardState","decl":{"start":{"line":120,"column":7},"end":{"line":132,"column":1}},"loc":{"start":{"line":120,"column":7},"end":{"line":132,"column":1}},"line":120},"3":{"name":"getPieceChineseName","decl":{"start":{"line":144,"column":7},"end":{"line":156,"column":1}},"loc":{"start":{"line":144,"column":7},"end":{"line":156,"column":1}},"line":144},"4":{"name":"isValidPosition","decl":{"start":{"line":163,"column":7},"end":{"line":170,"column":1}},"loc":{"start":{"line":163,"column":7},"end":{"line":170,"column":1}},"line":163},"5":{"name":"positionToCoords","decl":{"start":{"line":177,"column":7},"end":{"line":181,"column":1}},"loc":{"start":{"line":177,"column":7},"end":{"line":181,"column":1}},"line":177},"6":{"name":"coordsToPosition","decl":{"start":{"line":189,"column":7},"end":{"line":191,"column":1}},"loc":{"start":{"line":189,"column":7},"end":{"line":191,"column":1}},"line":189}},"f":{"0":3,"1":1,"2":1,"3":4,"4":6,"5":1,"6":3}}
,"/Users/changsailong/.openclaw/workspace/projects/chinese-chess/src/frontend-user/src/utils/index.ts": {"path":"/Users/changsailong/.openclaw/workspace/projects/chinese-chess/src/frontend-user/src/utils/index.ts","all":true,"statementMap":{"0":{"start":{"line":1,"column":0},"end":{"line":1,"column":22}}},"s":{"0":0},"branchMap":{"0":{"type":"branch","line":1,"loc":{"start":{"line":1,"column":0},"end":{"line":1,"column":22}},"locations":[{"start":{"line":1,"column":0},"end":{"line":1,"column":22}}]}},"b":{"0":[0]},"fnMap":{"0":{"name":"(empty-report)","decl":{"start":{"line":1,"column":0},"end":{"line":1,"column":22}},"loc":{"start":{"line":1,"column":0},"end":{"line":1,"column":22}},"line":1}},"f":{"0":0}}
}
